[0.261s] Invoking command in '/home/ws/build/ros_gz_example_application': CMAKE_PREFIX_PATH=${CMAKE_PREFIX_PATH}:/opt/ros/humble /usr/bin/cmake /home/ws/ros_gz_example_application -DCMAKE_INSTALL_PREFIX=/home/ws/install/ros_gz_example_application
[0.368s] -- Found ament_cmake: 1.3.11 (/opt/ros/humble/share/ament_cmake/cmake)
[1.162s] -- Configuring done
[1.566s] -- Generating done
[1.949s] -- Build files have been written to: /home/ws/build/ros_gz_example_application
[1.958s] Invoked command in '/home/ws/build/ros_gz_example_application' returned '0': CMAKE_PREFIX_PATH=${CMAKE_PREFIX_PATH}:/opt/ros/humble /usr/bin/cmake /home/ws/ros_gz_example_application -DCMAKE_INSTALL_PREFIX=/home/ws/install/ros_gz_example_application
[1.995s] Invoking command in '/home/ws/build/ros_gz_example_application': CMAKE_PREFIX_PATH=${CMAKE_PREFIX_PATH}:/opt/ros/humble /usr/bin/cmake --build /home/ws/build/ros_gz_example_application -- -j12 -l12
[2.121s] Invoked command in '/home/ws/build/ros_gz_example_application' returned '0': CMAKE_PREFIX_PATH=${CMAKE_PREFIX_PATH}:/opt/ros/humble /usr/bin/cmake --build /home/ws/build/ros_gz_example_application -- -j12 -l12
[2.159s] Invoking command in '/home/ws/build/ros_gz_example_application': CMAKE_PREFIX_PATH=${CMAKE_PREFIX_PATH}:/opt/ros/humble /usr/bin/cmake --install /home/ws/build/ros_gz_example_application
[2.170s] -- Install configuration: ""
[2.196s] -- Installing: /home/ws/install/ros_gz_example_application/share/ament_index/resource_index/package_run_dependencies/ros_gz_example_application
[2.321s] -- Installing: /home/ws/install/ros_gz_example_application/share/ament_index/resource_index/parent_prefix_path/ros_gz_example_application
[2.427s] -- Installing: /home/ws/install/ros_gz_example_application/share/ros_gz_example_application/environment/ament_prefix_path.sh
[2.502s] -- Installing: /home/ws/install/ros_gz_example_application/share/ros_gz_example_application/environment/ament_prefix_path.dsv
[2.584s] -- Installing: /home/ws/install/ros_gz_example_application/share/ros_gz_example_application/environment/path.sh
[2.663s] -- Installing: /home/ws/install/ros_gz_example_application/share/ros_gz_example_application/environment/path.dsv
[2.745s] -- Installing: /home/ws/install/ros_gz_example_application/share/ros_gz_example_application/local_setup.bash
[2.812s] -- Installing: /home/ws/install/ros_gz_example_application/share/ros_gz_example_application/local_setup.sh
[2.889s] -- Installing: /home/ws/install/ros_gz_example_application/share/ros_gz_example_application/local_setup.zsh
[2.957s] -- Installing: /home/ws/install/ros_gz_example_application/share/ros_gz_example_application/local_setup.dsv
[3.018s] -- Installing: /home/ws/install/ros_gz_example_application/share/ros_gz_example_application/package.dsv
[3.092s] -- Installing: /home/ws/install/ros_gz_example_application/share/ament_index/resource_index/packages/ros_gz_example_application
[3.184s] -- Installing: /home/ws/install/ros_gz_example_application/share/ros_gz_example_application/cmake/ros_gz_example_applicationConfig.cmake
[3.260s] -- Installing: /home/ws/install/ros_gz_example_application/share/ros_gz_example_application/cmake/ros_gz_example_applicationConfig-version.cmake
[3.328s] -- Installing: /home/ws/install/ros_gz_example_application/share/ros_gz_example_application/package.xml
[3.378s] Invoked command in '/home/ws/build/ros_gz_example_application' returned '0': CMAKE_PREFIX_PATH=${CMAKE_PREFIX_PATH}:/opt/ros/humble /usr/bin/cmake --install /home/ws/build/ros_gz_example_application
