[0.061s] Invoking command in '/home/brian/neptr2_ws/build/neptr_desc': CMAKE_PREFIX_PATH=${CMAKE_PREFIX_PATH}:/home/brian/ws_moveit/install/moveit_configs_utils:/home/brian/ws_moveit/install/launch_param_builder:/opt/ros/humble /usr/bin/cmake --build /home/brian/neptr2_ws/build/neptr_desc -- -j12 -l12
[0.266s] Invoked command in '/home/brian/neptr2_ws/build/neptr_desc' returned '0': CMAKE_PREFIX_PATH=${CMAKE_PREFIX_PATH}:/home/brian/ws_moveit/install/moveit_configs_utils:/home/brian/ws_moveit/install/launch_param_builder:/opt/ros/humble /usr/bin/cmake --build /home/brian/neptr2_ws/build/neptr_desc -- -j12 -l12
[0.278s] Invoking command in '/home/brian/neptr2_ws/build/neptr_desc': CMAKE_PREFIX_PATH=${CMAKE_PREFIX_PATH}:/home/brian/ws_moveit/install/moveit_configs_utils:/home/brian/ws_moveit/install/launch_param_builder:/opt/ros/humble /usr/bin/cmake --install /home/brian/neptr2_ws/build/neptr_desc
[0.300s] -- Install configuration: ""
[0.308s] -- Up-to-date: /home/brian/neptr2_ws/install/neptr_desc/share/ament_index/resource_index/package_run_dependencies/neptr_desc
[0.308s] -- Up-to-date: /home/brian/neptr2_ws/install/neptr_desc/share/ament_index/resource_index/parent_prefix_path/neptr_desc
[0.308s] -- Up-to-date: /home/brian/neptr2_ws/install/neptr_desc/share/neptr_desc/environment/ament_prefix_path.sh
[0.308s] -- Up-to-date: /home/brian/neptr2_ws/install/neptr_desc/share/neptr_desc/environment/ament_prefix_path.dsv
[0.308s] -- Up-to-date: /home/brian/neptr2_ws/install/neptr_desc/share/neptr_desc/environment/path.sh
[0.308s] -- Up-to-date: /home/brian/neptr2_ws/install/neptr_desc/share/neptr_desc/environment/path.dsv
[0.309s] -- Up-to-date: /home/brian/neptr2_ws/install/neptr_desc/share/neptr_desc/local_setup.bash
[0.309s] -- Up-to-date: /home/brian/neptr2_ws/install/neptr_desc/share/neptr_desc/local_setup.sh
[0.309s] -- Up-to-date: /home/brian/neptr2_ws/install/neptr_desc/share/neptr_desc/local_setup.zsh
[0.309s] -- Up-to-date: /home/brian/neptr2_ws/install/neptr_desc/share/neptr_desc/local_setup.dsv
[0.309s] -- Up-to-date: /home/brian/neptr2_ws/install/neptr_desc/share/neptr_desc/package.dsv
[0.309s] -- Up-to-date: /home/brian/neptr2_ws/install/neptr_desc/share/ament_index/resource_index/packages/neptr_desc
[0.309s] -- Up-to-date: /home/brian/neptr2_ws/install/neptr_desc/share/neptr_desc/cmake/neptr_descConfig.cmake
[0.309s] -- Up-to-date: /home/brian/neptr2_ws/install/neptr_desc/share/neptr_desc/cmake/neptr_descConfig-version.cmake
[0.309s] -- Up-to-date: /home/brian/neptr2_ws/install/neptr_desc/share/neptr_desc/package.xml
[0.310s] Invoked command in '/home/brian/neptr2_ws/build/neptr_desc' returned '0': CMAKE_PREFIX_PATH=${CMAKE_PREFIX_PATH}:/home/brian/ws_moveit/install/moveit_configs_utils:/home/brian/ws_moveit/install/launch_param_builder:/opt/ros/humble /usr/bin/cmake --install /home/brian/neptr2_ws/build/neptr_desc
