[0.063s] Invoking command in '/home/ws/build/ros_gz_example_description': CMAKE_PREFIX_PATH=/opt/ros/humble /usr/bin/cmake /home/ws/ros_gz_example_description -DBUILD_TESTING=ON -DCMAKE_INSTALL_PREFIX=/home/ws/install/ros_gz_example_description
[0.390s] -- The C compiler identification is GNU 11.4.0
[0.621s] -- The CXX compiler identification is GNU 11.4.0
[0.667s] -- Detecting C compiler ABI info
[1.143s] -- Detecting C compiler ABI info - done
[1.169s] -- Check for working C compiler: /usr/bin/cc - skipped
[1.170s] -- Detecting C compile features
[1.171s] -- Detecting C compile features - done
[1.217s] -- Detecting CXX compiler ABI info
[1.798s] -- Detecting CXX compiler ABI info - done
[1.828s] -- Check for working CXX compiler: /usr/bin/c++ - skipped
[1.829s] -- Detecting CXX compile features
[1.830s] -- Detecting CXX compile features - done
[1.889s] -- Found ament_cmake: 1.3.11 (/opt/ros/humble/share/ament_cmake/cmake)
[2.016s] -- Found Python3: /usr/bin/python3 (found version "3.10.12") found components: Interpreter 
[2.221s] -- Found ament_lint_auto: 0.12.11 (/opt/ros/humble/share/ament_lint_auto/cmake)
[2.893s] -- Configuring done
[3.120s] -- Generating done
[3.281s] -- Build files have been written to: /home/ws/build/ros_gz_example_description
[3.283s] Invoked command in '/home/ws/build/ros_gz_example_description' returned '0': CMAKE_PREFIX_PATH=/opt/ros/humble /usr/bin/cmake /home/ws/ros_gz_example_description -DBUILD_TESTING=ON -DCMAKE_INSTALL_PREFIX=/home/ws/install/ros_gz_example_description
[3.294s] Invoking command in '/home/ws/build/ros_gz_example_description': CMAKE_PREFIX_PATH=/opt/ros/humble /usr/bin/cmake --build /home/ws/build/ros_gz_example_description -- -j12 -l12
[3.416s] Invoked command in '/home/ws/build/ros_gz_example_description' returned '0': CMAKE_PREFIX_PATH=/opt/ros/humble /usr/bin/cmake --build /home/ws/build/ros_gz_example_description -- -j12 -l12
[3.436s] Invoking command in '/home/ws/build/ros_gz_example_description': CMAKE_PREFIX_PATH=/opt/ros/humble /usr/bin/cmake --install /home/ws/build/ros_gz_example_description
[3.446s] -- Install configuration: ""
[3.450s] -- Installing: /home/ws/install/ros_gz_example_description/share/ros_gz_example_description/models
[3.471s] -- Installing: /home/ws/install/ros_gz_example_description/share/ros_gz_example_description/models/diff_drive
[3.501s] -- Installing: /home/ws/install/ros_gz_example_description/share/ros_gz_example_description/models/diff_drive/model.config
[3.578s] -- Installing: /home/ws/install/ros_gz_example_description/share/ros_gz_example_description/models/diff_drive/model.sdf
[3.643s] -- Installing: /home/ws/install/ros_gz_example_description/share/ros_gz_example_description/models/rrbot
[3.667s] -- Installing: /home/ws/install/ros_gz_example_description/share/ros_gz_example_description/models/rrbot/model.sdf
[3.739s] -- Installing: /home/ws/install/ros_gz_example_description/share/ros_gz_example_description/environment/ros_gz_example_description.dsv
[3.798s] -- Installing: /home/ws/install/ros_gz_example_description/share/ros_gz_example_description/environment/ros_gz_example_description.sh
[3.880s] -- Installing: /home/ws/install/ros_gz_example_description/share/ament_index/resource_index/package_run_dependencies/ros_gz_example_description
[4.051s] -- Installing: /home/ws/install/ros_gz_example_description/share/ament_index/resource_index/parent_prefix_path/ros_gz_example_description
[4.126s] -- Installing: /home/ws/install/ros_gz_example_description/share/ros_gz_example_description/environment/ament_prefix_path.sh
[4.183s] -- Installing: /home/ws/install/ros_gz_example_description/share/ros_gz_example_description/environment/ament_prefix_path.dsv
[4.244s] -- Installing: /home/ws/install/ros_gz_example_description/share/ros_gz_example_description/environment/path.sh
[4.305s] -- Installing: /home/ws/install/ros_gz_example_description/share/ros_gz_example_description/environment/path.dsv
[4.371s] -- Installing: /home/ws/install/ros_gz_example_description/share/ros_gz_example_description/local_setup.bash
[4.428s] -- Installing: /home/ws/install/ros_gz_example_description/share/ros_gz_example_description/local_setup.sh
[4.479s] -- Installing: /home/ws/install/ros_gz_example_description/share/ros_gz_example_description/local_setup.zsh
[4.536s] -- Installing: /home/ws/install/ros_gz_example_description/share/ros_gz_example_description/local_setup.dsv
[4.586s] -- Installing: /home/ws/install/ros_gz_example_description/share/ros_gz_example_description/package.dsv
[4.660s] -- Installing: /home/ws/install/ros_gz_example_description/share/ament_index/resource_index/packages/ros_gz_example_description
[4.737s] -- Installing: /home/ws/install/ros_gz_example_description/share/ros_gz_example_description/cmake/ros_gz_example_descriptionConfig.cmake
[4.786s] -- Installing: /home/ws/install/ros_gz_example_description/share/ros_gz_example_description/cmake/ros_gz_example_descriptionConfig-version.cmake
[4.840s] -- Installing: /home/ws/install/ros_gz_example_description/share/ros_gz_example_description/package.xml
[4.889s] Invoked command in '/home/ws/build/ros_gz_example_description' returned '0': CMAKE_PREFIX_PATH=/opt/ros/humble /usr/bin/cmake --install /home/ws/build/ros_gz_example_description
