[0.126s] Invoking command in '/home/ws/build/ros_gz_example_application': CMAKE_PREFIX_PATH=${CMAKE_PREFIX_PATH}:/opt/ros/humble /usr/bin/cmake --build /home/ws/build/ros_gz_example_application -- -j12 -l12
[0.205s] Invoked command in '/home/ws/build/ros_gz_example_application' returned '0': CMAKE_PREFIX_PATH=${CMAKE_PREFIX_PATH}:/opt/ros/humble /usr/bin/cmake --build /home/ws/build/ros_gz_example_application -- -j12 -l12
[0.224s] Invoking command in '/home/ws/build/ros_gz_example_application': CMAKE_PREFIX_PATH=${CMAKE_PREFIX_PATH}:/opt/ros/humble /usr/bin/cmake --install /home/ws/build/ros_gz_example_application
[0.233s] -- Install configuration: ""
[0.243s] -- Execute custom install script
[0.297s] -- Up-to-date symlink: /home/ws/install/ros_gz_example_application/share/ament_index/resource_index/package_run_dependencies/ros_gz_example_application
[0.341s] -- Up-to-date symlink: /home/ws/install/ros_gz_example_application/share/ament_index/resource_index/parent_prefix_path/ros_gz_example_application
[0.358s] -- Up-to-date symlink: /home/ws/install/ros_gz_example_application/share/ros_gz_example_application/environment/ament_prefix_path.sh
[0.377s] -- Up-to-date symlink: /home/ws/install/ros_gz_example_application/share/ros_gz_example_application/environment/ament_prefix_path.dsv
[0.391s] -- Up-to-date symlink: /home/ws/install/ros_gz_example_application/share/ros_gz_example_application/environment/path.sh
[0.409s] -- Up-to-date symlink: /home/ws/install/ros_gz_example_application/share/ros_gz_example_application/environment/path.dsv
[0.422s] -- Up-to-date symlink: /home/ws/install/ros_gz_example_application/share/ros_gz_example_application/local_setup.bash
[0.438s] -- Up-to-date symlink: /home/ws/install/ros_gz_example_application/share/ros_gz_example_application/local_setup.sh
[0.454s] -- Up-to-date symlink: /home/ws/install/ros_gz_example_application/share/ros_gz_example_application/local_setup.zsh
[0.471s] -- Up-to-date symlink: /home/ws/install/ros_gz_example_application/share/ros_gz_example_application/local_setup.dsv
[0.479s] -- Symlinking: /home/ws/install/ros_gz_example_application/share/ros_gz_example_application/package.dsv
[0.543s] -- Up-to-date symlink: /home/ws/install/ros_gz_example_application/share/ament_index/resource_index/packages/ros_gz_example_application
[0.562s] -- Up-to-date symlink: /home/ws/install/ros_gz_example_application/share/ros_gz_example_application/cmake/ros_gz_example_applicationConfig.cmake
[0.578s] -- Up-to-date symlink: /home/ws/install/ros_gz_example_application/share/ros_gz_example_application/cmake/ros_gz_example_applicationConfig-version.cmake
[0.594s] -- Up-to-date symlink: /home/ws/install/ros_gz_example_application/share/ros_gz_example_application/package.xml
[0.599s] Invoked command in '/home/ws/build/ros_gz_example_application' returned '0': CMAKE_PREFIX_PATH=${CMAKE_PREFIX_PATH}:/opt/ros/humble /usr/bin/cmake --install /home/ws/build/ros_gz_example_application
