[0.186s] Invoking command in '/home/ws/build/ros_gz_example_bringup': CMAKE_PREFIX_PATH=/home/ws/install/ros_gz_example_gazebo:/home/ws/install/ros_gz_example_description:/home/ws/install/ros_gz_example_bringup:/home/ws/install/ros_gz_example_application:/opt/ros/humble GZ_SIM_PLUGIN_PATH=/home/ws/install/ros_gz_example_gazebo/lib/ros_gz_example_gazebo GZ_SIM_RESOURCE_PATH=/home/ws/install/ros_gz_example_description/share/ros_gz_example_description/models:${GZ_SIM_RESOURCE_PATH} /usr/bin/cmake --build /home/ws/build/ros_gz_example_bringup -- -j12 -l12
[0.284s] Invoked command in '/home/ws/build/ros_gz_example_bringup' returned '0': CMAKE_PREFIX_PATH=/home/ws/install/ros_gz_example_gazebo:/home/ws/install/ros_gz_example_description:/home/ws/install/ros_gz_example_bringup:/home/ws/install/ros_gz_example_application:/opt/ros/humble GZ_SIM_PLUGIN_PATH=/home/ws/install/ros_gz_example_gazebo/lib/ros_gz_example_gazebo GZ_SIM_RESOURCE_PATH=/home/ws/install/ros_gz_example_description/share/ros_gz_example_description/models:${GZ_SIM_RESOURCE_PATH} /usr/bin/cmake --build /home/ws/build/ros_gz_example_bringup -- -j12 -l12
[0.304s] Invoking command in '/home/ws/build/ros_gz_example_bringup': CMAKE_PREFIX_PATH=/home/ws/install/ros_gz_example_gazebo:/home/ws/install/ros_gz_example_description:/home/ws/install/ros_gz_example_bringup:/home/ws/install/ros_gz_example_application:/opt/ros/humble GZ_SIM_PLUGIN_PATH=/home/ws/install/ros_gz_example_gazebo/lib/ros_gz_example_gazebo GZ_SIM_RESOURCE_PATH=/home/ws/install/ros_gz_example_description/share/ros_gz_example_description/models:${GZ_SIM_RESOURCE_PATH} /usr/bin/cmake --install /home/ws/build/ros_gz_example_bringup
[0.315s] -- Install configuration: ""
[0.327s] -- Up-to-date: /home/ws/install/ros_gz_example_bringup/share/ros_gz_example_bringup/launch
[0.349s] -- Up-to-date: /home/ws/install/ros_gz_example_bringup/share/ros_gz_example_bringup/launch/diff_drive.launch.py
[0.381s] -- Installing: /home/ws/install/ros_gz_example_bringup/share/ros_gz_example_bringup/launch/neptr.launch.py
[0.456s] -- Up-to-date: /home/ws/install/ros_gz_example_bringup/share/ros_gz_example_bringup/launch/rrbot_setup.launch.py
[0.468s] -- Up-to-date: /home/ws/install/ros_gz_example_bringup/share/ros_gz_example_bringup/config
[0.490s] -- Up-to-date: /home/ws/install/ros_gz_example_bringup/share/ros_gz_example_bringup/config/controller.yaml
[0.505s] -- Up-to-date: /home/ws/install/ros_gz_example_bringup/share/ros_gz_example_bringup/config/diff_drive.rviz
[0.521s] -- Up-to-date: /home/ws/install/ros_gz_example_bringup/share/ros_gz_example_bringup/config/neptr.rviz
[0.537s] -- Up-to-date: /home/ws/install/ros_gz_example_bringup/share/ros_gz_example_bringup/config/ros_gz_example_bridge.yaml
[0.552s] -- Up-to-date: /home/ws/install/ros_gz_example_bringup/share/ros_gz_example_bringup/config/rrbot.rviz
[0.576s] -- Up-to-date: /home/ws/install/ros_gz_example_bringup/share/ament_index/resource_index/package_run_dependencies/ros_gz_example_bringup
[0.605s] -- Up-to-date: /home/ws/install/ros_gz_example_bringup/share/ament_index/resource_index/parent_prefix_path/ros_gz_example_bringup
[0.619s] -- Up-to-date: /home/ws/install/ros_gz_example_bringup/share/ros_gz_example_bringup/environment/ament_prefix_path.sh
[0.637s] -- Up-to-date: /home/ws/install/ros_gz_example_bringup/share/ros_gz_example_bringup/environment/ament_prefix_path.dsv
[0.651s] -- Up-to-date: /home/ws/install/ros_gz_example_bringup/share/ros_gz_example_bringup/environment/path.sh
[0.668s] -- Up-to-date: /home/ws/install/ros_gz_example_bringup/share/ros_gz_example_bringup/environment/path.dsv
[0.684s] -- Up-to-date: /home/ws/install/ros_gz_example_bringup/share/ros_gz_example_bringup/local_setup.bash
[0.699s] -- Up-to-date: /home/ws/install/ros_gz_example_bringup/share/ros_gz_example_bringup/local_setup.sh
[0.715s] -- Up-to-date: /home/ws/install/ros_gz_example_bringup/share/ros_gz_example_bringup/local_setup.zsh
[0.731s] -- Up-to-date: /home/ws/install/ros_gz_example_bringup/share/ros_gz_example_bringup/local_setup.dsv
[0.746s] -- Installing: /home/ws/install/ros_gz_example_bringup/share/ros_gz_example_bringup/package.dsv
[0.807s] -- Up-to-date: /home/ws/install/ros_gz_example_bringup/share/ament_index/resource_index/packages/ros_gz_example_bringup
[0.826s] -- Up-to-date: /home/ws/install/ros_gz_example_bringup/share/ros_gz_example_bringup/cmake/ros_gz_example_bringupConfig.cmake
[0.840s] -- Up-to-date: /home/ws/install/ros_gz_example_bringup/share/ros_gz_example_bringup/cmake/ros_gz_example_bringupConfig-version.cmake
[0.855s] -- Up-to-date: /home/ws/install/ros_gz_example_bringup/share/ros_gz_example_bringup/package.xml
[0.863s] Invoked command in '/home/ws/build/ros_gz_example_bringup' returned '0': CMAKE_PREFIX_PATH=/home/ws/install/ros_gz_example_gazebo:/home/ws/install/ros_gz_example_description:/home/ws/install/ros_gz_example_bringup:/home/ws/install/ros_gz_example_application:/opt/ros/humble GZ_SIM_PLUGIN_PATH=/home/ws/install/ros_gz_example_gazebo/lib/ros_gz_example_gazebo GZ_SIM_RESOURCE_PATH=/home/ws/install/ros_gz_example_description/share/ros_gz_example_description/models:${GZ_SIM_RESOURCE_PATH} /usr/bin/cmake --install /home/ws/build/ros_gz_example_bringup
