[0.073s] Invoking command in '/home/ws/build/ros_gz_example_application': CMAKE_PREFIX_PATH=/opt/ros/humble /usr/bin/cmake --build /home/ws/build/ros_gz_example_application -- -j12 -l12
[0.169s] Invoked command in '/home/ws/build/ros_gz_example_application' returned '0': CMAKE_PREFIX_PATH=/opt/ros/humble /usr/bin/cmake --build /home/ws/build/ros_gz_example_application -- -j12 -l12
[0.187s] Invoking command in '/home/ws/build/ros_gz_example_application': CMAKE_PREFIX_PATH=/opt/ros/humble /usr/bin/cmake --install /home/ws/build/ros_gz_example_application
[0.196s] -- Install configuration: ""
[0.219s] -- Up-to-date: /home/ws/install/ros_gz_example_application/share/ament_index/resource_index/package_run_dependencies/ros_gz_example_application
[0.247s] -- Up-to-date: /home/ws/install/ros_gz_example_application/share/ament_index/resource_index/parent_prefix_path/ros_gz_example_application
[0.261s] -- Up-to-date: /home/ws/install/ros_gz_example_application/share/ros_gz_example_application/environment/ament_prefix_path.sh
[0.277s] -- Up-to-date: /home/ws/install/ros_gz_example_application/share/ros_gz_example_application/environment/ament_prefix_path.dsv
[0.290s] -- Up-to-date: /home/ws/install/ros_gz_example_application/share/ros_gz_example_application/environment/path.sh
[0.308s] -- Up-to-date: /home/ws/install/ros_gz_example_application/share/ros_gz_example_application/environment/path.dsv
[0.323s] -- Up-to-date: /home/ws/install/ros_gz_example_application/share/ros_gz_example_application/local_setup.bash
[0.338s] -- Up-to-date: /home/ws/install/ros_gz_example_application/share/ros_gz_example_application/local_setup.sh
[0.353s] -- Up-to-date: /home/ws/install/ros_gz_example_application/share/ros_gz_example_application/local_setup.zsh
[0.369s] -- Up-to-date: /home/ws/install/ros_gz_example_application/share/ros_gz_example_application/local_setup.dsv
[0.384s] -- Installing: /home/ws/install/ros_gz_example_application/share/ros_gz_example_application/package.dsv
[0.444s] -- Up-to-date: /home/ws/install/ros_gz_example_application/share/ament_index/resource_index/packages/ros_gz_example_application
[0.462s] -- Up-to-date: /home/ws/install/ros_gz_example_application/share/ros_gz_example_application/cmake/ros_gz_example_applicationConfig.cmake
[0.475s] -- Up-to-date: /home/ws/install/ros_gz_example_application/share/ros_gz_example_application/cmake/ros_gz_example_applicationConfig-version.cmake
[0.491s] -- Up-to-date: /home/ws/install/ros_gz_example_application/share/ros_gz_example_application/package.xml
[0.501s] Invoked command in '/home/ws/build/ros_gz_example_application' returned '0': CMAKE_PREFIX_PATH=/opt/ros/humble /usr/bin/cmake --install /home/ws/build/ros_gz_example_application
