[0.210s] Invoking command in '/home/ws/build/ros_gz_example_description': CMAKE_PREFIX_PATH=${CMAKE_PREFIX_PATH}:/opt/ros/humble /usr/bin/cmake --build /home/ws/build/ros_gz_example_description -- -j12 -l12
[0.326s] Invoked command in '/home/ws/build/ros_gz_example_description' returned '0': CMAKE_PREFIX_PATH=${CMAKE_PREFIX_PATH}:/opt/ros/humble /usr/bin/cmake --build /home/ws/build/ros_gz_example_description -- -j12 -l12
[0.353s] Invoking command in '/home/ws/build/ros_gz_example_description': CMAKE_PREFIX_PATH=${CMAKE_PREFIX_PATH}:/opt/ros/humble /usr/bin/cmake --install /home/ws/build/ros_gz_example_description
[0.366s] -- Install configuration: ""
[0.383s] -- Execute custom install script
[0.497s] -- Up-to-date symlink: /home/ws/install/ros_gz_example_description/share/ros_gz_example_description/models/neptr/meshes/foot.stl
[0.549s] -- Up-to-date symlink: /home/ws/install/ros_gz_example_description/share/ros_gz_example_description/models/neptr/meshes/foot_link.stl
[0.599s] -- Up-to-date symlink: /home/ws/install/ros_gz_example_description/share/ros_gz_example_description/models/neptr/meshes/knee.stl
[0.646s] -- Up-to-date symlink: /home/ws/install/ros_gz_example_description/share/ros_gz_example_description/models/neptr/meshes/thigh.stl
[0.682s] -- Up-to-date symlink: /home/ws/install/ros_gz_example_description/share/ros_gz_example_description/models/neptr/model.sdf
[0.727s] -- Up-to-date symlink: /home/ws/install/ros_gz_example_description/share/ros_gz_example_description/models/neptr/neptr.urdf
[0.764s] -- Up-to-date symlink: /home/ws/install/ros_gz_example_description/share/ros_gz_example_description/models/neptr/neptr.xacro
[0.795s] -- Up-to-date symlink: /home/ws/install/ros_gz_example_description/share/ros_gz_example_description/environment/ros_gz_example_description.dsv
[0.826s] -- Up-to-date symlink: /home/ws/install/ros_gz_example_description/share/ros_gz_example_description/environment/ros_gz_example_description.sh
[0.882s] -- Up-to-date symlink: /home/ws/install/ros_gz_example_description/share/ament_index/resource_index/package_run_dependencies/ros_gz_example_description
[0.937s] -- Up-to-date symlink: /home/ws/install/ros_gz_example_description/share/ament_index/resource_index/parent_prefix_path/ros_gz_example_description
[0.956s] -- Up-to-date symlink: /home/ws/install/ros_gz_example_description/share/ros_gz_example_description/environment/ament_prefix_path.sh
[0.982s] -- Up-to-date symlink: /home/ws/install/ros_gz_example_description/share/ros_gz_example_description/environment/ament_prefix_path.dsv
[1.000s] -- Up-to-date symlink: /home/ws/install/ros_gz_example_description/share/ros_gz_example_description/environment/path.sh
[1.026s] -- Up-to-date symlink: /home/ws/install/ros_gz_example_description/share/ros_gz_example_description/environment/path.dsv
[1.044s] -- Up-to-date symlink: /home/ws/install/ros_gz_example_description/share/ros_gz_example_description/local_setup.bash
[1.064s] -- Up-to-date symlink: /home/ws/install/ros_gz_example_description/share/ros_gz_example_description/local_setup.sh
[1.084s] -- Up-to-date symlink: /home/ws/install/ros_gz_example_description/share/ros_gz_example_description/local_setup.zsh
[1.105s] -- Up-to-date symlink: /home/ws/install/ros_gz_example_description/share/ros_gz_example_description/local_setup.dsv
[1.115s] -- Symlinking: /home/ws/install/ros_gz_example_description/share/ros_gz_example_description/package.dsv
[1.214s] -- Up-to-date symlink: /home/ws/install/ros_gz_example_description/share/ament_index/resource_index/packages/ros_gz_example_description
[1.233s] -- Up-to-date symlink: /home/ws/install/ros_gz_example_description/share/ros_gz_example_description/cmake/ros_gz_example_descriptionConfig.cmake
[1.245s] -- Up-to-date symlink: /home/ws/install/ros_gz_example_description/share/ros_gz_example_description/cmake/ros_gz_example_descriptionConfig-version.cmake
[1.262s] -- Up-to-date symlink: /home/ws/install/ros_gz_example_description/share/ros_gz_example_description/package.xml
[1.524s] Invoked command in '/home/ws/build/ros_gz_example_description' returned '0': CMAKE_PREFIX_PATH=${CMAKE_PREFIX_PATH}:/opt/ros/humble /usr/bin/cmake --install /home/ws/build/ros_gz_example_description
