[0.111s] DEBUG:colcon:Command line arguments: ['/usr/bin/colcon', 'build']
[0.111s] DEBUG:colcon:Parsed command line arguments: Namespace(log_base=None, log_level=None, verb_name='build', build_base='build', install_base='install', merge_install=False, symlink_install=False, test_result_base=None, continue_on_error=False, executor='parallel', parallel_workers=12, event_handlers=None, ignore_user_meta=False, metas=['./colcon.meta'], base_paths=['.'], packages_ignore=None, packages_ignore_regex=None, paths=None, packages_up_to=None, packages_up_to_regex=None, packages_above=None, packages_above_and_dependencies=None, packages_above_depth=None, packages_select_by_dep=None, packages_skip_by_dep=None, packages_skip_up_to=None, packages_select_build_failed=False, packages_skip_build_finished=False, packages_select_test_failures=False, packages_skip_test_passed=False, packages_select=None, packages_skip=None, packages_select_regex=None, packages_skip_regex=None, packages_start=None, packages_end=None, cmake_args=None, cmake_target=None, cmake_target_skip_unavailable=False, cmake_clean_cache=False, cmake_clean_first=False, cmake_force_configure=False, ament_cmake_args=None, catkin_cmake_args=None, catkin_skip_building_tests=False, mixin_files=None, mixin=None, verb_parser=<colcon_mixin.mixin.mixin_argument.MixinArgumentDecorator object at 0x7effaa466fe0>, verb_extension=<colcon_core.verb.build.BuildVerb object at 0x7effaa465f90>, main=<bound method BuildVerb.main of <colcon_core.verb.build.BuildVerb object at 0x7effaa465f90>>, mixin_verb=('build',))
[0.250s] Level 1:colcon.colcon_core.package_discovery:discover_packages(colcon_meta) check parameters
[0.251s] Level 1:colcon.colcon_core.package_discovery:discover_packages(recursive) check parameters
[0.251s] Level 1:colcon.colcon_core.package_discovery:discover_packages(ignore) check parameters
[0.251s] Level 1:colcon.colcon_core.package_discovery:discover_packages(path) check parameters
[0.252s] Level 1:colcon.colcon_core.package_discovery:discover_packages(colcon_meta) discover
[0.252s] Level 1:colcon.colcon_core.package_discovery:discover_packages(recursive) discover
[0.253s] INFO:colcon.colcon_core.package_discovery:Crawling recursively for packages in '/home/ws'
[0.254s] Level 1:colcon.colcon_core.package_identification:_identify(.) by extensions ['ignore', 'ignore_ament_install']
[0.255s] Level 1:colcon.colcon_core.package_identification:_identify(.) by extension 'ignore'
[0.255s] Level 1:colcon.colcon_core.package_identification:_identify(.) by extension 'ignore_ament_install'
[0.256s] Level 1:colcon.colcon_core.package_identification:_identify(.) by extensions ['colcon_pkg']
[0.256s] Level 1:colcon.colcon_core.package_identification:_identify(.) by extension 'colcon_pkg'
[0.257s] Level 1:colcon.colcon_core.package_identification:_identify(.) by extensions ['colcon_meta']
[0.257s] Level 1:colcon.colcon_core.package_identification:_identify(.) by extension 'colcon_meta'
[0.257s] Level 1:colcon.colcon_core.package_identification:_identify(.) by extensions ['ros']
[0.258s] Level 1:colcon.colcon_core.package_identification:_identify(.) by extension 'ros'
[0.270s] Level 1:colcon.colcon_core.package_identification:_identify(.) by extensions ['cmake', 'python']
[0.270s] Level 1:colcon.colcon_core.package_identification:_identify(.) by extension 'cmake'
[0.271s] Level 1:colcon.colcon_core.package_identification:_identify(.) by extension 'python'
[0.272s] Level 1:colcon.colcon_core.package_identification:_identify(.) by extensions ['python_setup_py']
[0.272s] Level 1:colcon.colcon_core.package_identification:_identify(.) by extension 'python_setup_py'
[0.275s] Level 1:colcon.colcon_core.package_identification:_identify(build) by extensions ['ignore', 'ignore_ament_install']
[0.275s] Level 1:colcon.colcon_core.package_identification:_identify(build) by extension 'ignore'
[0.277s] Level 1:colcon.colcon_core.package_identification:_identify(build) ignored
[0.279s] Level 1:colcon.colcon_core.package_identification:_identify(install) by extensions ['ignore', 'ignore_ament_install']
[0.279s] Level 1:colcon.colcon_core.package_identification:_identify(install) by extension 'ignore'
[0.280s] Level 1:colcon.colcon_core.package_identification:_identify(install) ignored
[0.281s] Level 1:colcon.colcon_core.package_identification:_identify(log) by extensions ['ignore', 'ignore_ament_install']
[0.281s] Level 1:colcon.colcon_core.package_identification:_identify(log) by extension 'ignore'
[0.282s] Level 1:colcon.colcon_core.package_identification:_identify(log) ignored
[0.284s] Level 1:colcon.colcon_core.package_identification:_identify(ros_gz_example_application) by extensions ['ignore', 'ignore_ament_install']
[0.284s] Level 1:colcon.colcon_core.package_identification:_identify(ros_gz_example_application) by extension 'ignore'
[0.285s] Level 1:colcon.colcon_core.package_identification:_identify(ros_gz_example_application) by extension 'ignore_ament_install'
[0.286s] Level 1:colcon.colcon_core.package_identification:_identify(ros_gz_example_application) by extensions ['colcon_pkg']
[0.287s] Level 1:colcon.colcon_core.package_identification:_identify(ros_gz_example_application) by extension 'colcon_pkg'
[0.288s] Level 1:colcon.colcon_core.package_identification:_identify(ros_gz_example_application) by extensions ['colcon_meta']
[0.288s] Level 1:colcon.colcon_core.package_identification:_identify(ros_gz_example_application) by extension 'colcon_meta'
[0.289s] Level 1:colcon.colcon_core.package_identification:_identify(ros_gz_example_application) by extensions ['ros']
[0.289s] Level 1:colcon.colcon_core.package_identification:_identify(ros_gz_example_application) by extension 'ros'
[0.298s] DEBUG:colcon.colcon_core.package_identification:Package 'ros_gz_example_application' with type 'ros.ament_cmake' and name 'ros_gz_example_application'
[0.300s] Level 1:colcon.colcon_core.package_identification:_identify(ros_gz_example_bringup) by extensions ['ignore', 'ignore_ament_install']
[0.301s] Level 1:colcon.colcon_core.package_identification:_identify(ros_gz_example_bringup) by extension 'ignore'
[0.302s] Level 1:colcon.colcon_core.package_identification:_identify(ros_gz_example_bringup) by extension 'ignore_ament_install'
[0.304s] Level 1:colcon.colcon_core.package_identification:_identify(ros_gz_example_bringup) by extensions ['colcon_pkg']
[0.304s] Level 1:colcon.colcon_core.package_identification:_identify(ros_gz_example_bringup) by extension 'colcon_pkg'
[0.305s] Level 1:colcon.colcon_core.package_identification:_identify(ros_gz_example_bringup) by extensions ['colcon_meta']
[0.305s] Level 1:colcon.colcon_core.package_identification:_identify(ros_gz_example_bringup) by extension 'colcon_meta'
[0.305s] Level 1:colcon.colcon_core.package_identification:_identify(ros_gz_example_bringup) by extensions ['ros']
[0.306s] Level 1:colcon.colcon_core.package_identification:_identify(ros_gz_example_bringup) by extension 'ros'
[0.313s] DEBUG:colcon.colcon_core.package_identification:Package 'ros_gz_example_bringup' with type 'ros.ament_cmake' and name 'ros_gz_example_bringup'
[0.315s] Level 1:colcon.colcon_core.package_identification:_identify(ros_gz_example_description) by extensions ['ignore', 'ignore_ament_install']
[0.316s] Level 1:colcon.colcon_core.package_identification:_identify(ros_gz_example_description) by extension 'ignore'
[0.318s] Level 1:colcon.colcon_core.package_identification:_identify(ros_gz_example_description) by extension 'ignore_ament_install'
[0.319s] Level 1:colcon.colcon_core.package_identification:_identify(ros_gz_example_description) by extensions ['colcon_pkg']
[0.320s] Level 1:colcon.colcon_core.package_identification:_identify(ros_gz_example_description) by extension 'colcon_pkg'
[0.320s] Level 1:colcon.colcon_core.package_identification:_identify(ros_gz_example_description) by extensions ['colcon_meta']
[0.320s] Level 1:colcon.colcon_core.package_identification:_identify(ros_gz_example_description) by extension 'colcon_meta'
[0.321s] Level 1:colcon.colcon_core.package_identification:_identify(ros_gz_example_description) by extensions ['ros']
[0.321s] Level 1:colcon.colcon_core.package_identification:_identify(ros_gz_example_description) by extension 'ros'
[0.330s] DEBUG:colcon.colcon_core.package_identification:Package 'ros_gz_example_description' with type 'ros.ament_cmake' and name 'ros_gz_example_description'
[0.332s] Level 1:colcon.colcon_core.package_identification:_identify(ros_gz_example_gazebo) by extensions ['ignore', 'ignore_ament_install']
[0.333s] Level 1:colcon.colcon_core.package_identification:_identify(ros_gz_example_gazebo) by extension 'ignore'
[0.333s] Level 1:colcon.colcon_core.package_identification:_identify(ros_gz_example_gazebo) by extension 'ignore_ament_install'
[0.335s] Level 1:colcon.colcon_core.package_identification:_identify(ros_gz_example_gazebo) by extensions ['colcon_pkg']
[0.335s] Level 1:colcon.colcon_core.package_identification:_identify(ros_gz_example_gazebo) by extension 'colcon_pkg'
[0.335s] Level 1:colcon.colcon_core.package_identification:_identify(ros_gz_example_gazebo) by extensions ['colcon_meta']
[0.336s] Level 1:colcon.colcon_core.package_identification:_identify(ros_gz_example_gazebo) by extension 'colcon_meta'
[0.336s] Level 1:colcon.colcon_core.package_identification:_identify(ros_gz_example_gazebo) by extensions ['ros']
[0.336s] Level 1:colcon.colcon_core.package_identification:_identify(ros_gz_example_gazebo) by extension 'ros'
[0.344s] DEBUG:colcon.colcon_core.package_identification:Package 'ros_gz_example_gazebo' with type 'ros.ament_cmake' and name 'ros_gz_example_gazebo'
[0.344s] Level 1:colcon.colcon_core.package_discovery:discover_packages(recursive) using defaults
[0.344s] Level 1:colcon.colcon_core.package_discovery:discover_packages(ignore) discover
[0.344s] Level 1:colcon.colcon_core.package_discovery:discover_packages(ignore) using defaults
[0.344s] Level 1:colcon.colcon_core.package_discovery:discover_packages(path) discover
[0.344s] Level 1:colcon.colcon_core.package_discovery:discover_packages(path) using defaults
[0.369s] Level 5:colcon.colcon_core.verb:set package 'ros_gz_example_application' build argument 'cmake_args' from command line to 'None'
[0.369s] Level 5:colcon.colcon_core.verb:set package 'ros_gz_example_application' build argument 'cmake_target' from command line to 'None'
[0.370s] Level 5:colcon.colcon_core.verb:set package 'ros_gz_example_application' build argument 'cmake_target_skip_unavailable' from command line to 'False'
[0.370s] Level 5:colcon.colcon_core.verb:set package 'ros_gz_example_application' build argument 'cmake_clean_cache' from command line to 'False'
[0.370s] Level 5:colcon.colcon_core.verb:set package 'ros_gz_example_application' build argument 'cmake_clean_first' from command line to 'False'
[0.370s] Level 5:colcon.colcon_core.verb:set package 'ros_gz_example_application' build argument 'cmake_force_configure' from command line to 'False'
[0.371s] Level 5:colcon.colcon_core.verb:set package 'ros_gz_example_application' build argument 'ament_cmake_args' from command line to 'None'
[0.371s] Level 5:colcon.colcon_core.verb:set package 'ros_gz_example_application' build argument 'catkin_cmake_args' from command line to 'None'
[0.371s] Level 5:colcon.colcon_core.verb:set package 'ros_gz_example_application' build argument 'catkin_skip_building_tests' from command line to 'False'
[0.371s] DEBUG:colcon.colcon_core.verb:Building package 'ros_gz_example_application' with the following arguments: {'ament_cmake_args': None, 'build_base': '/home/ws/build/ros_gz_example_application', 'catkin_cmake_args': None, 'catkin_skip_building_tests': False, 'cmake_args': None, 'cmake_clean_cache': False, 'cmake_clean_first': False, 'cmake_force_configure': False, 'cmake_target': None, 'cmake_target_skip_unavailable': False, 'install_base': '/home/ws/install/ros_gz_example_application', 'merge_install': False, 'path': '/home/ws/ros_gz_example_application', 'symlink_install': False, 'test_result_base': None}
[0.372s] Level 5:colcon.colcon_core.verb:set package 'ros_gz_example_description' build argument 'cmake_args' from command line to 'None'
[0.372s] Level 5:colcon.colcon_core.verb:set package 'ros_gz_example_description' build argument 'cmake_target' from command line to 'None'
[0.372s] Level 5:colcon.colcon_core.verb:set package 'ros_gz_example_description' build argument 'cmake_target_skip_unavailable' from command line to 'False'
[0.373s] Level 5:colcon.colcon_core.verb:set package 'ros_gz_example_description' build argument 'cmake_clean_cache' from command line to 'False'
[0.373s] Level 5:colcon.colcon_core.verb:set package 'ros_gz_example_description' build argument 'cmake_clean_first' from command line to 'False'
[0.373s] Level 5:colcon.colcon_core.verb:set package 'ros_gz_example_description' build argument 'cmake_force_configure' from command line to 'False'
[0.373s] Level 5:colcon.colcon_core.verb:set package 'ros_gz_example_description' build argument 'ament_cmake_args' from command line to 'None'
[0.373s] Level 5:colcon.colcon_core.verb:set package 'ros_gz_example_description' build argument 'catkin_cmake_args' from command line to 'None'
[0.373s] Level 5:colcon.colcon_core.verb:set package 'ros_gz_example_description' build argument 'catkin_skip_building_tests' from command line to 'False'
[0.374s] DEBUG:colcon.colcon_core.verb:Building package 'ros_gz_example_description' with the following arguments: {'ament_cmake_args': None, 'build_base': '/home/ws/build/ros_gz_example_description', 'catkin_cmake_args': None, 'catkin_skip_building_tests': False, 'cmake_args': None, 'cmake_clean_cache': False, 'cmake_clean_first': False, 'cmake_force_configure': False, 'cmake_target': None, 'cmake_target_skip_unavailable': False, 'install_base': '/home/ws/install/ros_gz_example_description', 'merge_install': False, 'path': '/home/ws/ros_gz_example_description', 'symlink_install': False, 'test_result_base': None}
[0.374s] Level 5:colcon.colcon_core.verb:set package 'ros_gz_example_gazebo' build argument 'cmake_args' from command line to 'None'
[0.374s] Level 5:colcon.colcon_core.verb:set package 'ros_gz_example_gazebo' build argument 'cmake_target' from command line to 'None'
[0.374s] Level 5:colcon.colcon_core.verb:set package 'ros_gz_example_gazebo' build argument 'cmake_target_skip_unavailable' from command line to 'False'
[0.375s] Level 5:colcon.colcon_core.verb:set package 'ros_gz_example_gazebo' build argument 'cmake_clean_cache' from command line to 'False'
[0.375s] Level 5:colcon.colcon_core.verb:set package 'ros_gz_example_gazebo' build argument 'cmake_clean_first' from command line to 'False'
[0.375s] Level 5:colcon.colcon_core.verb:set package 'ros_gz_example_gazebo' build argument 'cmake_force_configure' from command line to 'False'
[0.375s] Level 5:colcon.colcon_core.verb:set package 'ros_gz_example_gazebo' build argument 'ament_cmake_args' from command line to 'None'
[0.375s] Level 5:colcon.colcon_core.verb:set package 'ros_gz_example_gazebo' build argument 'catkin_cmake_args' from command line to 'None'
[0.376s] Level 5:colcon.colcon_core.verb:set package 'ros_gz_example_gazebo' build argument 'catkin_skip_building_tests' from command line to 'False'
[0.376s] DEBUG:colcon.colcon_core.verb:Building package 'ros_gz_example_gazebo' with the following arguments: {'ament_cmake_args': None, 'build_base': '/home/ws/build/ros_gz_example_gazebo', 'catkin_cmake_args': None, 'catkin_skip_building_tests': False, 'cmake_args': None, 'cmake_clean_cache': False, 'cmake_clean_first': False, 'cmake_force_configure': False, 'cmake_target': None, 'cmake_target_skip_unavailable': False, 'install_base': '/home/ws/install/ros_gz_example_gazebo', 'merge_install': False, 'path': '/home/ws/ros_gz_example_gazebo', 'symlink_install': False, 'test_result_base': None}
[0.376s] Level 5:colcon.colcon_core.verb:set package 'ros_gz_example_bringup' build argument 'cmake_args' from command line to 'None'
[0.377s] Level 5:colcon.colcon_core.verb:set package 'ros_gz_example_bringup' build argument 'cmake_target' from command line to 'None'
[0.377s] Level 5:colcon.colcon_core.verb:set package 'ros_gz_example_bringup' build argument 'cmake_target_skip_unavailable' from command line to 'False'
[0.377s] Level 5:colcon.colcon_core.verb:set package 'ros_gz_example_bringup' build argument 'cmake_clean_cache' from command line to 'False'
[0.377s] Level 5:colcon.colcon_core.verb:set package 'ros_gz_example_bringup' build argument 'cmake_clean_first' from command line to 'False'
[0.377s] Level 5:colcon.colcon_core.verb:set package 'ros_gz_example_bringup' build argument 'cmake_force_configure' from command line to 'False'
[0.377s] Level 5:colcon.colcon_core.verb:set package 'ros_gz_example_bringup' build argument 'ament_cmake_args' from command line to 'None'
[0.378s] Level 5:colcon.colcon_core.verb:set package 'ros_gz_example_bringup' build argument 'catkin_cmake_args' from command line to 'None'
[0.378s] Level 5:colcon.colcon_core.verb:set package 'ros_gz_example_bringup' build argument 'catkin_skip_building_tests' from command line to 'False'
[0.378s] DEBUG:colcon.colcon_core.verb:Building package 'ros_gz_example_bringup' with the following arguments: {'ament_cmake_args': None, 'build_base': '/home/ws/build/ros_gz_example_bringup', 'catkin_cmake_args': None, 'catkin_skip_building_tests': False, 'cmake_args': None, 'cmake_clean_cache': False, 'cmake_clean_first': False, 'cmake_force_configure': False, 'cmake_target': None, 'cmake_target_skip_unavailable': False, 'install_base': '/home/ws/install/ros_gz_example_bringup', 'merge_install': False, 'path': '/home/ws/ros_gz_example_bringup', 'symlink_install': False, 'test_result_base': None}
[0.378s] INFO:colcon.colcon_core.executor:Executing jobs using 'parallel' executor
[0.379s] DEBUG:colcon.colcon_parallel_executor.executor.parallel:run_until_complete
[0.380s] INFO:colcon.colcon_ros.task.ament_cmake.build:Building ROS package in '/home/ws/ros_gz_example_description' with build type 'ament_cmake'
[0.380s] INFO:colcon.colcon_cmake.task.cmake.build:Building CMake package in '/home/ws/ros_gz_example_description'
[0.383s] INFO:colcon.colcon_core.plugin_system:Skipping extension 'colcon_core.shell.bat': Not used on non-Windows systems
[0.383s] INFO:colcon.colcon_core.shell:Skip shell extension 'powershell' for command environment: Not usable outside of PowerShell
[0.384s] DEBUG:colcon.colcon_core.shell:Skip shell extension 'dsv' for command environment
[0.468s] INFO:colcon.colcon_ros.task.ament_cmake.build:Building ROS package in '/home/ws/ros_gz_example_application' with build type 'ament_cmake'
[0.468s] INFO:colcon.colcon_cmake.task.cmake.build:Building CMake package in '/home/ws/ros_gz_example_application'
[0.469s] INFO:colcon.colcon_core.shell:Skip shell extension 'powershell' for command environment: Not usable outside of PowerShell
[0.469s] DEBUG:colcon.colcon_core.shell:Skip shell extension 'dsv' for command environment
[0.615s] DEBUG:colcon.colcon_core.event_handler.log_command:Invoking command in '/home/ws/build/ros_gz_example_description': CMAKE_PREFIX_PATH=${CMAKE_PREFIX_PATH}:/opt/ros/humble /usr/bin/cmake --build /home/ws/build/ros_gz_example_description -- -j12 -l12
[0.644s] DEBUG:colcon.colcon_core.event_handler.log_command:Invoking command in '/home/ws/build/ros_gz_example_application': CMAKE_PREFIX_PATH=${CMAKE_PREFIX_PATH}:/opt/ros/humble /usr/bin/cmake --build /home/ws/build/ros_gz_example_application -- -j12 -l12
[0.710s] DEBUG:colcon.colcon_core.event_handler.log_command:Invoked command in '/home/ws/build/ros_gz_example_description' returned '0': CMAKE_PREFIX_PATH=${CMAKE_PREFIX_PATH}:/opt/ros/humble /usr/bin/cmake --build /home/ws/build/ros_gz_example_description -- -j12 -l12
[0.733s] DEBUG:colcon.colcon_core.event_handler.log_command:Invoking command in '/home/ws/build/ros_gz_example_description': CMAKE_PREFIX_PATH=${CMAKE_PREFIX_PATH}:/opt/ros/humble /usr/bin/cmake --install /home/ws/build/ros_gz_example_description
[0.736s] DEBUG:colcon.colcon_core.event_handler.log_command:Invoked command in '/home/ws/build/ros_gz_example_application' returned '0': CMAKE_PREFIX_PATH=${CMAKE_PREFIX_PATH}:/opt/ros/humble /usr/bin/cmake --build /home/ws/build/ros_gz_example_application -- -j12 -l12
[0.756s] DEBUG:colcon.colcon_core.event_handler.log_command:Invoking command in '/home/ws/build/ros_gz_example_application': CMAKE_PREFIX_PATH=${CMAKE_PREFIX_PATH}:/opt/ros/humble /usr/bin/cmake --install /home/ws/build/ros_gz_example_application
[1.166s] Level 1:colcon.colcon_core.environment:create_environment_scripts_only(ros_gz_example_application)
[1.167s] DEBUG:colcon.colcon_core.event_handler.log_command:Invoked command in '/home/ws/build/ros_gz_example_application' returned '0': CMAKE_PREFIX_PATH=${CMAKE_PREFIX_PATH}:/opt/ros/humble /usr/bin/cmake --install /home/ws/build/ros_gz_example_application
[1.169s] Level 1:colcon.colcon_core.environment:checking '/home/ws/install/ros_gz_example_application' for CMake module files
[1.249s] Level 1:colcon.colcon_core.environment:checking '/home/ws/install/ros_gz_example_application' for CMake config files
[1.336s] Level 1:colcon.colcon_core.shell:create_environment_hook('ros_gz_example_application', 'cmake_prefix_path')
[1.336s] INFO:colcon.colcon_core.shell:Creating environment hook '/home/ws/install/ros_gz_example_application/share/ros_gz_example_application/hook/cmake_prefix_path.ps1'
[1.348s] INFO:colcon.colcon_core.shell:Creating environment descriptor '/home/ws/install/ros_gz_example_application/share/ros_gz_example_application/hook/cmake_prefix_path.dsv'
[1.362s] INFO:colcon.colcon_core.shell:Creating environment hook '/home/ws/install/ros_gz_example_application/share/ros_gz_example_application/hook/cmake_prefix_path.sh'
[1.377s] Level 1:colcon.colcon_core.environment:checking '/home/ws/install/ros_gz_example_application/bin'
[1.379s] Level 1:colcon.colcon_core.environment:checking '/home/ws/install/ros_gz_example_application/lib/pkgconfig/ros_gz_example_application.pc'
[1.381s] Level 1:colcon.colcon_core.environment:checking '/home/ws/install/ros_gz_example_application/lib/python3.10/site-packages'
[1.382s] Level 1:colcon.colcon_core.environment:checking '/home/ws/install/ros_gz_example_application/bin'
[1.384s] INFO:colcon.colcon_core.shell:Creating package script '/home/ws/install/ros_gz_example_application/share/ros_gz_example_application/package.ps1'
[1.393s] INFO:colcon.colcon_core.shell:Creating package descriptor '/home/ws/install/ros_gz_example_application/share/ros_gz_example_application/package.dsv'
[1.406s] INFO:colcon.colcon_core.shell:Creating package script '/home/ws/install/ros_gz_example_application/share/ros_gz_example_application/package.sh'
[1.416s] INFO:colcon.colcon_core.shell:Creating package script '/home/ws/install/ros_gz_example_application/share/ros_gz_example_application/package.bash'
[1.426s] INFO:colcon.colcon_core.shell:Creating package script '/home/ws/install/ros_gz_example_application/share/ros_gz_example_application/package.zsh'
[1.439s] Level 1:colcon.colcon_core.environment:create_file_with_runtime_dependencies(/home/ws/install/ros_gz_example_application/share/colcon-core/packages/ros_gz_example_application)
[1.460s] Level 1:colcon.colcon_core.environment:create_environment_scripts_only(ros_gz_example_application)
[1.460s] Level 1:colcon.colcon_core.environment:checking '/home/ws/install/ros_gz_example_application' for CMake module files
[1.534s] Level 1:colcon.colcon_core.environment:checking '/home/ws/install/ros_gz_example_application' for CMake config files
[1.609s] Level 1:colcon.colcon_core.shell:create_environment_hook('ros_gz_example_application', 'cmake_prefix_path')
[1.609s] INFO:colcon.colcon_core.shell:Creating environment hook '/home/ws/install/ros_gz_example_application/share/ros_gz_example_application/hook/cmake_prefix_path.ps1'
[1.622s] INFO:colcon.colcon_core.shell:Creating environment descriptor '/home/ws/install/ros_gz_example_application/share/ros_gz_example_application/hook/cmake_prefix_path.dsv'
[1.633s] INFO:colcon.colcon_core.shell:Creating environment hook '/home/ws/install/ros_gz_example_application/share/ros_gz_example_application/hook/cmake_prefix_path.sh'
[1.652s] Level 1:colcon.colcon_core.environment:checking '/home/ws/install/ros_gz_example_application/bin'
[1.653s] Level 1:colcon.colcon_core.environment:checking '/home/ws/install/ros_gz_example_application/lib/pkgconfig/ros_gz_example_application.pc'
[1.654s] Level 1:colcon.colcon_core.environment:checking '/home/ws/install/ros_gz_example_application/lib/python3.10/site-packages'
[1.655s] Level 1:colcon.colcon_core.environment:checking '/home/ws/install/ros_gz_example_application/bin'
[1.656s] INFO:colcon.colcon_core.shell:Creating package script '/home/ws/install/ros_gz_example_application/share/ros_gz_example_application/package.ps1'
[1.666s] INFO:colcon.colcon_core.shell:Creating package descriptor '/home/ws/install/ros_gz_example_application/share/ros_gz_example_application/package.dsv'
[1.675s] INFO:colcon.colcon_core.shell:Creating package script '/home/ws/install/ros_gz_example_application/share/ros_gz_example_application/package.sh'
[1.685s] INFO:colcon.colcon_core.shell:Creating package script '/home/ws/install/ros_gz_example_application/share/ros_gz_example_application/package.bash'
[1.696s] INFO:colcon.colcon_core.shell:Creating package script '/home/ws/install/ros_gz_example_application/share/ros_gz_example_application/package.zsh'
[1.707s] Level 1:colcon.colcon_core.environment:create_file_with_runtime_dependencies(/home/ws/install/ros_gz_example_application/share/colcon-core/packages/ros_gz_example_application)
[1.715s] Level 1:colcon.colcon_core.environment:create_environment_scripts_only(ros_gz_example_description)
[1.715s] Level 1:colcon.colcon_core.environment:checking '/home/ws/install/ros_gz_example_description' for CMake module files
[1.721s] DEBUG:colcon.colcon_core.event_handler.log_command:Invoked command in '/home/ws/build/ros_gz_example_description' returned '0': CMAKE_PREFIX_PATH=${CMAKE_PREFIX_PATH}:/opt/ros/humble /usr/bin/cmake --install /home/ws/build/ros_gz_example_description
[1.812s] Level 1:colcon.colcon_core.environment:checking '/home/ws/install/ros_gz_example_description' for CMake config files
[1.887s] Level 1:colcon.colcon_core.shell:create_environment_hook('ros_gz_example_description', 'cmake_prefix_path')
[1.888s] INFO:colcon.colcon_core.shell:Creating environment hook '/home/ws/install/ros_gz_example_description/share/ros_gz_example_description/hook/cmake_prefix_path.ps1'
[1.905s] INFO:colcon.colcon_core.shell:Creating environment descriptor '/home/ws/install/ros_gz_example_description/share/ros_gz_example_description/hook/cmake_prefix_path.dsv'
[1.918s] INFO:colcon.colcon_core.shell:Creating environment hook '/home/ws/install/ros_gz_example_description/share/ros_gz_example_description/hook/cmake_prefix_path.sh'
[1.932s] Level 1:colcon.colcon_core.environment:checking '/home/ws/install/ros_gz_example_description/bin'
[1.934s] Level 1:colcon.colcon_core.environment:checking '/home/ws/install/ros_gz_example_description/lib/pkgconfig/ros_gz_example_description.pc'
[1.935s] Level 1:colcon.colcon_core.environment:checking '/home/ws/install/ros_gz_example_description/lib/python3.10/site-packages'
[1.936s] Level 1:colcon.colcon_core.environment:checking '/home/ws/install/ros_gz_example_description/bin'
[1.937s] INFO:colcon.colcon_core.shell:Creating package script '/home/ws/install/ros_gz_example_description/share/ros_gz_example_description/package.ps1'
[1.947s] INFO:colcon.colcon_core.shell:Creating package descriptor '/home/ws/install/ros_gz_example_description/share/ros_gz_example_description/package.dsv'
[1.960s] INFO:colcon.colcon_core.shell:Creating package script '/home/ws/install/ros_gz_example_description/share/ros_gz_example_description/package.sh'
[1.970s] INFO:colcon.colcon_core.shell:Creating package script '/home/ws/install/ros_gz_example_description/share/ros_gz_example_description/package.bash'
[1.980s] INFO:colcon.colcon_core.shell:Creating package script '/home/ws/install/ros_gz_example_description/share/ros_gz_example_description/package.zsh'
[1.990s] Level 1:colcon.colcon_core.environment:create_file_with_runtime_dependencies(/home/ws/install/ros_gz_example_description/share/colcon-core/packages/ros_gz_example_description)
[2.012s] Level 1:colcon.colcon_core.environment:create_environment_scripts_only(ros_gz_example_description)
[2.013s] Level 1:colcon.colcon_core.environment:checking '/home/ws/install/ros_gz_example_description' for CMake module files
[2.092s] Level 1:colcon.colcon_core.environment:checking '/home/ws/install/ros_gz_example_description' for CMake config files
[2.172s] Level 1:colcon.colcon_core.shell:create_environment_hook('ros_gz_example_description', 'cmake_prefix_path')
[2.172s] INFO:colcon.colcon_core.shell:Creating environment hook '/home/ws/install/ros_gz_example_description/share/ros_gz_example_description/hook/cmake_prefix_path.ps1'
[2.183s] INFO:colcon.colcon_core.shell:Creating environment descriptor '/home/ws/install/ros_gz_example_description/share/ros_gz_example_description/hook/cmake_prefix_path.dsv'
[2.195s] INFO:colcon.colcon_core.shell:Creating environment hook '/home/ws/install/ros_gz_example_description/share/ros_gz_example_description/hook/cmake_prefix_path.sh'
[2.211s] Level 1:colcon.colcon_core.environment:checking '/home/ws/install/ros_gz_example_description/bin'
[2.212s] Level 1:colcon.colcon_core.environment:checking '/home/ws/install/ros_gz_example_description/lib/pkgconfig/ros_gz_example_description.pc'
[2.213s] Level 1:colcon.colcon_core.environment:checking '/home/ws/install/ros_gz_example_description/lib/python3.10/site-packages'
[2.215s] Level 1:colcon.colcon_core.environment:checking '/home/ws/install/ros_gz_example_description/bin'
[2.217s] INFO:colcon.colcon_core.shell:Creating package script '/home/ws/install/ros_gz_example_description/share/ros_gz_example_description/package.ps1'
[2.226s] INFO:colcon.colcon_core.shell:Creating package descriptor '/home/ws/install/ros_gz_example_description/share/ros_gz_example_description/package.dsv'
[2.236s] INFO:colcon.colcon_core.shell:Creating package script '/home/ws/install/ros_gz_example_description/share/ros_gz_example_description/package.sh'
[2.247s] INFO:colcon.colcon_core.shell:Creating package script '/home/ws/install/ros_gz_example_description/share/ros_gz_example_description/package.bash'
[2.256s] INFO:colcon.colcon_core.shell:Creating package script '/home/ws/install/ros_gz_example_description/share/ros_gz_example_description/package.zsh'
[2.265s] Level 1:colcon.colcon_core.environment:create_file_with_runtime_dependencies(/home/ws/install/ros_gz_example_description/share/colcon-core/packages/ros_gz_example_description)
[2.273s] INFO:colcon.colcon_ros.task.ament_cmake.build:Building ROS package in '/home/ws/ros_gz_example_gazebo' with build type 'ament_cmake'
[2.273s] INFO:colcon.colcon_cmake.task.cmake.build:Building CMake package in '/home/ws/ros_gz_example_gazebo'
[2.274s] INFO:colcon.colcon_core.shell:Skip shell extension 'powershell' for command environment: Not usable outside of PowerShell
[2.274s] DEBUG:colcon.colcon_core.shell:Skip shell extension 'dsv' for command environment
[2.442s] DEBUG:colcon.colcon_core.event_handler.log_command:Invoking command in '/home/ws/build/ros_gz_example_gazebo': CMAKE_PREFIX_PATH=/home/ws/install/ros_gz_example_description:/home/ws/install/ros_gz_example_bringup:/home/ws/install/ros_gz_example_gazebo:/home/ws/install/ros_gz_example_application:/opt/ros/humble GZ_SIM_RESOURCE_PATH=/home/ws/install/ros_gz_example_description/share/ros_gz_example_description/models:${GZ_SIM_RESOURCE_PATH} /usr/bin/cmake /home/ws/ros_gz_example_gazebo -DCMAKE_INSTALL_PREFIX=/home/ws/install/ros_gz_example_gazebo
[8.610s] DEBUG:colcon.colcon_core.event_handler.log_command:Invoked command in '/home/ws/build/ros_gz_example_gazebo' returned '0': CMAKE_PREFIX_PATH=/home/ws/install/ros_gz_example_description:/home/ws/install/ros_gz_example_bringup:/home/ws/install/ros_gz_example_gazebo:/home/ws/install/ros_gz_example_application:/opt/ros/humble GZ_SIM_RESOURCE_PATH=/home/ws/install/ros_gz_example_description/share/ros_gz_example_description/models:${GZ_SIM_RESOURCE_PATH} /usr/bin/cmake /home/ws/ros_gz_example_gazebo -DCMAKE_INSTALL_PREFIX=/home/ws/install/ros_gz_example_gazebo
[8.629s] DEBUG:colcon.colcon_core.event_handler.log_command:Invoking command in '/home/ws/build/ros_gz_example_gazebo': CMAKE_PREFIX_PATH=/home/ws/install/ros_gz_example_description:/home/ws/install/ros_gz_example_bringup:/home/ws/install/ros_gz_example_gazebo:/home/ws/install/ros_gz_example_application:/opt/ros/humble GZ_SIM_RESOURCE_PATH=/home/ws/install/ros_gz_example_description/share/ros_gz_example_description/models:${GZ_SIM_RESOURCE_PATH} /usr/bin/cmake --build /home/ws/build/ros_gz_example_gazebo -- -j12 -l12
[9.070s] DEBUG:colcon.colcon_core.event_handler.log_command:Invoked command in '/home/ws/build/ros_gz_example_gazebo' returned '0': CMAKE_PREFIX_PATH=/home/ws/install/ros_gz_example_description:/home/ws/install/ros_gz_example_bringup:/home/ws/install/ros_gz_example_gazebo:/home/ws/install/ros_gz_example_application:/opt/ros/humble GZ_SIM_RESOURCE_PATH=/home/ws/install/ros_gz_example_description/share/ros_gz_example_description/models:${GZ_SIM_RESOURCE_PATH} /usr/bin/cmake --build /home/ws/build/ros_gz_example_gazebo -- -j12 -l12
[9.088s] DEBUG:colcon.colcon_core.event_handler.log_command:Invoking command in '/home/ws/build/ros_gz_example_gazebo': CMAKE_PREFIX_PATH=/home/ws/install/ros_gz_example_description:/home/ws/install/ros_gz_example_bringup:/home/ws/install/ros_gz_example_gazebo:/home/ws/install/ros_gz_example_application:/opt/ros/humble GZ_SIM_RESOURCE_PATH=/home/ws/install/ros_gz_example_description/share/ros_gz_example_description/models:${GZ_SIM_RESOURCE_PATH} /usr/bin/cmake --install /home/ws/build/ros_gz_example_gazebo
[9.961s] Level 1:colcon.colcon_core.environment:create_environment_scripts_only(ros_gz_example_gazebo)
[9.961s] Level 1:colcon.colcon_core.environment:checking '/home/ws/install/ros_gz_example_gazebo' for CMake module files
[9.962s] DEBUG:colcon.colcon_core.event_handler.log_command:Invoked command in '/home/ws/build/ros_gz_example_gazebo' returned '0': CMAKE_PREFIX_PATH=/home/ws/install/ros_gz_example_description:/home/ws/install/ros_gz_example_bringup:/home/ws/install/ros_gz_example_gazebo:/home/ws/install/ros_gz_example_application:/opt/ros/humble GZ_SIM_RESOURCE_PATH=/home/ws/install/ros_gz_example_description/share/ros_gz_example_description/models:${GZ_SIM_RESOURCE_PATH} /usr/bin/cmake --install /home/ws/build/ros_gz_example_gazebo
[10.062s] Level 1:colcon.colcon_core.environment:checking '/home/ws/install/ros_gz_example_gazebo' for CMake config files
[10.150s] Level 1:colcon.colcon_core.shell:create_environment_hook('ros_gz_example_gazebo', 'cmake_prefix_path')
[10.151s] INFO:colcon.colcon_core.shell:Creating environment hook '/home/ws/install/ros_gz_example_gazebo/share/ros_gz_example_gazebo/hook/cmake_prefix_path.ps1'
[10.162s] INFO:colcon.colcon_core.shell:Creating environment descriptor '/home/ws/install/ros_gz_example_gazebo/share/ros_gz_example_gazebo/hook/cmake_prefix_path.dsv'
[10.173s] INFO:colcon.colcon_core.shell:Creating environment hook '/home/ws/install/ros_gz_example_gazebo/share/ros_gz_example_gazebo/hook/cmake_prefix_path.sh'
[10.189s] Level 1:colcon.colcon_core.environment:checking '/home/ws/install/ros_gz_example_gazebo/lib'
[10.193s] Level 1:colcon.colcon_core.environment:checking '/home/ws/install/ros_gz_example_gazebo/bin'
[10.194s] Level 1:colcon.colcon_core.environment:checking '/home/ws/install/ros_gz_example_gazebo/lib/pkgconfig/ros_gz_example_gazebo.pc'
[10.196s] Level 1:colcon.colcon_core.environment:checking '/home/ws/install/ros_gz_example_gazebo/lib/python3.10/site-packages'
[10.197s] Level 1:colcon.colcon_core.environment:checking '/home/ws/install/ros_gz_example_gazebo/bin'
[10.199s] INFO:colcon.colcon_core.shell:Creating package script '/home/ws/install/ros_gz_example_gazebo/share/ros_gz_example_gazebo/package.ps1'
[10.209s] INFO:colcon.colcon_core.shell:Creating package descriptor '/home/ws/install/ros_gz_example_gazebo/share/ros_gz_example_gazebo/package.dsv'
[10.222s] INFO:colcon.colcon_core.shell:Creating package script '/home/ws/install/ros_gz_example_gazebo/share/ros_gz_example_gazebo/package.sh'
[10.235s] INFO:colcon.colcon_core.shell:Creating package script '/home/ws/install/ros_gz_example_gazebo/share/ros_gz_example_gazebo/package.bash'
[10.246s] INFO:colcon.colcon_core.shell:Creating package script '/home/ws/install/ros_gz_example_gazebo/share/ros_gz_example_gazebo/package.zsh'
[10.257s] Level 1:colcon.colcon_core.environment:create_file_with_runtime_dependencies(/home/ws/install/ros_gz_example_gazebo/share/colcon-core/packages/ros_gz_example_gazebo)
[10.280s] Level 1:colcon.colcon_core.environment:create_environment_scripts_only(ros_gz_example_gazebo)
[10.280s] Level 1:colcon.colcon_core.environment:checking '/home/ws/install/ros_gz_example_gazebo' for CMake module files
[10.372s] Level 1:colcon.colcon_core.environment:checking '/home/ws/install/ros_gz_example_gazebo' for CMake config files
[10.471s] Level 1:colcon.colcon_core.shell:create_environment_hook('ros_gz_example_gazebo', 'cmake_prefix_path')
[10.472s] INFO:colcon.colcon_core.shell:Creating environment hook '/home/ws/install/ros_gz_example_gazebo/share/ros_gz_example_gazebo/hook/cmake_prefix_path.ps1'
[10.485s] INFO:colcon.colcon_core.shell:Creating environment descriptor '/home/ws/install/ros_gz_example_gazebo/share/ros_gz_example_gazebo/hook/cmake_prefix_path.dsv'
[10.499s] INFO:colcon.colcon_core.shell:Creating environment hook '/home/ws/install/ros_gz_example_gazebo/share/ros_gz_example_gazebo/hook/cmake_prefix_path.sh'
[10.521s] Level 1:colcon.colcon_core.environment:checking '/home/ws/install/ros_gz_example_gazebo/lib'
[10.525s] Level 1:colcon.colcon_core.environment:checking '/home/ws/install/ros_gz_example_gazebo/bin'
[10.527s] Level 1:colcon.colcon_core.environment:checking '/home/ws/install/ros_gz_example_gazebo/lib/pkgconfig/ros_gz_example_gazebo.pc'
[10.530s] Level 1:colcon.colcon_core.environment:checking '/home/ws/install/ros_gz_example_gazebo/lib/python3.10/site-packages'
[10.532s] Level 1:colcon.colcon_core.environment:checking '/home/ws/install/ros_gz_example_gazebo/bin'
[10.534s] INFO:colcon.colcon_core.shell:Creating package script '/home/ws/install/ros_gz_example_gazebo/share/ros_gz_example_gazebo/package.ps1'
[10.546s] INFO:colcon.colcon_core.shell:Creating package descriptor '/home/ws/install/ros_gz_example_gazebo/share/ros_gz_example_gazebo/package.dsv'
[10.558s] INFO:colcon.colcon_core.shell:Creating package script '/home/ws/install/ros_gz_example_gazebo/share/ros_gz_example_gazebo/package.sh'
[10.570s] INFO:colcon.colcon_core.shell:Creating package script '/home/ws/install/ros_gz_example_gazebo/share/ros_gz_example_gazebo/package.bash'
[10.581s] INFO:colcon.colcon_core.shell:Creating package script '/home/ws/install/ros_gz_example_gazebo/share/ros_gz_example_gazebo/package.zsh'
[10.592s] Level 1:colcon.colcon_core.environment:create_file_with_runtime_dependencies(/home/ws/install/ros_gz_example_gazebo/share/colcon-core/packages/ros_gz_example_gazebo)
[10.601s] INFO:colcon.colcon_ros.task.ament_cmake.build:Building ROS package in '/home/ws/ros_gz_example_bringup' with build type 'ament_cmake'
[10.601s] INFO:colcon.colcon_cmake.task.cmake.build:Building CMake package in '/home/ws/ros_gz_example_bringup'
[10.602s] INFO:colcon.colcon_core.shell:Skip shell extension 'powershell' for command environment: Not usable outside of PowerShell
[10.602s] DEBUG:colcon.colcon_core.shell:Skip shell extension 'dsv' for command environment
[10.796s] DEBUG:colcon.colcon_core.event_handler.log_command:Invoking command in '/home/ws/build/ros_gz_example_bringup': CMAKE_PREFIX_PATH=/home/ws/install/ros_gz_example_gazebo:/home/ws/install/ros_gz_example_description:/home/ws/install/ros_gz_example_bringup:/home/ws/install/ros_gz_example_application:/opt/ros/humble GZ_SIM_PLUGIN_PATH=/home/ws/install/ros_gz_example_gazebo/lib/ros_gz_example_gazebo GZ_SIM_RESOURCE_PATH=/home/ws/install/ros_gz_example_description/share/ros_gz_example_description/models:${GZ_SIM_RESOURCE_PATH} /usr/bin/cmake --build /home/ws/build/ros_gz_example_bringup -- -j12 -l12
[10.894s] DEBUG:colcon.colcon_core.event_handler.log_command:Invoked command in '/home/ws/build/ros_gz_example_bringup' returned '0': CMAKE_PREFIX_PATH=/home/ws/install/ros_gz_example_gazebo:/home/ws/install/ros_gz_example_description:/home/ws/install/ros_gz_example_bringup:/home/ws/install/ros_gz_example_application:/opt/ros/humble GZ_SIM_PLUGIN_PATH=/home/ws/install/ros_gz_example_gazebo/lib/ros_gz_example_gazebo GZ_SIM_RESOURCE_PATH=/home/ws/install/ros_gz_example_description/share/ros_gz_example_description/models:${GZ_SIM_RESOURCE_PATH} /usr/bin/cmake --build /home/ws/build/ros_gz_example_bringup -- -j12 -l12
[10.914s] DEBUG:colcon.colcon_core.event_handler.log_command:Invoking command in '/home/ws/build/ros_gz_example_bringup': CMAKE_PREFIX_PATH=/home/ws/install/ros_gz_example_gazebo:/home/ws/install/ros_gz_example_description:/home/ws/install/ros_gz_example_bringup:/home/ws/install/ros_gz_example_application:/opt/ros/humble GZ_SIM_PLUGIN_PATH=/home/ws/install/ros_gz_example_gazebo/lib/ros_gz_example_gazebo GZ_SIM_RESOURCE_PATH=/home/ws/install/ros_gz_example_description/share/ros_gz_example_description/models:${GZ_SIM_RESOURCE_PATH} /usr/bin/cmake --install /home/ws/build/ros_gz_example_bringup
[11.472s] Level 1:colcon.colcon_core.environment:create_environment_scripts_only(ros_gz_example_bringup)
[11.472s] Level 1:colcon.colcon_core.environment:checking '/home/ws/install/ros_gz_example_bringup' for CMake module files
[11.473s] DEBUG:colcon.colcon_core.event_handler.log_command:Invoked command in '/home/ws/build/ros_gz_example_bringup' returned '0': CMAKE_PREFIX_PATH=/home/ws/install/ros_gz_example_gazebo:/home/ws/install/ros_gz_example_description:/home/ws/install/ros_gz_example_bringup:/home/ws/install/ros_gz_example_application:/opt/ros/humble GZ_SIM_PLUGIN_PATH=/home/ws/install/ros_gz_example_gazebo/lib/ros_gz_example_gazebo GZ_SIM_RESOURCE_PATH=/home/ws/install/ros_gz_example_description/share/ros_gz_example_description/models:${GZ_SIM_RESOURCE_PATH} /usr/bin/cmake --install /home/ws/build/ros_gz_example_bringup
[11.542s] Level 1:colcon.colcon_core.environment:checking '/home/ws/install/ros_gz_example_bringup' for CMake config files
[11.590s] Level 1:colcon.colcon_core.shell:create_environment_hook('ros_gz_example_bringup', 'cmake_prefix_path')
[11.590s] INFO:colcon.colcon_core.shell:Creating environment hook '/home/ws/install/ros_gz_example_bringup/share/ros_gz_example_bringup/hook/cmake_prefix_path.ps1'
[11.604s] INFO:colcon.colcon_core.shell:Creating environment descriptor '/home/ws/install/ros_gz_example_bringup/share/ros_gz_example_bringup/hook/cmake_prefix_path.dsv'
[11.615s] INFO:colcon.colcon_core.shell:Creating environment hook '/home/ws/install/ros_gz_example_bringup/share/ros_gz_example_bringup/hook/cmake_prefix_path.sh'
[11.630s] Level 1:colcon.colcon_core.environment:checking '/home/ws/install/ros_gz_example_bringup/bin'
[11.632s] Level 1:colcon.colcon_core.environment:checking '/home/ws/install/ros_gz_example_bringup/lib/pkgconfig/ros_gz_example_bringup.pc'
[11.634s] Level 1:colcon.colcon_core.environment:checking '/home/ws/install/ros_gz_example_bringup/lib/python3.10/site-packages'
[11.635s] Level 1:colcon.colcon_core.environment:checking '/home/ws/install/ros_gz_example_bringup/bin'
[11.636s] INFO:colcon.colcon_core.shell:Creating package script '/home/ws/install/ros_gz_example_bringup/share/ros_gz_example_bringup/package.ps1'
[11.646s] INFO:colcon.colcon_core.shell:Creating package descriptor '/home/ws/install/ros_gz_example_bringup/share/ros_gz_example_bringup/package.dsv'
[11.656s] INFO:colcon.colcon_core.shell:Creating package script '/home/ws/install/ros_gz_example_bringup/share/ros_gz_example_bringup/package.sh'
[11.667s] INFO:colcon.colcon_core.shell:Creating package script '/home/ws/install/ros_gz_example_bringup/share/ros_gz_example_bringup/package.bash'
[11.679s] INFO:colcon.colcon_core.shell:Creating package script '/home/ws/install/ros_gz_example_bringup/share/ros_gz_example_bringup/package.zsh'
[11.689s] Level 1:colcon.colcon_core.environment:create_file_with_runtime_dependencies(/home/ws/install/ros_gz_example_bringup/share/colcon-core/packages/ros_gz_example_bringup)
[11.710s] Level 1:colcon.colcon_core.environment:create_environment_scripts_only(ros_gz_example_bringup)
[11.710s] Level 1:colcon.colcon_core.environment:checking '/home/ws/install/ros_gz_example_bringup' for CMake module files
[11.776s] Level 1:colcon.colcon_core.environment:checking '/home/ws/install/ros_gz_example_bringup' for CMake config files
[11.827s] Level 1:colcon.colcon_core.shell:create_environment_hook('ros_gz_example_bringup', 'cmake_prefix_path')
[11.827s] INFO:colcon.colcon_core.shell:Creating environment hook '/home/ws/install/ros_gz_example_bringup/share/ros_gz_example_bringup/hook/cmake_prefix_path.ps1'
[11.842s] INFO:colcon.colcon_core.shell:Creating environment descriptor '/home/ws/install/ros_gz_example_bringup/share/ros_gz_example_bringup/hook/cmake_prefix_path.dsv'
[11.854s] INFO:colcon.colcon_core.shell:Creating environment hook '/home/ws/install/ros_gz_example_bringup/share/ros_gz_example_bringup/hook/cmake_prefix_path.sh'
[11.870s] Level 1:colcon.colcon_core.environment:checking '/home/ws/install/ros_gz_example_bringup/bin'
[11.872s] Level 1:colcon.colcon_core.environment:checking '/home/ws/install/ros_gz_example_bringup/lib/pkgconfig/ros_gz_example_bringup.pc'
[11.873s] Level 1:colcon.colcon_core.environment:checking '/home/ws/install/ros_gz_example_bringup/lib/python3.10/site-packages'
[11.874s] Level 1:colcon.colcon_core.environment:checking '/home/ws/install/ros_gz_example_bringup/bin'
[11.876s] INFO:colcon.colcon_core.shell:Creating package script '/home/ws/install/ros_gz_example_bringup/share/ros_gz_example_bringup/package.ps1'
[11.887s] INFO:colcon.colcon_core.shell:Creating package descriptor '/home/ws/install/ros_gz_example_bringup/share/ros_gz_example_bringup/package.dsv'
[11.899s] INFO:colcon.colcon_core.shell:Creating package script '/home/ws/install/ros_gz_example_bringup/share/ros_gz_example_bringup/package.sh'
[11.910s] INFO:colcon.colcon_core.shell:Creating package script '/home/ws/install/ros_gz_example_bringup/share/ros_gz_example_bringup/package.bash'
[11.920s] INFO:colcon.colcon_core.shell:Creating package script '/home/ws/install/ros_gz_example_bringup/share/ros_gz_example_bringup/package.zsh'
[11.933s] Level 1:colcon.colcon_core.environment:create_file_with_runtime_dependencies(/home/ws/install/ros_gz_example_bringup/share/colcon-core/packages/ros_gz_example_bringup)
[11.943s] DEBUG:colcon.colcon_parallel_executor.executor.parallel:closing loop
[11.943s] DEBUG:colcon.colcon_parallel_executor.executor.parallel:loop closed
[11.944s] DEBUG:colcon.colcon_parallel_executor.executor.parallel:run_until_complete finished with '0'
[11.944s] DEBUG:colcon.colcon_core.event_reactor:joining thread
[11.964s] INFO:colcon.colcon_core.plugin_system:Skipping extension 'colcon_notification.desktop_notification.notify_send': Could not find 'notify-send'
[11.965s] INFO:colcon.colcon_core.plugin_system:Skipping extension 'colcon_notification.desktop_notification.terminal_notifier': Not used on non-Darwin systems
[11.966s] INFO:colcon.colcon_core.plugin_system:Skipping extension 'colcon_notification.desktop_notification.win32': Not used on non-Windows systems
[11.966s] INFO:colcon.colcon_notification.desktop_notification:Sending desktop notification using 'notify2'
[11.969s] DEBUG:colcon.colcon_notification.desktop_notification.notify2:Failed to initialize notify2: org.freedesktop.DBus.Error.Spawn.ExecFailed: /usr/bin/dbus-launch terminated abnormally without any error message
[11.970s] DEBUG:colcon.colcon_core.event_reactor:joined thread
[11.971s] INFO:colcon.colcon_core.shell:Creating prefix script '/home/ws/install/local_setup.ps1'
[11.979s] INFO:colcon.colcon_core.shell:Creating prefix util module '/home/ws/install/_local_setup_util_ps1.py'
[11.985s] INFO:colcon.colcon_core.shell:Creating prefix chain script '/home/ws/install/setup.ps1'
[12.022s] INFO:colcon.colcon_core.shell:Creating prefix script '/home/ws/install/local_setup.sh'
[12.026s] INFO:colcon.colcon_core.shell:Creating prefix util module '/home/ws/install/_local_setup_util_sh.py'
[12.034s] INFO:colcon.colcon_core.shell:Creating prefix chain script '/home/ws/install/setup.sh'
[12.066s] INFO:colcon.colcon_core.shell:Creating prefix script '/home/ws/install/local_setup.bash'
[12.071s] INFO:colcon.colcon_core.shell:Creating prefix chain script '/home/ws/install/setup.bash'
[12.104s] INFO:colcon.colcon_core.shell:Creating prefix script '/home/ws/install/local_setup.zsh'
[12.110s] INFO:colcon.colcon_core.shell:Creating prefix chain script '/home/ws/install/setup.zsh'
