[0.163s] Invoking command in '/home/ws/build/ros_gz_example_application': CMAKE_PREFIX_PATH=${CMAKE_PREFIX_PATH}:/opt/ros/humble /usr/bin/cmake --build /home/ws/build/ros_gz_example_application -- -j12 -l12
[0.255s] Invoked command in '/home/ws/build/ros_gz_example_application' returned '0': CMAKE_PREFIX_PATH=${CMAKE_PREFIX_PATH}:/opt/ros/humble /usr/bin/cmake --build /home/ws/build/ros_gz_example_application -- -j12 -l12
[0.273s] Invoking command in '/home/ws/build/ros_gz_example_application': CMAKE_PREFIX_PATH=${CMAKE_PREFIX_PATH}:/opt/ros/humble /usr/bin/cmake --install /home/ws/build/ros_gz_example_application
[0.283s] -- Install configuration: ""
[0.292s] -- Execute custom install script
[0.343s] -- Up-to-date symlink: /home/ws/install/ros_gz_example_application/share/ament_index/resource_index/package_run_dependencies/ros_gz_example_application
[0.386s] -- Up-to-date symlink: /home/ws/install/ros_gz_example_application/share/ament_index/resource_index/parent_prefix_path/ros_gz_example_application
[0.403s] -- Up-to-date symlink: /home/ws/install/ros_gz_example_application/share/ros_gz_example_application/environment/ament_prefix_path.sh
[0.425s] -- Up-to-date symlink: /home/ws/install/ros_gz_example_application/share/ros_gz_example_application/environment/ament_prefix_path.dsv
[0.444s] -- Up-to-date symlink: /home/ws/install/ros_gz_example_application/share/ros_gz_example_application/environment/path.sh
[0.466s] -- Up-to-date symlink: /home/ws/install/ros_gz_example_application/share/ros_gz_example_application/environment/path.dsv
[0.480s] -- Up-to-date symlink: /home/ws/install/ros_gz_example_application/share/ros_gz_example_application/local_setup.bash
[0.494s] -- Up-to-date symlink: /home/ws/install/ros_gz_example_application/share/ros_gz_example_application/local_setup.sh
[0.506s] -- Up-to-date symlink: /home/ws/install/ros_gz_example_application/share/ros_gz_example_application/local_setup.zsh
[0.521s] -- Up-to-date symlink: /home/ws/install/ros_gz_example_application/share/ros_gz_example_application/local_setup.dsv
[0.528s] -- Symlinking: /home/ws/install/ros_gz_example_application/share/ros_gz_example_application/package.dsv
[0.595s] -- Up-to-date symlink: /home/ws/install/ros_gz_example_application/share/ament_index/resource_index/packages/ros_gz_example_application
[0.614s] -- Up-to-date symlink: /home/ws/install/ros_gz_example_application/share/ros_gz_example_application/cmake/ros_gz_example_applicationConfig.cmake
[0.635s] -- Up-to-date symlink: /home/ws/install/ros_gz_example_application/share/ros_gz_example_application/cmake/ros_gz_example_applicationConfig-version.cmake
[0.652s] -- Up-to-date symlink: /home/ws/install/ros_gz_example_application/share/ros_gz_example_application/package.xml
[0.657s] Invoked command in '/home/ws/build/ros_gz_example_application' returned '0': CMAKE_PREFIX_PATH=${CMAKE_PREFIX_PATH}:/opt/ros/humble /usr/bin/cmake --install /home/ws/build/ros_gz_example_application
