[0.129s] Invoking command in '/home/ws/build/ros_gz_example_application': CMAKE_PREFIX_PATH=${CMAKE_PREFIX_PATH}:/opt/ros/humble /usr/bin/cmake --build /home/ws/build/ros_gz_example_application -- -j12 -l12
[0.209s] Invoked command in '/home/ws/build/ros_gz_example_application' returned '0': CMAKE_PREFIX_PATH=${CMAKE_PREFIX_PATH}:/opt/ros/humble /usr/bin/cmake --build /home/ws/build/ros_gz_example_application -- -j12 -l12
[0.224s] Invoking command in '/home/ws/build/ros_gz_example_application': CMAKE_PREFIX_PATH=${CMAKE_PREFIX_PATH}:/opt/ros/humble /usr/bin/cmake --install /home/ws/build/ros_gz_example_application
[0.234s] -- Install configuration: ""
[0.241s] -- Execute custom install script
[0.281s] -- Up-to-date symlink: /home/ws/install/ros_gz_example_application/share/ament_index/resource_index/package_run_dependencies/ros_gz_example_application
[0.322s] -- Up-to-date symlink: /home/ws/install/ros_gz_example_application/share/ament_index/resource_index/parent_prefix_path/ros_gz_example_application
[0.340s] -- Up-to-date symlink: /home/ws/install/ros_gz_example_application/share/ros_gz_example_application/environment/ament_prefix_path.sh
[0.359s] -- Up-to-date symlink: /home/ws/install/ros_gz_example_application/share/ros_gz_example_application/environment/ament_prefix_path.dsv
[0.375s] -- Up-to-date symlink: /home/ws/install/ros_gz_example_application/share/ros_gz_example_application/environment/path.sh
[0.393s] -- Up-to-date symlink: /home/ws/install/ros_gz_example_application/share/ros_gz_example_application/environment/path.dsv
[0.409s] -- Up-to-date symlink: /home/ws/install/ros_gz_example_application/share/ros_gz_example_application/local_setup.bash
[0.424s] -- Up-to-date symlink: /home/ws/install/ros_gz_example_application/share/ros_gz_example_application/local_setup.sh
[0.441s] -- Up-to-date symlink: /home/ws/install/ros_gz_example_application/share/ros_gz_example_application/local_setup.zsh
[0.456s] -- Up-to-date symlink: /home/ws/install/ros_gz_example_application/share/ros_gz_example_application/local_setup.dsv
[0.463s] -- Symlinking: /home/ws/install/ros_gz_example_application/share/ros_gz_example_application/package.dsv
[0.527s] -- Up-to-date symlink: /home/ws/install/ros_gz_example_application/share/ament_index/resource_index/packages/ros_gz_example_application
[0.547s] -- Up-to-date symlink: /home/ws/install/ros_gz_example_application/share/ros_gz_example_application/cmake/ros_gz_example_applicationConfig.cmake
[0.561s] -- Up-to-date symlink: /home/ws/install/ros_gz_example_application/share/ros_gz_example_application/cmake/ros_gz_example_applicationConfig-version.cmake
[0.577s] -- Up-to-date symlink: /home/ws/install/ros_gz_example_application/share/ros_gz_example_application/package.xml
[0.582s] Invoked command in '/home/ws/build/ros_gz_example_application' returned '0': CMAKE_PREFIX_PATH=${CMAKE_PREFIX_PATH}:/opt/ros/humble /usr/bin/cmake --install /home/ws/build/ros_gz_example_application
