[0.146s] DEBUG:colcon:Command line arguments: ['/usr/bin/colcon', 'build']
[0.147s] DEBUG:colcon:Parsed command line arguments: Namespace(log_base=None, log_level=None, verb_name='build', build_base='build', install_base='install', merge_install=False, symlink_install=False, test_result_base=None, continue_on_error=False, executor='parallel', parallel_workers=12, event_handlers=None, ignore_user_meta=False, metas=['./colcon.meta'], base_paths=['.'], packages_ignore=None, packages_ignore_regex=None, paths=None, packages_up_to=None, packages_up_to_regex=None, packages_above=None, packages_above_and_dependencies=None, packages_above_depth=None, packages_select_by_dep=None, packages_skip_by_dep=None, packages_skip_up_to=None, packages_select_build_failed=False, packages_skip_build_finished=False, packages_select_test_failures=False, packages_skip_test_passed=False, packages_select=None, packages_skip=None, packages_select_regex=None, packages_skip_regex=None, packages_start=None, packages_end=None, cmake_args=None, cmake_target=None, cmake_target_skip_unavailable=False, cmake_clean_cache=False, cmake_clean_first=False, cmake_force_configure=False, ament_cmake_args=None, catkin_cmake_args=None, catkin_skip_building_tests=False, mixin_files=None, mixin=None, verb_parser=<colcon_mixin.mixin.mixin_argument.MixinArgumentDecorator object at 0x7f7832962fe0>, verb_extension=<colcon_core.verb.build.BuildVerb object at 0x7f7832961f90>, main=<bound method BuildVerb.main of <colcon_core.verb.build.BuildVerb object at 0x7f7832961f90>>, mixin_verb=('build',))
[0.295s] Level 1:colcon.colcon_core.package_discovery:discover_packages(colcon_meta) check parameters
[0.296s] Level 1:colcon.colcon_core.package_discovery:discover_packages(recursive) check parameters
[0.296s] Level 1:colcon.colcon_core.package_discovery:discover_packages(ignore) check parameters
[0.297s] Level 1:colcon.colcon_core.package_discovery:discover_packages(path) check parameters
[0.297s] Level 1:colcon.colcon_core.package_discovery:discover_packages(colcon_meta) discover
[0.298s] Level 1:colcon.colcon_core.package_discovery:discover_packages(recursive) discover
[0.298s] INFO:colcon.colcon_core.package_discovery:Crawling recursively for packages in '/home/ws'
[0.300s] Level 1:colcon.colcon_core.package_identification:_identify(.) by extensions ['ignore', 'ignore_ament_install']
[0.301s] Level 1:colcon.colcon_core.package_identification:_identify(.) by extension 'ignore'
[0.301s] Level 1:colcon.colcon_core.package_identification:_identify(.) by extension 'ignore_ament_install'
[0.302s] Level 1:colcon.colcon_core.package_identification:_identify(.) by extensions ['colcon_pkg']
[0.302s] Level 1:colcon.colcon_core.package_identification:_identify(.) by extension 'colcon_pkg'
[0.303s] Level 1:colcon.colcon_core.package_identification:_identify(.) by extensions ['colcon_meta']
[0.303s] Level 1:colcon.colcon_core.package_identification:_identify(.) by extension 'colcon_meta'
[0.303s] Level 1:colcon.colcon_core.package_identification:_identify(.) by extensions ['ros']
[0.303s] Level 1:colcon.colcon_core.package_identification:_identify(.) by extension 'ros'
[0.316s] Level 1:colcon.colcon_core.package_identification:_identify(.) by extensions ['cmake', 'python']
[0.316s] Level 1:colcon.colcon_core.package_identification:_identify(.) by extension 'cmake'
[0.317s] Level 1:colcon.colcon_core.package_identification:_identify(.) by extension 'python'
[0.318s] Level 1:colcon.colcon_core.package_identification:_identify(.) by extensions ['python_setup_py']
[0.318s] Level 1:colcon.colcon_core.package_identification:_identify(.) by extension 'python_setup_py'
[0.322s] Level 1:colcon.colcon_core.package_identification:_identify(build) by extensions ['ignore', 'ignore_ament_install']
[0.322s] Level 1:colcon.colcon_core.package_identification:_identify(build) by extension 'ignore'
[0.323s] Level 1:colcon.colcon_core.package_identification:_identify(build) ignored
[0.326s] Level 1:colcon.colcon_core.package_identification:_identify(install) by extensions ['ignore', 'ignore_ament_install']
[0.326s] Level 1:colcon.colcon_core.package_identification:_identify(install) by extension 'ignore'
[0.327s] Level 1:colcon.colcon_core.package_identification:_identify(install) ignored
[0.330s] Level 1:colcon.colcon_core.package_identification:_identify(log) by extensions ['ignore', 'ignore_ament_install']
[0.331s] Level 1:colcon.colcon_core.package_identification:_identify(log) by extension 'ignore'
[0.332s] Level 1:colcon.colcon_core.package_identification:_identify(log) ignored
[0.334s] Level 1:colcon.colcon_core.package_identification:_identify(ros_gz_example_application) by extensions ['ignore', 'ignore_ament_install']
[0.334s] Level 1:colcon.colcon_core.package_identification:_identify(ros_gz_example_application) by extension 'ignore'
[0.335s] Level 1:colcon.colcon_core.package_identification:_identify(ros_gz_example_application) by extension 'ignore_ament_install'
[0.336s] Level 1:colcon.colcon_core.package_identification:_identify(ros_gz_example_application) by extensions ['colcon_pkg']
[0.336s] Level 1:colcon.colcon_core.package_identification:_identify(ros_gz_example_application) by extension 'colcon_pkg'
[0.337s] Level 1:colcon.colcon_core.package_identification:_identify(ros_gz_example_application) by extensions ['colcon_meta']
[0.337s] Level 1:colcon.colcon_core.package_identification:_identify(ros_gz_example_application) by extension 'colcon_meta'
[0.337s] Level 1:colcon.colcon_core.package_identification:_identify(ros_gz_example_application) by extensions ['ros']
[0.338s] Level 1:colcon.colcon_core.package_identification:_identify(ros_gz_example_application) by extension 'ros'
[0.347s] DEBUG:colcon.colcon_core.package_identification:Package 'ros_gz_example_application' with type 'ros.ament_cmake' and name 'ros_gz_example_application'
[0.349s] Level 1:colcon.colcon_core.package_identification:_identify(ros_gz_example_bringup) by extensions ['ignore', 'ignore_ament_install']
[0.349s] Level 1:colcon.colcon_core.package_identification:_identify(ros_gz_example_bringup) by extension 'ignore'
[0.350s] Level 1:colcon.colcon_core.package_identification:_identify(ros_gz_example_bringup) by extension 'ignore_ament_install'
[0.351s] Level 1:colcon.colcon_core.package_identification:_identify(ros_gz_example_bringup) by extensions ['colcon_pkg']
[0.351s] Level 1:colcon.colcon_core.package_identification:_identify(ros_gz_example_bringup) by extension 'colcon_pkg'
[0.352s] Level 1:colcon.colcon_core.package_identification:_identify(ros_gz_example_bringup) by extensions ['colcon_meta']
[0.352s] Level 1:colcon.colcon_core.package_identification:_identify(ros_gz_example_bringup) by extension 'colcon_meta'
[0.353s] Level 1:colcon.colcon_core.package_identification:_identify(ros_gz_example_bringup) by extensions ['ros']
[0.354s] Level 1:colcon.colcon_core.package_identification:_identify(ros_gz_example_bringup) by extension 'ros'
[0.361s] DEBUG:colcon.colcon_core.package_identification:Package 'ros_gz_example_bringup' with type 'ros.ament_cmake' and name 'ros_gz_example_bringup'
[0.364s] Level 1:colcon.colcon_core.package_identification:_identify(ros_gz_example_description) by extensions ['ignore', 'ignore_ament_install']
[0.364s] Level 1:colcon.colcon_core.package_identification:_identify(ros_gz_example_description) by extension 'ignore'
[0.365s] Level 1:colcon.colcon_core.package_identification:_identify(ros_gz_example_description) by extension 'ignore_ament_install'
[0.366s] Level 1:colcon.colcon_core.package_identification:_identify(ros_gz_example_description) by extensions ['colcon_pkg']
[0.366s] Level 1:colcon.colcon_core.package_identification:_identify(ros_gz_example_description) by extension 'colcon_pkg'
[0.367s] Level 1:colcon.colcon_core.package_identification:_identify(ros_gz_example_description) by extensions ['colcon_meta']
[0.367s] Level 1:colcon.colcon_core.package_identification:_identify(ros_gz_example_description) by extension 'colcon_meta'
[0.368s] Level 1:colcon.colcon_core.package_identification:_identify(ros_gz_example_description) by extensions ['ros']
[0.368s] Level 1:colcon.colcon_core.package_identification:_identify(ros_gz_example_description) by extension 'ros'
[0.376s] DEBUG:colcon.colcon_core.package_identification:Package 'ros_gz_example_description' with type 'ros.ament_cmake' and name 'ros_gz_example_description'
[0.378s] Level 1:colcon.colcon_core.package_identification:_identify(ros_gz_example_gazebo) by extensions ['ignore', 'ignore_ament_install']
[0.378s] Level 1:colcon.colcon_core.package_identification:_identify(ros_gz_example_gazebo) by extension 'ignore'
[0.379s] Level 1:colcon.colcon_core.package_identification:_identify(ros_gz_example_gazebo) by extension 'ignore_ament_install'
[0.380s] Level 1:colcon.colcon_core.package_identification:_identify(ros_gz_example_gazebo) by extensions ['colcon_pkg']
[0.380s] Level 1:colcon.colcon_core.package_identification:_identify(ros_gz_example_gazebo) by extension 'colcon_pkg'
[0.381s] Level 1:colcon.colcon_core.package_identification:_identify(ros_gz_example_gazebo) by extensions ['colcon_meta']
[0.382s] Level 1:colcon.colcon_core.package_identification:_identify(ros_gz_example_gazebo) by extension 'colcon_meta'
[0.382s] Level 1:colcon.colcon_core.package_identification:_identify(ros_gz_example_gazebo) by extensions ['ros']
[0.383s] Level 1:colcon.colcon_core.package_identification:_identify(ros_gz_example_gazebo) by extension 'ros'
[0.391s] DEBUG:colcon.colcon_core.package_identification:Package 'ros_gz_example_gazebo' with type 'ros.ament_cmake' and name 'ros_gz_example_gazebo'
[0.391s] Level 1:colcon.colcon_core.package_discovery:discover_packages(recursive) using defaults
[0.391s] Level 1:colcon.colcon_core.package_discovery:discover_packages(ignore) discover
[0.391s] Level 1:colcon.colcon_core.package_discovery:discover_packages(ignore) using defaults
[0.392s] Level 1:colcon.colcon_core.package_discovery:discover_packages(path) discover
[0.392s] Level 1:colcon.colcon_core.package_discovery:discover_packages(path) using defaults
[0.420s] Level 5:colcon.colcon_core.verb:set package 'ros_gz_example_application' build argument 'cmake_args' from command line to 'None'
[0.420s] Level 5:colcon.colcon_core.verb:set package 'ros_gz_example_application' build argument 'cmake_target' from command line to 'None'
[0.420s] Level 5:colcon.colcon_core.verb:set package 'ros_gz_example_application' build argument 'cmake_target_skip_unavailable' from command line to 'False'
[0.420s] Level 5:colcon.colcon_core.verb:set package 'ros_gz_example_application' build argument 'cmake_clean_cache' from command line to 'False'
[0.421s] Level 5:colcon.colcon_core.verb:set package 'ros_gz_example_application' build argument 'cmake_clean_first' from command line to 'False'
[0.421s] Level 5:colcon.colcon_core.verb:set package 'ros_gz_example_application' build argument 'cmake_force_configure' from command line to 'False'
[0.421s] Level 5:colcon.colcon_core.verb:set package 'ros_gz_example_application' build argument 'ament_cmake_args' from command line to 'None'
[0.421s] Level 5:colcon.colcon_core.verb:set package 'ros_gz_example_application' build argument 'catkin_cmake_args' from command line to 'None'
[0.421s] Level 5:colcon.colcon_core.verb:set package 'ros_gz_example_application' build argument 'catkin_skip_building_tests' from command line to 'False'
[0.422s] DEBUG:colcon.colcon_core.verb:Building package 'ros_gz_example_application' with the following arguments: {'ament_cmake_args': None, 'build_base': '/home/ws/build/ros_gz_example_application', 'catkin_cmake_args': None, 'catkin_skip_building_tests': False, 'cmake_args': None, 'cmake_clean_cache': False, 'cmake_clean_first': False, 'cmake_force_configure': False, 'cmake_target': None, 'cmake_target_skip_unavailable': False, 'install_base': '/home/ws/install/ros_gz_example_application', 'merge_install': False, 'path': '/home/ws/ros_gz_example_application', 'symlink_install': False, 'test_result_base': None}
[0.423s] Level 5:colcon.colcon_core.verb:set package 'ros_gz_example_description' build argument 'cmake_args' from command line to 'None'
[0.423s] Level 5:colcon.colcon_core.verb:set package 'ros_gz_example_description' build argument 'cmake_target' from command line to 'None'
[0.423s] Level 5:colcon.colcon_core.verb:set package 'ros_gz_example_description' build argument 'cmake_target_skip_unavailable' from command line to 'False'
[0.423s] Level 5:colcon.colcon_core.verb:set package 'ros_gz_example_description' build argument 'cmake_clean_cache' from command line to 'False'
[0.424s] Level 5:colcon.colcon_core.verb:set package 'ros_gz_example_description' build argument 'cmake_clean_first' from command line to 'False'
[0.424s] Level 5:colcon.colcon_core.verb:set package 'ros_gz_example_description' build argument 'cmake_force_configure' from command line to 'False'
[0.424s] Level 5:colcon.colcon_core.verb:set package 'ros_gz_example_description' build argument 'ament_cmake_args' from command line to 'None'
[0.424s] Level 5:colcon.colcon_core.verb:set package 'ros_gz_example_description' build argument 'catkin_cmake_args' from command line to 'None'
[0.424s] Level 5:colcon.colcon_core.verb:set package 'ros_gz_example_description' build argument 'catkin_skip_building_tests' from command line to 'False'
[0.425s] DEBUG:colcon.colcon_core.verb:Building package 'ros_gz_example_description' with the following arguments: {'ament_cmake_args': None, 'build_base': '/home/ws/build/ros_gz_example_description', 'catkin_cmake_args': None, 'catkin_skip_building_tests': False, 'cmake_args': None, 'cmake_clean_cache': False, 'cmake_clean_first': False, 'cmake_force_configure': False, 'cmake_target': None, 'cmake_target_skip_unavailable': False, 'install_base': '/home/ws/install/ros_gz_example_description', 'merge_install': False, 'path': '/home/ws/ros_gz_example_description', 'symlink_install': False, 'test_result_base': None}
[0.425s] Level 5:colcon.colcon_core.verb:set package 'ros_gz_example_gazebo' build argument 'cmake_args' from command line to 'None'
[0.426s] Level 5:colcon.colcon_core.verb:set package 'ros_gz_example_gazebo' build argument 'cmake_target' from command line to 'None'
[0.426s] Level 5:colcon.colcon_core.verb:set package 'ros_gz_example_gazebo' build argument 'cmake_target_skip_unavailable' from command line to 'False'
[0.426s] Level 5:colcon.colcon_core.verb:set package 'ros_gz_example_gazebo' build argument 'cmake_clean_cache' from command line to 'False'
[0.426s] Level 5:colcon.colcon_core.verb:set package 'ros_gz_example_gazebo' build argument 'cmake_clean_first' from command line to 'False'
[0.426s] Level 5:colcon.colcon_core.verb:set package 'ros_gz_example_gazebo' build argument 'cmake_force_configure' from command line to 'False'
[0.426s] Level 5:colcon.colcon_core.verb:set package 'ros_gz_example_gazebo' build argument 'ament_cmake_args' from command line to 'None'
[0.427s] Level 5:colcon.colcon_core.verb:set package 'ros_gz_example_gazebo' build argument 'catkin_cmake_args' from command line to 'None'
[0.427s] Level 5:colcon.colcon_core.verb:set package 'ros_gz_example_gazebo' build argument 'catkin_skip_building_tests' from command line to 'False'
[0.427s] DEBUG:colcon.colcon_core.verb:Building package 'ros_gz_example_gazebo' with the following arguments: {'ament_cmake_args': None, 'build_base': '/home/ws/build/ros_gz_example_gazebo', 'catkin_cmake_args': None, 'catkin_skip_building_tests': False, 'cmake_args': None, 'cmake_clean_cache': False, 'cmake_clean_first': False, 'cmake_force_configure': False, 'cmake_target': None, 'cmake_target_skip_unavailable': False, 'install_base': '/home/ws/install/ros_gz_example_gazebo', 'merge_install': False, 'path': '/home/ws/ros_gz_example_gazebo', 'symlink_install': False, 'test_result_base': None}
[0.428s] Level 5:colcon.colcon_core.verb:set package 'ros_gz_example_bringup' build argument 'cmake_args' from command line to 'None'
[0.428s] Level 5:colcon.colcon_core.verb:set package 'ros_gz_example_bringup' build argument 'cmake_target' from command line to 'None'
[0.428s] Level 5:colcon.colcon_core.verb:set package 'ros_gz_example_bringup' build argument 'cmake_target_skip_unavailable' from command line to 'False'
[0.428s] Level 5:colcon.colcon_core.verb:set package 'ros_gz_example_bringup' build argument 'cmake_clean_cache' from command line to 'False'
[0.429s] Level 5:colcon.colcon_core.verb:set package 'ros_gz_example_bringup' build argument 'cmake_clean_first' from command line to 'False'
[0.429s] Level 5:colcon.colcon_core.verb:set package 'ros_gz_example_bringup' build argument 'cmake_force_configure' from command line to 'False'
[0.429s] Level 5:colcon.colcon_core.verb:set package 'ros_gz_example_bringup' build argument 'ament_cmake_args' from command line to 'None'
[0.429s] Level 5:colcon.colcon_core.verb:set package 'ros_gz_example_bringup' build argument 'catkin_cmake_args' from command line to 'None'
[0.429s] Level 5:colcon.colcon_core.verb:set package 'ros_gz_example_bringup' build argument 'catkin_skip_building_tests' from command line to 'False'
[0.430s] DEBUG:colcon.colcon_core.verb:Building package 'ros_gz_example_bringup' with the following arguments: {'ament_cmake_args': None, 'build_base': '/home/ws/build/ros_gz_example_bringup', 'catkin_cmake_args': None, 'catkin_skip_building_tests': False, 'cmake_args': None, 'cmake_clean_cache': False, 'cmake_clean_first': False, 'cmake_force_configure': False, 'cmake_target': None, 'cmake_target_skip_unavailable': False, 'install_base': '/home/ws/install/ros_gz_example_bringup', 'merge_install': False, 'path': '/home/ws/ros_gz_example_bringup', 'symlink_install': False, 'test_result_base': None}
[0.430s] INFO:colcon.colcon_core.executor:Executing jobs using 'parallel' executor
[0.431s] DEBUG:colcon.colcon_parallel_executor.executor.parallel:run_until_complete
[0.432s] INFO:colcon.colcon_ros.task.ament_cmake.build:Building ROS package in '/home/ws/ros_gz_example_description' with build type 'ament_cmake'
[0.432s] INFO:colcon.colcon_cmake.task.cmake.build:Building CMake package in '/home/ws/ros_gz_example_description'
[0.435s] INFO:colcon.colcon_core.plugin_system:Skipping extension 'colcon_core.shell.bat': Not used on non-Windows systems
[0.435s] INFO:colcon.colcon_core.shell:Skip shell extension 'powershell' for command environment: Not usable outside of PowerShell
[0.435s] DEBUG:colcon.colcon_core.shell:Skip shell extension 'dsv' for command environment
[0.522s] INFO:colcon.colcon_ros.task.ament_cmake.build:Building ROS package in '/home/ws/ros_gz_example_application' with build type 'ament_cmake'
[0.522s] INFO:colcon.colcon_cmake.task.cmake.build:Building CMake package in '/home/ws/ros_gz_example_application'
[0.523s] INFO:colcon.colcon_core.shell:Skip shell extension 'powershell' for command environment: Not usable outside of PowerShell
[0.523s] DEBUG:colcon.colcon_core.shell:Skip shell extension 'dsv' for command environment
[0.648s] DEBUG:colcon.colcon_core.event_handler.log_command:Invoking command in '/home/ws/build/ros_gz_example_description': CMAKE_PREFIX_PATH=${CMAKE_PREFIX_PATH}:/opt/ros/humble /usr/bin/cmake --build /home/ws/build/ros_gz_example_description -- -j12 -l12
[0.676s] DEBUG:colcon.colcon_core.event_handler.log_command:Invoking command in '/home/ws/build/ros_gz_example_application': CMAKE_PREFIX_PATH=${CMAKE_PREFIX_PATH}:/opt/ros/humble /usr/bin/cmake --build /home/ws/build/ros_gz_example_application -- -j12 -l12
[0.764s] DEBUG:colcon.colcon_core.event_handler.log_command:Invoked command in '/home/ws/build/ros_gz_example_description' returned '0': CMAKE_PREFIX_PATH=${CMAKE_PREFIX_PATH}:/opt/ros/humble /usr/bin/cmake --build /home/ws/build/ros_gz_example_description -- -j12 -l12
[0.792s] DEBUG:colcon.colcon_core.event_handler.log_command:Invoking command in '/home/ws/build/ros_gz_example_description': CMAKE_PREFIX_PATH=${CMAKE_PREFIX_PATH}:/opt/ros/humble /usr/bin/cmake --install /home/ws/build/ros_gz_example_description
[0.793s] DEBUG:colcon.colcon_core.event_handler.log_command:Invoked command in '/home/ws/build/ros_gz_example_application' returned '0': CMAKE_PREFIX_PATH=${CMAKE_PREFIX_PATH}:/opt/ros/humble /usr/bin/cmake --build /home/ws/build/ros_gz_example_application -- -j12 -l12
[0.818s] DEBUG:colcon.colcon_core.event_handler.log_command:Invoking command in '/home/ws/build/ros_gz_example_application': CMAKE_PREFIX_PATH=${CMAKE_PREFIX_PATH}:/opt/ros/humble /usr/bin/cmake --install /home/ws/build/ros_gz_example_application
[1.313s] Level 1:colcon.colcon_core.environment:create_environment_scripts_only(ros_gz_example_application)
[1.316s] DEBUG:colcon.colcon_core.event_handler.log_command:Invoked command in '/home/ws/build/ros_gz_example_application' returned '0': CMAKE_PREFIX_PATH=${CMAKE_PREFIX_PATH}:/opt/ros/humble /usr/bin/cmake --install /home/ws/build/ros_gz_example_application
[1.319s] Level 1:colcon.colcon_core.environment:checking '/home/ws/install/ros_gz_example_application' for CMake module files
[1.388s] Level 1:colcon.colcon_core.environment:checking '/home/ws/install/ros_gz_example_application' for CMake config files
[1.474s] Level 1:colcon.colcon_core.shell:create_environment_hook('ros_gz_example_application', 'cmake_prefix_path')
[1.475s] INFO:colcon.colcon_core.shell:Creating environment hook '/home/ws/install/ros_gz_example_application/share/ros_gz_example_application/hook/cmake_prefix_path.ps1'
[1.488s] INFO:colcon.colcon_core.shell:Creating environment descriptor '/home/ws/install/ros_gz_example_application/share/ros_gz_example_application/hook/cmake_prefix_path.dsv'
[1.503s] INFO:colcon.colcon_core.shell:Creating environment hook '/home/ws/install/ros_gz_example_application/share/ros_gz_example_application/hook/cmake_prefix_path.sh'
[1.522s] Level 1:colcon.colcon_core.environment:checking '/home/ws/install/ros_gz_example_application/bin'
[1.523s] Level 1:colcon.colcon_core.environment:checking '/home/ws/install/ros_gz_example_application/lib/pkgconfig/ros_gz_example_application.pc'
[1.525s] Level 1:colcon.colcon_core.environment:checking '/home/ws/install/ros_gz_example_application/lib/python3.10/site-packages'
[1.527s] Level 1:colcon.colcon_core.environment:checking '/home/ws/install/ros_gz_example_application/bin'
[1.529s] INFO:colcon.colcon_core.shell:Creating package script '/home/ws/install/ros_gz_example_application/share/ros_gz_example_application/package.ps1'
[1.541s] INFO:colcon.colcon_core.shell:Creating package descriptor '/home/ws/install/ros_gz_example_application/share/ros_gz_example_application/package.dsv'
[1.558s] INFO:colcon.colcon_core.shell:Creating package script '/home/ws/install/ros_gz_example_application/share/ros_gz_example_application/package.sh'
[1.571s] INFO:colcon.colcon_core.shell:Creating package script '/home/ws/install/ros_gz_example_application/share/ros_gz_example_application/package.bash'
[1.584s] INFO:colcon.colcon_core.shell:Creating package script '/home/ws/install/ros_gz_example_application/share/ros_gz_example_application/package.zsh'
[1.601s] Level 1:colcon.colcon_core.environment:create_file_with_runtime_dependencies(/home/ws/install/ros_gz_example_application/share/colcon-core/packages/ros_gz_example_application)
[1.635s] Level 1:colcon.colcon_core.environment:create_environment_scripts_only(ros_gz_example_application)
[1.636s] Level 1:colcon.colcon_core.environment:checking '/home/ws/install/ros_gz_example_application' for CMake module files
[1.735s] Level 1:colcon.colcon_core.environment:checking '/home/ws/install/ros_gz_example_application' for CMake config files
[1.829s] Level 1:colcon.colcon_core.shell:create_environment_hook('ros_gz_example_application', 'cmake_prefix_path')
[1.830s] INFO:colcon.colcon_core.shell:Creating environment hook '/home/ws/install/ros_gz_example_application/share/ros_gz_example_application/hook/cmake_prefix_path.ps1'
[1.845s] INFO:colcon.colcon_core.shell:Creating environment descriptor '/home/ws/install/ros_gz_example_application/share/ros_gz_example_application/hook/cmake_prefix_path.dsv'
[1.865s] INFO:colcon.colcon_core.shell:Creating environment hook '/home/ws/install/ros_gz_example_application/share/ros_gz_example_application/hook/cmake_prefix_path.sh'
[1.882s] Level 1:colcon.colcon_core.environment:checking '/home/ws/install/ros_gz_example_application/bin'
[1.883s] Level 1:colcon.colcon_core.environment:checking '/home/ws/install/ros_gz_example_application/lib/pkgconfig/ros_gz_example_application.pc'
[1.885s] Level 1:colcon.colcon_core.environment:checking '/home/ws/install/ros_gz_example_application/lib/python3.10/site-packages'
[1.885s] Level 1:colcon.colcon_core.environment:checking '/home/ws/install/ros_gz_example_application/bin'
[1.887s] INFO:colcon.colcon_core.shell:Creating package script '/home/ws/install/ros_gz_example_application/share/ros_gz_example_application/package.ps1'
[1.897s] INFO:colcon.colcon_core.shell:Creating package descriptor '/home/ws/install/ros_gz_example_application/share/ros_gz_example_application/package.dsv'
[1.907s] INFO:colcon.colcon_core.shell:Creating package script '/home/ws/install/ros_gz_example_application/share/ros_gz_example_application/package.sh'
[1.917s] INFO:colcon.colcon_core.shell:Creating package script '/home/ws/install/ros_gz_example_application/share/ros_gz_example_application/package.bash'
[1.928s] INFO:colcon.colcon_core.shell:Creating package script '/home/ws/install/ros_gz_example_application/share/ros_gz_example_application/package.zsh'
[1.939s] Level 1:colcon.colcon_core.environment:create_file_with_runtime_dependencies(/home/ws/install/ros_gz_example_application/share/colcon-core/packages/ros_gz_example_application)
[1.949s] Level 1:colcon.colcon_core.environment:create_environment_scripts_only(ros_gz_example_description)
[1.950s] Level 1:colcon.colcon_core.environment:checking '/home/ws/install/ros_gz_example_description' for CMake module files
[1.962s] DEBUG:colcon.colcon_core.event_handler.log_command:Invoked command in '/home/ws/build/ros_gz_example_description' returned '0': CMAKE_PREFIX_PATH=${CMAKE_PREFIX_PATH}:/opt/ros/humble /usr/bin/cmake --install /home/ws/build/ros_gz_example_description
[2.093s] Level 1:colcon.colcon_core.environment:checking '/home/ws/install/ros_gz_example_description' for CMake config files
[2.206s] Level 1:colcon.colcon_core.shell:create_environment_hook('ros_gz_example_description', 'cmake_prefix_path')
[2.206s] INFO:colcon.colcon_core.shell:Creating environment hook '/home/ws/install/ros_gz_example_description/share/ros_gz_example_description/hook/cmake_prefix_path.ps1'
[2.218s] INFO:colcon.colcon_core.shell:Creating environment descriptor '/home/ws/install/ros_gz_example_description/share/ros_gz_example_description/hook/cmake_prefix_path.dsv'
[2.231s] INFO:colcon.colcon_core.shell:Creating environment hook '/home/ws/install/ros_gz_example_description/share/ros_gz_example_description/hook/cmake_prefix_path.sh'
[2.247s] Level 1:colcon.colcon_core.environment:checking '/home/ws/install/ros_gz_example_description/bin'
[2.249s] Level 1:colcon.colcon_core.environment:checking '/home/ws/install/ros_gz_example_description/lib/pkgconfig/ros_gz_example_description.pc'
[2.251s] Level 1:colcon.colcon_core.environment:checking '/home/ws/install/ros_gz_example_description/lib/python3.10/site-packages'
[2.253s] Level 1:colcon.colcon_core.environment:checking '/home/ws/install/ros_gz_example_description/bin'
[2.255s] INFO:colcon.colcon_core.shell:Creating package script '/home/ws/install/ros_gz_example_description/share/ros_gz_example_description/package.ps1'
[2.269s] INFO:colcon.colcon_core.shell:Creating package descriptor '/home/ws/install/ros_gz_example_description/share/ros_gz_example_description/package.dsv'
[2.283s] INFO:colcon.colcon_core.shell:Creating package script '/home/ws/install/ros_gz_example_description/share/ros_gz_example_description/package.sh'
[2.295s] INFO:colcon.colcon_core.shell:Creating package script '/home/ws/install/ros_gz_example_description/share/ros_gz_example_description/package.bash'
[2.307s] INFO:colcon.colcon_core.shell:Creating package script '/home/ws/install/ros_gz_example_description/share/ros_gz_example_description/package.zsh'
[2.319s] Level 1:colcon.colcon_core.environment:create_file_with_runtime_dependencies(/home/ws/install/ros_gz_example_description/share/colcon-core/packages/ros_gz_example_description)
[2.340s] Level 1:colcon.colcon_core.environment:create_environment_scripts_only(ros_gz_example_description)
[2.341s] Level 1:colcon.colcon_core.environment:checking '/home/ws/install/ros_gz_example_description' for CMake module files
[2.431s] Level 1:colcon.colcon_core.environment:checking '/home/ws/install/ros_gz_example_description' for CMake config files
[2.512s] Level 1:colcon.colcon_core.shell:create_environment_hook('ros_gz_example_description', 'cmake_prefix_path')
[2.513s] INFO:colcon.colcon_core.shell:Creating environment hook '/home/ws/install/ros_gz_example_description/share/ros_gz_example_description/hook/cmake_prefix_path.ps1'
[2.523s] INFO:colcon.colcon_core.shell:Creating environment descriptor '/home/ws/install/ros_gz_example_description/share/ros_gz_example_description/hook/cmake_prefix_path.dsv'
[2.531s] INFO:colcon.colcon_core.shell:Creating environment hook '/home/ws/install/ros_gz_example_description/share/ros_gz_example_description/hook/cmake_prefix_path.sh'
[2.539s] Level 1:colcon.colcon_core.environment:checking '/home/ws/install/ros_gz_example_description/bin'
[2.540s] Level 1:colcon.colcon_core.environment:checking '/home/ws/install/ros_gz_example_description/lib/pkgconfig/ros_gz_example_description.pc'
[2.541s] Level 1:colcon.colcon_core.environment:checking '/home/ws/install/ros_gz_example_description/lib/python3.10/site-packages'
[2.542s] Level 1:colcon.colcon_core.environment:checking '/home/ws/install/ros_gz_example_description/bin'
[2.542s] INFO:colcon.colcon_core.shell:Creating package script '/home/ws/install/ros_gz_example_description/share/ros_gz_example_description/package.ps1'
[2.545s] INFO:colcon.colcon_core.shell:Creating package descriptor '/home/ws/install/ros_gz_example_description/share/ros_gz_example_description/package.dsv'
[2.549s] INFO:colcon.colcon_core.shell:Creating package script '/home/ws/install/ros_gz_example_description/share/ros_gz_example_description/package.sh'
[2.553s] INFO:colcon.colcon_core.shell:Creating package script '/home/ws/install/ros_gz_example_description/share/ros_gz_example_description/package.bash'
[2.565s] INFO:colcon.colcon_core.shell:Creating package script '/home/ws/install/ros_gz_example_description/share/ros_gz_example_description/package.zsh'
[2.574s] Level 1:colcon.colcon_core.environment:create_file_with_runtime_dependencies(/home/ws/install/ros_gz_example_description/share/colcon-core/packages/ros_gz_example_description)
[2.583s] INFO:colcon.colcon_ros.task.ament_cmake.build:Building ROS package in '/home/ws/ros_gz_example_gazebo' with build type 'ament_cmake'
[2.583s] INFO:colcon.colcon_cmake.task.cmake.build:Building CMake package in '/home/ws/ros_gz_example_gazebo'
[2.584s] INFO:colcon.colcon_core.shell:Skip shell extension 'powershell' for command environment: Not usable outside of PowerShell
[2.585s] DEBUG:colcon.colcon_core.shell:Skip shell extension 'dsv' for command environment
[2.780s] DEBUG:colcon.colcon_core.event_handler.log_command:Invoking command in '/home/ws/build/ros_gz_example_gazebo': CMAKE_PREFIX_PATH=/home/ws/install/ros_gz_example_description:/home/ws/install/ros_gz_example_bringup:/home/ws/install/ros_gz_example_gazebo:/home/ws/install/ros_gz_example_application:/opt/ros/humble GZ_SIM_RESOURCE_PATH=/home/ws/install/ros_gz_example_description/share/ros_gz_example_description/models:${GZ_SIM_RESOURCE_PATH} /usr/bin/cmake --build /home/ws/build/ros_gz_example_gazebo -- -j12 -l12
[3.070s] DEBUG:colcon.colcon_core.event_handler.log_command:Invoked command in '/home/ws/build/ros_gz_example_gazebo' returned '0': CMAKE_PREFIX_PATH=/home/ws/install/ros_gz_example_description:/home/ws/install/ros_gz_example_bringup:/home/ws/install/ros_gz_example_gazebo:/home/ws/install/ros_gz_example_application:/opt/ros/humble GZ_SIM_RESOURCE_PATH=/home/ws/install/ros_gz_example_description/share/ros_gz_example_description/models:${GZ_SIM_RESOURCE_PATH} /usr/bin/cmake --build /home/ws/build/ros_gz_example_gazebo -- -j12 -l12
[3.093s] DEBUG:colcon.colcon_core.event_handler.log_command:Invoking command in '/home/ws/build/ros_gz_example_gazebo': CMAKE_PREFIX_PATH=/home/ws/install/ros_gz_example_description:/home/ws/install/ros_gz_example_bringup:/home/ws/install/ros_gz_example_gazebo:/home/ws/install/ros_gz_example_application:/opt/ros/humble GZ_SIM_RESOURCE_PATH=/home/ws/install/ros_gz_example_description/share/ros_gz_example_description/models:${GZ_SIM_RESOURCE_PATH} /usr/bin/cmake --install /home/ws/build/ros_gz_example_gazebo
[3.669s] Level 1:colcon.colcon_core.environment:create_environment_scripts_only(ros_gz_example_gazebo)
[3.669s] Level 1:colcon.colcon_core.environment:checking '/home/ws/install/ros_gz_example_gazebo' for CMake module files
[3.670s] DEBUG:colcon.colcon_core.event_handler.log_command:Invoked command in '/home/ws/build/ros_gz_example_gazebo' returned '0': CMAKE_PREFIX_PATH=/home/ws/install/ros_gz_example_description:/home/ws/install/ros_gz_example_bringup:/home/ws/install/ros_gz_example_gazebo:/home/ws/install/ros_gz_example_application:/opt/ros/humble GZ_SIM_RESOURCE_PATH=/home/ws/install/ros_gz_example_description/share/ros_gz_example_description/models:${GZ_SIM_RESOURCE_PATH} /usr/bin/cmake --install /home/ws/build/ros_gz_example_gazebo
[3.771s] Level 1:colcon.colcon_core.environment:checking '/home/ws/install/ros_gz_example_gazebo' for CMake config files
[3.863s] Level 1:colcon.colcon_core.shell:create_environment_hook('ros_gz_example_gazebo', 'cmake_prefix_path')
[3.863s] INFO:colcon.colcon_core.shell:Creating environment hook '/home/ws/install/ros_gz_example_gazebo/share/ros_gz_example_gazebo/hook/cmake_prefix_path.ps1'
[3.877s] INFO:colcon.colcon_core.shell:Creating environment descriptor '/home/ws/install/ros_gz_example_gazebo/share/ros_gz_example_gazebo/hook/cmake_prefix_path.dsv'
[3.890s] INFO:colcon.colcon_core.shell:Creating environment hook '/home/ws/install/ros_gz_example_gazebo/share/ros_gz_example_gazebo/hook/cmake_prefix_path.sh'
[3.905s] Level 1:colcon.colcon_core.environment:checking '/home/ws/install/ros_gz_example_gazebo/lib'
[3.909s] Level 1:colcon.colcon_core.environment:checking '/home/ws/install/ros_gz_example_gazebo/bin'
[3.910s] Level 1:colcon.colcon_core.environment:checking '/home/ws/install/ros_gz_example_gazebo/lib/pkgconfig/ros_gz_example_gazebo.pc'
[3.912s] Level 1:colcon.colcon_core.environment:checking '/home/ws/install/ros_gz_example_gazebo/lib/python3.10/site-packages'
[3.913s] Level 1:colcon.colcon_core.environment:checking '/home/ws/install/ros_gz_example_gazebo/bin'
[3.916s] INFO:colcon.colcon_core.shell:Creating package script '/home/ws/install/ros_gz_example_gazebo/share/ros_gz_example_gazebo/package.ps1'
[3.927s] INFO:colcon.colcon_core.shell:Creating package descriptor '/home/ws/install/ros_gz_example_gazebo/share/ros_gz_example_gazebo/package.dsv'
[3.939s] INFO:colcon.colcon_core.shell:Creating package script '/home/ws/install/ros_gz_example_gazebo/share/ros_gz_example_gazebo/package.sh'
[3.951s] INFO:colcon.colcon_core.shell:Creating package script '/home/ws/install/ros_gz_example_gazebo/share/ros_gz_example_gazebo/package.bash'
[3.963s] INFO:colcon.colcon_core.shell:Creating package script '/home/ws/install/ros_gz_example_gazebo/share/ros_gz_example_gazebo/package.zsh'
[3.975s] Level 1:colcon.colcon_core.environment:create_file_with_runtime_dependencies(/home/ws/install/ros_gz_example_gazebo/share/colcon-core/packages/ros_gz_example_gazebo)
[3.999s] Level 1:colcon.colcon_core.environment:create_environment_scripts_only(ros_gz_example_gazebo)
[3.999s] Level 1:colcon.colcon_core.environment:checking '/home/ws/install/ros_gz_example_gazebo' for CMake module files
[4.094s] Level 1:colcon.colcon_core.environment:checking '/home/ws/install/ros_gz_example_gazebo' for CMake config files
[4.188s] Level 1:colcon.colcon_core.shell:create_environment_hook('ros_gz_example_gazebo', 'cmake_prefix_path')
[4.189s] INFO:colcon.colcon_core.shell:Creating environment hook '/home/ws/install/ros_gz_example_gazebo/share/ros_gz_example_gazebo/hook/cmake_prefix_path.ps1'
[4.201s] INFO:colcon.colcon_core.shell:Creating environment descriptor '/home/ws/install/ros_gz_example_gazebo/share/ros_gz_example_gazebo/hook/cmake_prefix_path.dsv'
[4.214s] INFO:colcon.colcon_core.shell:Creating environment hook '/home/ws/install/ros_gz_example_gazebo/share/ros_gz_example_gazebo/hook/cmake_prefix_path.sh'
[4.230s] Level 1:colcon.colcon_core.environment:checking '/home/ws/install/ros_gz_example_gazebo/lib'
[4.234s] Level 1:colcon.colcon_core.environment:checking '/home/ws/install/ros_gz_example_gazebo/bin'
[4.236s] Level 1:colcon.colcon_core.environment:checking '/home/ws/install/ros_gz_example_gazebo/lib/pkgconfig/ros_gz_example_gazebo.pc'
[4.238s] Level 1:colcon.colcon_core.environment:checking '/home/ws/install/ros_gz_example_gazebo/lib/python3.10/site-packages'
[4.239s] Level 1:colcon.colcon_core.environment:checking '/home/ws/install/ros_gz_example_gazebo/bin'
[4.241s] INFO:colcon.colcon_core.shell:Creating package script '/home/ws/install/ros_gz_example_gazebo/share/ros_gz_example_gazebo/package.ps1'
[4.251s] INFO:colcon.colcon_core.shell:Creating package descriptor '/home/ws/install/ros_gz_example_gazebo/share/ros_gz_example_gazebo/package.dsv'
[4.266s] INFO:colcon.colcon_core.shell:Creating package script '/home/ws/install/ros_gz_example_gazebo/share/ros_gz_example_gazebo/package.sh'
[4.281s] INFO:colcon.colcon_core.shell:Creating package script '/home/ws/install/ros_gz_example_gazebo/share/ros_gz_example_gazebo/package.bash'
[4.293s] INFO:colcon.colcon_core.shell:Creating package script '/home/ws/install/ros_gz_example_gazebo/share/ros_gz_example_gazebo/package.zsh'
[4.304s] Level 1:colcon.colcon_core.environment:create_file_with_runtime_dependencies(/home/ws/install/ros_gz_example_gazebo/share/colcon-core/packages/ros_gz_example_gazebo)
[4.313s] INFO:colcon.colcon_ros.task.ament_cmake.build:Building ROS package in '/home/ws/ros_gz_example_bringup' with build type 'ament_cmake'
[4.314s] INFO:colcon.colcon_cmake.task.cmake.build:Building CMake package in '/home/ws/ros_gz_example_bringup'
[4.314s] INFO:colcon.colcon_core.shell:Skip shell extension 'powershell' for command environment: Not usable outside of PowerShell
[4.314s] DEBUG:colcon.colcon_core.shell:Skip shell extension 'dsv' for command environment
[4.519s] DEBUG:colcon.colcon_core.event_handler.log_command:Invoking command in '/home/ws/build/ros_gz_example_bringup': CMAKE_PREFIX_PATH=/home/ws/install/ros_gz_example_gazebo:/home/ws/install/ros_gz_example_description:/home/ws/install/ros_gz_example_bringup:/home/ws/install/ros_gz_example_application:/opt/ros/humble GZ_SIM_PLUGIN_PATH=/home/ws/install/ros_gz_example_gazebo/lib/ros_gz_example_gazebo GZ_SIM_RESOURCE_PATH=/home/ws/install/ros_gz_example_description/share/ros_gz_example_description/models:${GZ_SIM_RESOURCE_PATH} /usr/bin/cmake --build /home/ws/build/ros_gz_example_bringup -- -j12 -l12
[4.598s] DEBUG:colcon.colcon_core.event_handler.log_command:Invoked command in '/home/ws/build/ros_gz_example_bringup' returned '0': CMAKE_PREFIX_PATH=/home/ws/install/ros_gz_example_gazebo:/home/ws/install/ros_gz_example_description:/home/ws/install/ros_gz_example_bringup:/home/ws/install/ros_gz_example_application:/opt/ros/humble GZ_SIM_PLUGIN_PATH=/home/ws/install/ros_gz_example_gazebo/lib/ros_gz_example_gazebo GZ_SIM_RESOURCE_PATH=/home/ws/install/ros_gz_example_description/share/ros_gz_example_description/models:${GZ_SIM_RESOURCE_PATH} /usr/bin/cmake --build /home/ws/build/ros_gz_example_bringup -- -j12 -l12
[4.617s] DEBUG:colcon.colcon_core.event_handler.log_command:Invoking command in '/home/ws/build/ros_gz_example_bringup': CMAKE_PREFIX_PATH=/home/ws/install/ros_gz_example_gazebo:/home/ws/install/ros_gz_example_description:/home/ws/install/ros_gz_example_bringup:/home/ws/install/ros_gz_example_application:/opt/ros/humble GZ_SIM_PLUGIN_PATH=/home/ws/install/ros_gz_example_gazebo/lib/ros_gz_example_gazebo GZ_SIM_RESOURCE_PATH=/home/ws/install/ros_gz_example_description/share/ros_gz_example_description/models:${GZ_SIM_RESOURCE_PATH} /usr/bin/cmake --install /home/ws/build/ros_gz_example_bringup
[5.114s] Level 1:colcon.colcon_core.environment:create_environment_scripts_only(ros_gz_example_bringup)
[5.114s] Level 1:colcon.colcon_core.environment:checking '/home/ws/install/ros_gz_example_bringup' for CMake module files
[5.115s] DEBUG:colcon.colcon_core.event_handler.log_command:Invoked command in '/home/ws/build/ros_gz_example_bringup' returned '0': CMAKE_PREFIX_PATH=/home/ws/install/ros_gz_example_gazebo:/home/ws/install/ros_gz_example_description:/home/ws/install/ros_gz_example_bringup:/home/ws/install/ros_gz_example_application:/opt/ros/humble GZ_SIM_PLUGIN_PATH=/home/ws/install/ros_gz_example_gazebo/lib/ros_gz_example_gazebo GZ_SIM_RESOURCE_PATH=/home/ws/install/ros_gz_example_description/share/ros_gz_example_description/models:${GZ_SIM_RESOURCE_PATH} /usr/bin/cmake --install /home/ws/build/ros_gz_example_bringup
[5.191s] Level 1:colcon.colcon_core.environment:checking '/home/ws/install/ros_gz_example_bringup' for CMake config files
[5.246s] Level 1:colcon.colcon_core.shell:create_environment_hook('ros_gz_example_bringup', 'cmake_prefix_path')
[5.247s] INFO:colcon.colcon_core.shell:Creating environment hook '/home/ws/install/ros_gz_example_bringup/share/ros_gz_example_bringup/hook/cmake_prefix_path.ps1'
[5.264s] INFO:colcon.colcon_core.shell:Creating environment descriptor '/home/ws/install/ros_gz_example_bringup/share/ros_gz_example_bringup/hook/cmake_prefix_path.dsv'
[5.280s] INFO:colcon.colcon_core.shell:Creating environment hook '/home/ws/install/ros_gz_example_bringup/share/ros_gz_example_bringup/hook/cmake_prefix_path.sh'
[5.298s] Level 1:colcon.colcon_core.environment:checking '/home/ws/install/ros_gz_example_bringup/bin'
[5.300s] Level 1:colcon.colcon_core.environment:checking '/home/ws/install/ros_gz_example_bringup/lib/pkgconfig/ros_gz_example_bringup.pc'
[5.302s] Level 1:colcon.colcon_core.environment:checking '/home/ws/install/ros_gz_example_bringup/lib/python3.10/site-packages'
[5.303s] Level 1:colcon.colcon_core.environment:checking '/home/ws/install/ros_gz_example_bringup/bin'
[5.305s] INFO:colcon.colcon_core.shell:Creating package script '/home/ws/install/ros_gz_example_bringup/share/ros_gz_example_bringup/package.ps1'
[5.316s] INFO:colcon.colcon_core.shell:Creating package descriptor '/home/ws/install/ros_gz_example_bringup/share/ros_gz_example_bringup/package.dsv'
[5.326s] INFO:colcon.colcon_core.shell:Creating package script '/home/ws/install/ros_gz_example_bringup/share/ros_gz_example_bringup/package.sh'
[5.337s] INFO:colcon.colcon_core.shell:Creating package script '/home/ws/install/ros_gz_example_bringup/share/ros_gz_example_bringup/package.bash'
[5.348s] INFO:colcon.colcon_core.shell:Creating package script '/home/ws/install/ros_gz_example_bringup/share/ros_gz_example_bringup/package.zsh'
[5.358s] Level 1:colcon.colcon_core.environment:create_file_with_runtime_dependencies(/home/ws/install/ros_gz_example_bringup/share/colcon-core/packages/ros_gz_example_bringup)
[5.382s] Level 1:colcon.colcon_core.environment:create_environment_scripts_only(ros_gz_example_bringup)
[5.383s] Level 1:colcon.colcon_core.environment:checking '/home/ws/install/ros_gz_example_bringup' for CMake module files
[5.457s] Level 1:colcon.colcon_core.environment:checking '/home/ws/install/ros_gz_example_bringup' for CMake config files
[5.509s] Level 1:colcon.colcon_core.shell:create_environment_hook('ros_gz_example_bringup', 'cmake_prefix_path')
[5.510s] INFO:colcon.colcon_core.shell:Creating environment hook '/home/ws/install/ros_gz_example_bringup/share/ros_gz_example_bringup/hook/cmake_prefix_path.ps1'
[5.522s] INFO:colcon.colcon_core.shell:Creating environment descriptor '/home/ws/install/ros_gz_example_bringup/share/ros_gz_example_bringup/hook/cmake_prefix_path.dsv'
[5.533s] INFO:colcon.colcon_core.shell:Creating environment hook '/home/ws/install/ros_gz_example_bringup/share/ros_gz_example_bringup/hook/cmake_prefix_path.sh'
[5.549s] Level 1:colcon.colcon_core.environment:checking '/home/ws/install/ros_gz_example_bringup/bin'
[5.550s] Level 1:colcon.colcon_core.environment:checking '/home/ws/install/ros_gz_example_bringup/lib/pkgconfig/ros_gz_example_bringup.pc'
[5.551s] Level 1:colcon.colcon_core.environment:checking '/home/ws/install/ros_gz_example_bringup/lib/python3.10/site-packages'
[5.552s] Level 1:colcon.colcon_core.environment:checking '/home/ws/install/ros_gz_example_bringup/bin'
[5.553s] INFO:colcon.colcon_core.shell:Creating package script '/home/ws/install/ros_gz_example_bringup/share/ros_gz_example_bringup/package.ps1'
[5.563s] INFO:colcon.colcon_core.shell:Creating package descriptor '/home/ws/install/ros_gz_example_bringup/share/ros_gz_example_bringup/package.dsv'
[5.573s] INFO:colcon.colcon_core.shell:Creating package script '/home/ws/install/ros_gz_example_bringup/share/ros_gz_example_bringup/package.sh'
[5.585s] INFO:colcon.colcon_core.shell:Creating package script '/home/ws/install/ros_gz_example_bringup/share/ros_gz_example_bringup/package.bash'
[5.594s] INFO:colcon.colcon_core.shell:Creating package script '/home/ws/install/ros_gz_example_bringup/share/ros_gz_example_bringup/package.zsh'
[5.604s] Level 1:colcon.colcon_core.environment:create_file_with_runtime_dependencies(/home/ws/install/ros_gz_example_bringup/share/colcon-core/packages/ros_gz_example_bringup)
[5.612s] DEBUG:colcon.colcon_parallel_executor.executor.parallel:closing loop
[5.613s] DEBUG:colcon.colcon_parallel_executor.executor.parallel:loop closed
[5.613s] DEBUG:colcon.colcon_parallel_executor.executor.parallel:run_until_complete finished with '0'
[5.613s] DEBUG:colcon.colcon_core.event_reactor:joining thread
[5.631s] INFO:colcon.colcon_core.plugin_system:Skipping extension 'colcon_notification.desktop_notification.notify_send': Could not find 'notify-send'
[5.631s] INFO:colcon.colcon_core.plugin_system:Skipping extension 'colcon_notification.desktop_notification.terminal_notifier': Not used on non-Darwin systems
[5.631s] INFO:colcon.colcon_core.plugin_system:Skipping extension 'colcon_notification.desktop_notification.win32': Not used on non-Windows systems
[5.631s] INFO:colcon.colcon_notification.desktop_notification:Sending desktop notification using 'notify2'
[5.635s] DEBUG:colcon.colcon_notification.desktop_notification.notify2:Failed to initialize notify2: org.freedesktop.DBus.Error.Spawn.ExecFailed: /usr/bin/dbus-launch terminated abnormally without any error message
[5.636s] DEBUG:colcon.colcon_core.event_reactor:joined thread
[5.637s] INFO:colcon.colcon_core.shell:Creating prefix script '/home/ws/install/local_setup.ps1'
[5.645s] INFO:colcon.colcon_core.shell:Creating prefix util module '/home/ws/install/_local_setup_util_ps1.py'
[5.652s] INFO:colcon.colcon_core.shell:Creating prefix chain script '/home/ws/install/setup.ps1'
[5.686s] INFO:colcon.colcon_core.shell:Creating prefix script '/home/ws/install/local_setup.sh'
[5.691s] INFO:colcon.colcon_core.shell:Creating prefix util module '/home/ws/install/_local_setup_util_sh.py'
[5.696s] INFO:colcon.colcon_core.shell:Creating prefix chain script '/home/ws/install/setup.sh'
[5.730s] INFO:colcon.colcon_core.shell:Creating prefix script '/home/ws/install/local_setup.bash'
[5.735s] INFO:colcon.colcon_core.shell:Creating prefix chain script '/home/ws/install/setup.bash'
[5.773s] INFO:colcon.colcon_core.shell:Creating prefix script '/home/ws/install/local_setup.zsh'
[5.779s] INFO:colcon.colcon_core.shell:Creating prefix chain script '/home/ws/install/setup.zsh'
