[0.059s] Invoking command in '/home/ws/build/ros_gz_example_gazebo': AMENT_PREFIX_PATH=/home/ws/install/ros_gz_example_description:${AMENT_PREFIX_PATH} CMAKE_PREFIX_PATH=/home/ws/install/ros_gz_example_description:/opt/ros/humble GZ_SIM_RESOURCE_PATH=/home/ws/install/ros_gz_example_description/share/ros_gz_example_description/models /usr/bin/cmake /home/ws/ros_gz_example_gazebo -DBUILD_TESTING=ON -DCMAKE_INSTALL_PREFIX=/home/ws/install/ros_gz_example_gazebo
[0.101s] -- Found ament_cmake: 1.3.11 (/opt/ros/humble/share/ament_cmake/cmake)
[0.274s] -- Found ros_gz_example_description: 0.0.0 (/home/ws/install/ros_gz_example_description/share/ros_gz_example_description/cmake)
[0.314s] -- Looking for gz-plugin2 -- found version 2.0.3
[0.357s] -- Searching for dependencies of gz-plugin2
[0.394s] -- Looking for gz-utils2 -- found version 2.2.0
[0.395s] -- Searching for dependencies of gz-utils2
[0.396s] -- Searching for <gz-utils2> component [cli]
[0.430s] -- Looking for gz-utils2-cli -- found version 2.2.0
[0.431s] -- Searching for dependencies of gz-utils2-cli
[0.431s] -- Searching for <gz-plugin2> component [register]
[0.464s] -- Looking for gz-plugin2-register -- found version 2.0.3
[0.465s] -- Searching for dependencies of gz-plugin2-register
[0.499s] -- Looking for gz-common5 -- found version 5.7.0
[0.500s] -- Searching for dependencies of gz-common5
[0.500s] -- Looking for gz-utils2 -- found version 2.2.0
[0.503s] -- Looking for dlfcn.h - found
[0.519s] -- Looking for libdl - found
[0.520s] -- Found DL: TRUE  
[0.540s] -- Checking for module 'uuid'
[0.563s] --   Found uuid, version 2.37.2
[0.590s] -- Found UUID: TRUE  
[0.591s] -- Searching for <gz-common5> component [profiler]
[0.625s] -- Looking for gz-common5-profiler -- found version 5.7.0
[0.626s] -- Searching for dependencies of gz-common5-profiler
[0.661s] -- Looking for gz-sim7 -- found version 7.9.0
[0.662s] -- Searching for dependencies of gz-sim7
[0.695s] -- Looking for sdformat13 -- found version 13.9.0
[0.696s] -- Searching for dependencies of sdformat13
[0.701s] -- Checking for module 'tinyxml2'
[0.722s] --   Found tinyxml2, version 9.0.0
[0.780s] -- Looking for gz-math7 -- found version 7.5.1
[0.781s] -- Searching for dependencies of gz-math7
[0.782s] -- Looking for gz-utils2 -- found version 2.2.0
[0.783s] -- Looking for gz-utils2 -- found version 2.2.0
[0.783s] -- Looking for gz-plugin2 -- found version 2.0.3
[0.784s] -- Searching for dependencies of gz-plugin2
[0.785s] -- Looking for gz-utils2 -- found version 2.2.0
[0.786s] -- Searching for <gz-plugin2> component [loader]
[0.820s] -- Looking for gz-plugin2-loader -- found version 2.0.3
[0.820s] -- Searching for dependencies of gz-plugin2-loader
[0.821s] -- Searching for <gz-plugin2> component [register]
[0.856s] -- Looking for gz-transport12 -- found version 12.2.2
[0.858s] -- Searching for dependencies of gz-transport12
[2.048s] -- Found Protobuf: /usr/lib/x86_64-linux-gnu/libprotobuf.so (found version "3.12.4") 
[2.138s] -- Config-file not installed for ZeroMQ -- checking for pkg-config
[2.142s] -- Checking for module 'libzmq >= 4'
[2.168s] --   Found libzmq , version 4.3.4
[2.198s] -- Found ZeroMQ: TRUE (Required is at least version "4") 
[2.208s] -- Looking for gz-utils2 -- found version 2.2.0
[2.245s] -- Looking for gz-msgs9 -- found version 9.5.1
[2.246s] -- Searching for dependencies of gz-msgs9
[2.337s] -- Looking for gz-math7 -- found version 7.5.1
[2.343s] -- Searching for <gz-transport12> component [log]
[2.378s] -- Looking for gz-transport12-log -- found version 12.2.2
[2.378s] -- Searching for dependencies of gz-transport12-log
[2.379s] -- Searching for <gz-transport12> component [parameters]
[2.412s] -- Looking for gz-transport12-parameters -- found version 12.2.2
[2.413s] -- Searching for dependencies of gz-transport12-parameters
[2.414s] -- Looking for gz-msgs9 -- found version 9.5.1
[2.414s] -- Looking for gz-common5 -- found version 5.7.0
[2.415s] -- Searching for dependencies of gz-common5
[2.416s] -- Looking for gz-utils2 -- found version 2.2.0
[2.417s] -- Looking for dlfcn.h - found
[2.417s] -- Looking for libdl - found
[2.422s] -- Searching for <gz-common5> component [profiler]
[2.423s] -- Searching for <gz-common5> component [events]
[2.461s] -- Looking for gz-common5-events -- found version 5.7.0
[2.462s] -- Searching for dependencies of gz-common5-events
[2.463s] -- Looking for gz-math7 -- found version 7.5.1
[2.464s] -- Searching for <gz-common5> component [av]
[2.498s] -- Looking for gz-common5-av -- found version 5.7.0
[2.499s] -- Searching for dependencies of gz-common5-av
[2.503s] -- Checking for module 'libswscale'
[2.530s] --   Found libswscale, version 5.9.100
[2.556s] -- Found SWSCALE: TRUE  
[2.561s] -- Checking for module 'libavdevice >= 56.4.100'
[2.588s] --   Found libavdevice , version 58.13.100
[2.615s] -- Found AVDEVICE: TRUE (Required is at least version "56.4.100") 
[2.620s] -- Checking for module 'libavformat'
[2.644s] --   Found libavformat, version 58.76.100
[2.668s] -- Found AVFORMAT: TRUE  
[2.673s] -- Checking for module 'libavcodec'
[2.700s] --   Found libavcodec, version 58.134.100
[2.725s] -- Found AVCODEC: TRUE  
[2.729s] -- Checking for module 'libavutil'
[2.753s] --   Found libavutil, version 56.70.100
[2.777s] -- Found AVUTIL: TRUE  
[2.778s] -- Searching for <gz-common5> component [io]
[2.810s] -- Looking for gz-common5-io -- found version 5.7.0
[2.811s] -- Searching for dependencies of gz-common5-io
[2.844s] -- Looking for gz-fuel_tools8 -- found version 8.2.0
[2.845s] -- Searching for dependencies of gz-fuel_tools8
[3.040s] -- Found CURL: /usr/lib/x86_64-linux-gnu/libcurl.so (found version "7.81.0")  
[3.083s] -- Checking for module 'jsoncpp'
[3.107s] --   Found jsoncpp, version 1.9.5
[3.140s] -- Found JSONCPP: TRUE  
[3.188s] -- Checking for module 'libzip'
[3.214s] --   Found libzip, version 1.7.3
[3.245s] -- Found ZIP: TRUE  
[3.246s] -- Looking for gz-utils2 -- found version 2.2.0
[3.248s] -- Looking for gz-common5 -- found version 5.7.0
[3.249s] -- Searching for dependencies of gz-common5
[3.250s] -- Looking for gz-utils2 -- found version 2.2.0
[3.250s] -- Looking for dlfcn.h - found
[3.251s] -- Looking for libdl - found
[3.256s] -- Searching for <gz-common5> component [testing]
[3.304s] -- Looking for gz-common5-testing -- found version 5.7.0
[3.304s] -- Searching for dependencies of gz-common5-testing
[3.306s] -- Looking for gz-math7 -- found version 7.5.1
[3.307s] -- Looking for gz-msgs9 -- found version 9.5.1
[3.350s] -- Looking for gz-gui7 -- found version 7.2.2
[3.351s] -- Searching for dependencies of gz-gui7
[3.464s] -- Looking for gz-utils2 -- found version 2.2.0
[3.464s] -- Looking for gz-math7 -- found version 7.5.1
[3.466s] -- Looking for gz-common5 -- found version 5.7.0
[3.466s] -- Looking for gz-plugin2 -- found version 2.0.3
[3.467s] -- Looking for gz-transport12 -- found version 12.2.2
[3.560s] -- Looking for gz-rendering7 -- found version 7.5.0
[3.561s] -- Searching for dependencies of gz-rendering7
[3.562s] -- Looking for gz-math7 -- found version 7.5.1
[3.563s] -- Searching for dependencies of gz-math7
[3.564s] -- Looking for gz-utils2 -- found version 2.2.0
[3.565s] -- Searching for <gz-math7> component [eigen3]
[3.597s] -- Looking for gz-math7-eigen3 -- found version 7.5.1
[3.598s] -- Searching for dependencies of gz-math7-eigen3
[3.645s] -- Looking for gz-common5 -- found version 5.7.0
[3.646s] -- Searching for dependencies of gz-common5
[3.646s] -- Looking for gz-utils2 -- found version 2.2.0
[3.647s] -- Looking for dlfcn.h - found
[3.648s] -- Looking for libdl - found
[3.654s] -- Searching for <gz-common5> component [graphics]
[3.693s] -- Looking for gz-common5-graphics -- found version 5.7.0
[3.694s] -- Searching for dependencies of gz-common5-graphics
[3.695s] -- Looking for gz-math7 -- found version 7.5.1
[3.768s] -- Found GzAssimp: TRUE (found version "5.2.0") 
[3.769s] -- Searching for <gz-common5> component [events]
[3.769s] -- Searching for <gz-common5> component [geospatial]
[3.799s] -- Looking for gz-common5-geospatial -- found version 5.7.0
[3.800s] -- Searching for dependencies of gz-common5-geospatial
[3.800s] -- Looking for gz-math7 -- found version 7.5.1
[3.801s] -- Looking for gz-common5 -- found version 5.7.0
[3.802s] -- Looking for gz-plugin2 -- found version 2.0.3
[3.802s] -- Searching for dependencies of gz-plugin2
[3.803s] -- Looking for gz-utils2 -- found version 2.2.0
[3.803s] -- Searching for <gz-plugin2> component [all]
[3.827s] -- Looking for all libraries of gz-plugin2 -- found version 2.0.3
[3.828s] -- Looking for gz-plugin2 -- found version 2.0.3
[3.829s] -- Looking for gz-utils2 -- found version 2.2.0
[3.863s] -- Found OpenGL: /usr/lib/x86_64-linux-gnu/libOpenGL.so  found components: OpenGL 
[3.865s] -- Looking for gz-msgs9 -- found version 9.5.1
[3.980s] -- Looking for gz-physics6 -- found version 6.7.0
[3.981s] -- Searching for dependencies of gz-physics6
[3.981s] -- Looking for gz-common5 -- found version 5.7.0
[3.982s] -- Looking for gz-math7 -- found version 7.5.1
[3.983s] -- Looking for gz-plugin2 -- found version 2.0.3
[3.984s] -- Looking for gz-utils2 -- found version 2.2.0
[3.985s] -- Searching for <gz-physics6> component [heightmap]
[4.017s] -- Looking for gz-physics6-heightmap -- found version 6.7.0
[4.018s] -- Searching for dependencies of gz-physics6-heightmap
[4.019s] -- Looking for gz-common5 -- found version 5.7.0
[4.019s] -- Searching for <gz-physics6> component [mesh]
[4.052s] -- Looking for gz-physics6-mesh -- found version 6.7.0
[4.052s] -- Searching for dependencies of gz-physics6-mesh
[4.053s] -- Looking for gz-common5 -- found version 5.7.0
[4.054s] -- Searching for <gz-physics6> component [sdf]
[4.087s] -- Looking for gz-physics6-sdf -- found version 6.7.0
[4.088s] -- Searching for dependencies of gz-physics6-sdf
[4.088s] -- Looking for sdformat13 -- found version 13.9.0
[4.122s] -- Looking for gz-sensors7 -- found version 7.3.1
[4.123s] -- Searching for dependencies of gz-sensors7
[4.214s] -- Looking for gz-math7 -- found version 7.5.1
[4.215s] -- Looking for gz-common5 -- found version 5.7.0
[4.216s] -- Looking for gz-transport12 -- found version 12.2.2
[4.217s] -- Looking for gz-rendering7 -- found version 7.5.0
[4.217s] -- Looking for gz-msgs9 -- found version 9.5.1
[4.218s] -- Looking for sdformat13 -- found version 13.9.0
[4.218s] -- Searching for <gz-sensors7> component [air_pressure]
[4.251s] -- Looking for gz-sensors7-air_pressure -- found version 7.3.1
[4.251s] -- Searching for dependencies of gz-sensors7-air_pressure
[4.252s] -- Searching for <gz-sensors7> component [air_speed]
[4.287s] -- Looking for gz-sensors7-air_speed -- found version 7.3.1
[4.287s] -- Searching for dependencies of gz-sensors7-air_speed
[4.288s] -- Searching for <gz-sensors7> component [altimeter]
[4.320s] -- Looking for gz-sensors7-altimeter -- found version 7.3.1
[4.321s] -- Searching for dependencies of gz-sensors7-altimeter
[4.322s] -- Searching for <gz-sensors7> component [imu]
[4.355s] -- Looking for gz-sensors7-imu -- found version 7.3.1
[4.356s] -- Searching for dependencies of gz-sensors7-imu
[4.356s] -- Searching for <gz-sensors7> component [force_torque]
[4.390s] -- Looking for gz-sensors7-force_torque -- found version 7.3.1
[4.391s] -- Searching for dependencies of gz-sensors7-force_torque
[4.391s] -- Searching for <gz-sensors7> component [logical_camera]
[4.424s] -- Looking for gz-sensors7-logical_camera -- found version 7.3.1
[4.425s] -- Searching for dependencies of gz-sensors7-logical_camera
[4.426s] -- Searching for <gz-sensors7> component [magnetometer]
[4.457s] -- Looking for gz-sensors7-magnetometer -- found version 7.3.1
[4.458s] -- Searching for dependencies of gz-sensors7-magnetometer
[4.459s] -- Searching for <gz-sensors7> component [navsat]
[4.492s] -- Looking for gz-sensors7-navsat -- found version 7.3.1
[4.493s] -- Searching for dependencies of gz-sensors7-navsat
[4.494s] -- Searching for <gz-sensors7> component [rendering]
[4.527s] -- Looking for gz-sensors7-rendering -- found version 7.3.1
[4.527s] -- Searching for dependencies of gz-sensors7-rendering
[4.528s] -- Searching for <gz-sensors7> component [lidar]
[4.561s] -- Looking for gz-sensors7-lidar -- found version 7.3.1
[4.562s] -- Searching for dependencies of gz-sensors7-lidar
[4.563s] -- Looking for gz-sensors7 -- found version 7.3.1
[4.563s] -- Searching for <gz-sensors7> component [gpu_lidar]
[4.599s] -- Looking for gz-sensors7-gpu_lidar -- found version 7.3.1
[4.599s] -- Searching for dependencies of gz-sensors7-gpu_lidar
[4.600s] -- Looking for gz-sensors7 -- found version 7.3.1
[4.601s] -- Searching for <gz-sensors7> component [camera]
[4.634s] -- Looking for gz-sensors7-camera -- found version 7.3.1
[4.634s] -- Searching for dependencies of gz-sensors7-camera
[4.635s] -- Looking for gz-sensors7 -- found version 7.3.1
[4.636s] -- Searching for <gz-sensors7> component [boundingbox_camera]
[4.668s] -- Looking for gz-sensors7-boundingbox_camera -- found version 7.3.1
[4.669s] -- Searching for dependencies of gz-sensors7-boundingbox_camera
[4.670s] -- Searching for <gz-sensors7> component [segmentation_camera]
[4.705s] -- Looking for gz-sensors7-segmentation_camera -- found version 7.3.1
[4.706s] -- Searching for dependencies of gz-sensors7-segmentation_camera
[4.707s] -- Searching for <gz-sensors7> component [depth_camera]
[4.740s] -- Looking for gz-sensors7-depth_camera -- found version 7.3.1
[4.741s] -- Searching for dependencies of gz-sensors7-depth_camera
[4.741s] -- Looking for gz-sensors7 -- found version 7.3.1
[4.742s] -- Searching for <gz-sensors7> component [rgbd_camera]
[4.776s] -- Looking for gz-sensors7-rgbd_camera -- found version 7.3.1
[4.777s] -- Searching for dependencies of gz-sensors7-rgbd_camera
[4.778s] -- Looking for gz-sensors7 -- found version 7.3.1
[4.779s] -- Searching for <gz-sensors7> component [thermal_camera]
[4.807s] -- Looking for gz-sensors7-thermal_camera -- found version 7.3.1
[4.807s] -- Searching for dependencies of gz-sensors7-thermal_camera
[4.808s] -- Looking for gz-sensors7 -- found version 7.3.1
[4.809s] -- Searching for <gz-sensors7> component [wide_angle_camera]
[4.836s] -- Looking for gz-sensors7-wide_angle_camera -- found version 7.3.1
[4.837s] -- Searching for dependencies of gz-sensors7-wide_angle_camera
[4.838s] -- Looking for gz-rendering7 -- found version 7.5.0
[4.839s] -- Looking for gz-math7 -- found version 7.5.1
[4.840s] -- Looking for gz-utils2 -- found version 2.2.0
[4.915s] -- Compiling against Gazebo Garden
[4.943s] -- Found ament_lint_auto: 0.12.11 (/opt/ros/humble/share/ament_lint_auto/cmake)
[5.362s] -- Configuring done
[5.675s] -- Generating done
[5.886s] -- Build files have been written to: /home/ws/build/ros_gz_example_gazebo
[5.896s] Invoked command in '/home/ws/build/ros_gz_example_gazebo' returned '0': AMENT_PREFIX_PATH=/home/ws/install/ros_gz_example_description:${AMENT_PREFIX_PATH} CMAKE_PREFIX_PATH=/home/ws/install/ros_gz_example_description:/opt/ros/humble GZ_SIM_RESOURCE_PATH=/home/ws/install/ros_gz_example_description/share/ros_gz_example_description/models /usr/bin/cmake /home/ws/ros_gz_example_gazebo -DBUILD_TESTING=ON -DCMAKE_INSTALL_PREFIX=/home/ws/install/ros_gz_example_gazebo
[5.904s] Invoking command in '/home/ws/build/ros_gz_example_gazebo': AMENT_PREFIX_PATH=/home/ws/install/ros_gz_example_description:${AMENT_PREFIX_PATH} CMAKE_PREFIX_PATH=/home/ws/install/ros_gz_example_description:/opt/ros/humble GZ_SIM_RESOURCE_PATH=/home/ws/install/ros_gz_example_description/share/ros_gz_example_description/models /usr/bin/cmake --build /home/ws/build/ros_gz_example_gazebo -- -j12 -l12
[6.044s] [ 50%] [32mBuilding CXX object CMakeFiles/FullSystem.dir/src/FullSystem.cc.o[0m
[6.045s] [ 50%] [32mBuilding CXX object CMakeFiles/BasicSystem.dir/src/BasicSystem.cc.o[0m
[8.881s] [ 75%] [32m[1mLinking CXX shared library libBasicSystem.so[0m
[9.081s] [100%] [32m[1mLinking CXX shared library libFullSystem.so[0m
[9.271s] [100%] Built target BasicSystem
[9.482s] [100%] Built target FullSystem
[9.509s] Invoked command in '/home/ws/build/ros_gz_example_gazebo' returned '0': AMENT_PREFIX_PATH=/home/ws/install/ros_gz_example_description:${AMENT_PREFIX_PATH} CMAKE_PREFIX_PATH=/home/ws/install/ros_gz_example_description:/opt/ros/humble GZ_SIM_RESOURCE_PATH=/home/ws/install/ros_gz_example_description/share/ros_gz_example_description/models /usr/bin/cmake --build /home/ws/build/ros_gz_example_gazebo -- -j12 -l12
[9.525s] Invoking command in '/home/ws/build/ros_gz_example_gazebo': AMENT_PREFIX_PATH=/home/ws/install/ros_gz_example_description:${AMENT_PREFIX_PATH} CMAKE_PREFIX_PATH=/home/ws/install/ros_gz_example_description:/opt/ros/humble GZ_SIM_RESOURCE_PATH=/home/ws/install/ros_gz_example_description/share/ros_gz_example_description/models /usr/bin/cmake --install /home/ws/build/ros_gz_example_gazebo
[9.533s] -- Install configuration: ""
[9.547s] -- Installing: /home/ws/install/ros_gz_example_gazebo/lib/ros_gz_example_gazebo/libBasicSystem.so
[9.611s] -- Installing: /home/ws/install/ros_gz_example_gazebo/lib/ros_gz_example_gazebo/libFullSystem.so
[9.679s] -- Installing: /home/ws/install/ros_gz_example_gazebo/share/ros_gz_example_gazebo/worlds
[9.700s] -- Installing: /home/ws/install/ros_gz_example_gazebo/share/ros_gz_example_gazebo/worlds/diff_drive.sdf
[9.764s] -- Installing: /home/ws/install/ros_gz_example_gazebo/share/ros_gz_example_gazebo/environment/ros_gz_example_gazebo.dsv
[9.819s] -- Installing: /home/ws/install/ros_gz_example_gazebo/share/ros_gz_example_gazebo/environment/ros_gz_example_gazebo.sh
[9.886s] -- Installing: /home/ws/install/ros_gz_example_gazebo/share/ament_index/resource_index/package_run_dependencies/ros_gz_example_gazebo
[9.985s] -- Installing: /home/ws/install/ros_gz_example_gazebo/share/ament_index/resource_index/parent_prefix_path/ros_gz_example_gazebo
[10.074s] -- Installing: /home/ws/install/ros_gz_example_gazebo/share/ros_gz_example_gazebo/environment/ament_prefix_path.sh
[10.125s] -- Installing: /home/ws/install/ros_gz_example_gazebo/share/ros_gz_example_gazebo/environment/ament_prefix_path.dsv
[10.173s] -- Installing: /home/ws/install/ros_gz_example_gazebo/share/ros_gz_example_gazebo/environment/path.sh
[10.221s] -- Installing: /home/ws/install/ros_gz_example_gazebo/share/ros_gz_example_gazebo/environment/path.dsv
[10.271s] -- Installing: /home/ws/install/ros_gz_example_gazebo/share/ros_gz_example_gazebo/local_setup.bash
[10.315s] -- Installing: /home/ws/install/ros_gz_example_gazebo/share/ros_gz_example_gazebo/local_setup.sh
[10.363s] -- Installing: /home/ws/install/ros_gz_example_gazebo/share/ros_gz_example_gazebo/local_setup.zsh
[10.411s] -- Installing: /home/ws/install/ros_gz_example_gazebo/share/ros_gz_example_gazebo/local_setup.dsv
[10.458s] -- Installing: /home/ws/install/ros_gz_example_gazebo/share/ros_gz_example_gazebo/package.dsv
[10.526s] -- Installing: /home/ws/install/ros_gz_example_gazebo/share/ament_index/resource_index/packages/ros_gz_example_gazebo
[10.596s] -- Installing: /home/ws/install/ros_gz_example_gazebo/share/ros_gz_example_gazebo/cmake/ros_gz_example_gazeboConfig.cmake
[10.650s] -- Installing: /home/ws/install/ros_gz_example_gazebo/share/ros_gz_example_gazebo/cmake/ros_gz_example_gazeboConfig-version.cmake
[10.705s] -- Installing: /home/ws/install/ros_gz_example_gazebo/share/ros_gz_example_gazebo/package.xml
[10.750s] Invoked command in '/home/ws/build/ros_gz_example_gazebo' returned '0': AMENT_PREFIX_PATH=/home/ws/install/ros_gz_example_description:${AMENT_PREFIX_PATH} CMAKE_PREFIX_PATH=/home/ws/install/ros_gz_example_description:/opt/ros/humble GZ_SIM_RESOURCE_PATH=/home/ws/install/ros_gz_example_description/share/ros_gz_example_description/models /usr/bin/cmake --install /home/ws/build/ros_gz_example_gazebo
