[0.359s] Invoking command in '/home/ws/build/ros_gz_example_application': CMAKE_PREFIX_PATH=${CMAKE_PREFIX_PATH}:/opt/ros/humble /usr/bin/cmake /home/ws/ros_gz_example_application -DAMENT_CMAKE_SYMLINK_INSTALL=1 -DCMAKE_INSTALL_PREFIX=/home/ws/install/ros_gz_example_application
[0.362s] -- Found ament_cmake: 1.3.11 (/opt/ros/humble/share/ament_cmake/cmake)
[0.452s] -- Override CMake install command with custom implementation using symlinks instead of copying resources
[1.124s] -- Configuring done
[1.637s] -- Generating done
[1.953s] -- Build files have been written to: /home/ws/build/ros_gz_example_application
[1.957s] Invoked command in '/home/ws/build/ros_gz_example_application' returned '0': CMAKE_PREFIX_PATH=${CMAKE_PREFIX_PATH}:/opt/ros/humble /usr/bin/cmake /home/ws/ros_gz_example_application -DAMENT_CMAKE_SYMLINK_INSTALL=1 -DCMAKE_INSTALL_PREFIX=/home/ws/install/ros_gz_example_application
[1.970s] Invoking command in '/home/ws/build/ros_gz_example_application': CMAKE_PREFIX_PATH=${CMAKE_PREFIX_PATH}:/opt/ros/humble /usr/bin/cmake --build /home/ws/build/ros_gz_example_application -- -j12 -l12
[2.096s] Invoked command in '/home/ws/build/ros_gz_example_application' returned '0': CMAKE_PREFIX_PATH=${CMAKE_PREFIX_PATH}:/opt/ros/humble /usr/bin/cmake --build /home/ws/build/ros_gz_example_application -- -j12 -l12
[2.127s] Invoking command in '/home/ws/build/ros_gz_example_application': CMAKE_PREFIX_PATH=${CMAKE_PREFIX_PATH}:/opt/ros/humble /usr/bin/cmake --install /home/ws/build/ros_gz_example_application
[2.139s] -- Install configuration: ""
[2.149s] -- Execute custom install script
[2.168s] -- Symlinking: /home/ws/install/ros_gz_example_application/share/ament_index/resource_index/package_run_dependencies/ros_gz_example_application
[2.238s] -- Symlinking: /home/ws/install/ros_gz_example_application/share/ament_index/resource_index/parent_prefix_path/ros_gz_example_application
[2.300s] -- Symlinking: /home/ws/install/ros_gz_example_application/share/ros_gz_example_application/environment/ament_prefix_path.sh
[2.444s] -- Symlinking: /home/ws/install/ros_gz_example_application/share/ros_gz_example_application/environment/ament_prefix_path.dsv
[2.534s] -- Symlinking: /home/ws/install/ros_gz_example_application/share/ros_gz_example_application/environment/path.sh
[2.607s] -- Symlinking: /home/ws/install/ros_gz_example_application/share/ros_gz_example_application/environment/path.dsv
[2.674s] -- Symlinking: /home/ws/install/ros_gz_example_application/share/ros_gz_example_application/local_setup.bash
[2.744s] -- Symlinking: /home/ws/install/ros_gz_example_application/share/ros_gz_example_application/local_setup.sh
[2.827s] -- Symlinking: /home/ws/install/ros_gz_example_application/share/ros_gz_example_application/local_setup.zsh
[2.871s] -- Symlinking: /home/ws/install/ros_gz_example_application/share/ros_gz_example_application/local_setup.dsv
[2.911s] -- Symlinking: /home/ws/install/ros_gz_example_application/share/ros_gz_example_application/package.dsv
[2.959s] -- Symlinking: /home/ws/install/ros_gz_example_application/share/ament_index/resource_index/packages/ros_gz_example_application
[3.019s] -- Symlinking: /home/ws/install/ros_gz_example_application/share/ros_gz_example_application/cmake/ros_gz_example_applicationConfig.cmake
[3.063s] -- Symlinking: /home/ws/install/ros_gz_example_application/share/ros_gz_example_application/cmake/ros_gz_example_applicationConfig-version.cmake
[3.108s] -- Symlinking: /home/ws/install/ros_gz_example_application/share/ros_gz_example_application/package.xml
[3.150s] Invoked command in '/home/ws/build/ros_gz_example_application' returned '0': CMAKE_PREFIX_PATH=${CMAKE_PREFIX_PATH}:/opt/ros/humble /usr/bin/cmake --install /home/ws/build/ros_gz_example_application
