[0.190s] Invoking command in '/home/ws/build/ros_gz_example_gazebo': CMAKE_PREFIX_PATH=/home/ws/install/ros_gz_example_description:/home/ws/install/ros_gz_example_bringup:/home/ws/install/ros_gz_example_gazebo:/home/ws/install/ros_gz_example_application:/opt/ros/humble GZ_SIM_RESOURCE_PATH=/home/ws/install/ros_gz_example_description/share/ros_gz_example_description/models:${GZ_SIM_RESOURCE_PATH} /usr/bin/cmake /home/ws/ros_gz_example_gazebo -DCMAKE_INSTALL_PREFIX=/home/ws/install/ros_gz_example_gazebo
[0.264s] -- Found ament_cmake: 1.3.11 (/opt/ros/humble/share/ament_cmake/cmake)
[0.521s] -- Found ros_gz_example_description: 0.0.0 (/home/ws/install/ros_gz_example_description/share/ros_gz_example_description/cmake)
[0.541s] -- Looking for gz-plugin2 -- found version 2.0.3
[0.542s] -- Searching for dependencies of gz-plugin2
[0.544s] -- Looking for gz-utils2 -- found version 2.2.0
[0.546s] -- Searching for dependencies of gz-utils2
[0.547s] -- Searching for <gz-utils2> component [cli]
[0.548s] -- Looking for gz-utils2-cli -- found version 2.2.0
[0.549s] -- Searching for dependencies of gz-utils2-cli
[0.551s] -- Searching for <gz-plugin2> component [register]
[0.553s] -- Looking for gz-plugin2-register -- found version 2.0.3
[0.555s] -- Searching for dependencies of gz-plugin2-register
[0.557s] -- Looking for gz-common5 -- found version 5.7.0
[0.559s] -- Searching for dependencies of gz-common5
[0.561s] -- Looking for gz-utils2 -- found version 2.2.0
[0.562s] -- Looking for dlfcn.h - found
[0.562s] -- Looking for libdl - found
[0.571s] -- Checking for module 'uuid'
[0.656s] --   Found uuid, version 2.37.2
[0.698s] -- Searching for <gz-common5> component [profiler]
[0.700s] -- Looking for gz-common5-profiler -- found version 5.7.0
[0.702s] -- Searching for dependencies of gz-common5-profiler
[0.705s] -- Looking for gz-sim7 -- found version 7.9.0
[0.706s] -- Searching for dependencies of gz-sim7
[0.707s] -- Looking for sdformat13 -- found version 13.9.0
[0.708s] -- Searching for dependencies of sdformat13
[0.714s] -- Checking for module 'tinyxml2'
[0.814s] --   Found tinyxml2, version 9.0.0
[0.856s] -- Looking for gz-math7 -- found version 7.5.1
[0.857s] -- Searching for dependencies of gz-math7
[0.860s] -- Looking for gz-utils2 -- found version 2.2.0
[0.861s] -- Looking for gz-utils2 -- found version 2.2.0
[0.864s] -- Looking for gz-plugin2 -- found version 2.0.3
[0.865s] -- Searching for dependencies of gz-plugin2
[0.866s] -- Looking for gz-utils2 -- found version 2.2.0
[0.867s] -- Searching for <gz-plugin2> component [loader]
[0.868s] -- Looking for gz-plugin2-loader -- found version 2.0.3
[0.869s] -- Searching for dependencies of gz-plugin2-loader
[0.870s] -- Searching for <gz-plugin2> component [register]
[0.873s] -- Looking for gz-transport12 -- found version 12.2.2
[0.874s] -- Searching for dependencies of gz-transport12
[1.562s] -- Config-file not installed for ZeroMQ -- checking for pkg-config
[1.567s] -- Checking for module 'libzmq >= 4'
[1.664s] --   Found libzmq , version 4.3.4
[1.718s] -- Looking for gz-utils2 -- found version 2.2.0
[1.721s] -- Looking for gz-msgs9 -- found version 9.5.1
[1.722s] -- Searching for dependencies of gz-msgs9
[2.041s] -- Looking for gz-math7 -- found version 7.5.1
[2.052s] -- Searching for <gz-transport12> component [log]
[2.054s] -- Looking for gz-transport12-log -- found version 12.2.2
[2.056s] -- Searching for dependencies of gz-transport12-log
[2.057s] -- Searching for <gz-transport12> component [parameters]
[2.059s] -- Looking for gz-transport12-parameters -- found version 12.2.2
[2.060s] -- Searching for dependencies of gz-transport12-parameters
[2.064s] -- Looking for gz-msgs9 -- found version 9.5.1
[2.066s] -- Looking for gz-common5 -- found version 5.7.0
[2.069s] -- Searching for dependencies of gz-common5
[2.071s] -- Looking for gz-utils2 -- found version 2.2.0
[2.072s] -- Looking for dlfcn.h - found
[2.074s] -- Looking for libdl - found
[2.081s] -- Searching for <gz-common5> component [profiler]
[2.082s] -- Searching for <gz-common5> component [events]
[2.084s] -- Looking for gz-common5-events -- found version 5.7.0
[2.085s] -- Searching for dependencies of gz-common5-events
[2.087s] -- Looking for gz-math7 -- found version 7.5.1
[2.088s] -- Searching for <gz-common5> component [av]
[2.089s] -- Looking for gz-common5-av -- found version 5.7.0
[2.090s] -- Searching for dependencies of gz-common5-av
[2.095s] -- Checking for module 'libswscale'
[2.181s] --   Found libswscale, version 5.9.100
[2.237s] -- Checking for module 'libavdevice >= 56.4.100'
[2.347s] --   Found libavdevice , version 58.13.100
[2.407s] -- Checking for module 'libavformat'
[2.488s] --   Found libavformat, version 58.76.100
[2.539s] -- Checking for module 'libavcodec'
[2.625s] --   Found libavcodec, version 58.134.100
[2.660s] -- Checking for module 'libavutil'
[2.731s] --   Found libavutil, version 56.70.100
[2.763s] -- Searching for <gz-common5> component [io]
[2.764s] -- Looking for gz-common5-io -- found version 5.7.0
[2.765s] -- Searching for dependencies of gz-common5-io
[2.769s] -- Looking for gz-fuel_tools8 -- found version 8.2.0
[2.770s] -- Searching for dependencies of gz-fuel_tools8
[3.133s] -- Checking for module 'jsoncpp'
[3.218s] --   Found jsoncpp, version 1.9.5
[3.272s] -- Checking for module 'libzip'
[3.359s] --   Found libzip, version 1.7.3
[3.395s] -- Looking for gz-utils2 -- found version 2.2.0
[3.396s] -- Looking for gz-common5 -- found version 5.7.0
[3.397s] -- Searching for dependencies of gz-common5
[3.398s] -- Looking for gz-utils2 -- found version 2.2.0
[3.399s] -- Looking for dlfcn.h - found
[3.400s] -- Looking for libdl - found
[3.407s] -- Searching for <gz-common5> component [testing]
[3.409s] -- Looking for gz-common5-testing -- found version 5.7.0
[3.409s] -- Searching for dependencies of gz-common5-testing
[3.412s] -- Looking for gz-math7 -- found version 7.5.1
[3.413s] -- Looking for gz-msgs9 -- found version 9.5.1
[3.418s] -- Looking for gz-gui7 -- found version 7.2.2
[3.419s] -- Searching for dependencies of gz-gui7
[3.629s] -- Looking for gz-utils2 -- found version 2.2.0
[3.630s] -- Looking for gz-math7 -- found version 7.5.1
[3.631s] -- Looking for gz-common5 -- found version 5.7.0
[3.632s] -- Looking for gz-plugin2 -- found version 2.0.3
[3.633s] -- Looking for gz-transport12 -- found version 12.2.2
[3.636s] -- Looking for gz-rendering7 -- found version 7.5.0
[3.637s] -- Searching for dependencies of gz-rendering7
[3.638s] -- Looking for gz-math7 -- found version 7.5.1
[3.639s] -- Searching for dependencies of gz-math7
[3.639s] -- Looking for gz-utils2 -- found version 2.2.0
[3.640s] -- Searching for <gz-math7> component [eigen3]
[3.641s] -- Looking for gz-math7-eigen3 -- found version 7.5.1
[3.643s] -- Searching for dependencies of gz-math7-eigen3
[3.645s] -- Looking for gz-common5 -- found version 5.7.0
[3.646s] -- Searching for dependencies of gz-common5
[3.647s] -- Looking for gz-utils2 -- found version 2.2.0
[3.647s] -- Looking for dlfcn.h - found
[3.648s] -- Looking for libdl - found
[3.654s] -- Searching for <gz-common5> component [graphics]
[3.655s] -- Looking for gz-common5-graphics -- found version 5.7.0
[3.656s] -- Searching for dependencies of gz-common5-graphics
[3.657s] -- Looking for gz-math7 -- found version 7.5.1
[3.663s] -- Searching for <gz-common5> component [events]
[3.665s] -- Searching for <gz-common5> component [geospatial]
[3.666s] -- Looking for gz-common5-geospatial -- found version 5.7.0
[3.667s] -- Searching for dependencies of gz-common5-geospatial
[3.668s] -- Looking for gz-math7 -- found version 7.5.1
[3.669s] -- Looking for gz-common5 -- found version 5.7.0
[3.670s] -- Looking for gz-plugin2 -- found version 2.0.3
[3.671s] -- Searching for dependencies of gz-plugin2
[3.672s] -- Looking for gz-utils2 -- found version 2.2.0
[3.673s] -- Searching for <gz-plugin2> component [all]
[3.674s] -- Looking for all libraries of gz-plugin2 -- found version 2.0.3
[3.675s] -- Looking for gz-plugin2 -- found version 2.0.3
[3.675s] -- Looking for gz-utils2 -- found version 2.2.0
[3.693s] -- Looking for gz-msgs9 -- found version 9.5.1
[3.768s] -- Looking for gz-physics6 -- found version 6.7.0
[3.769s] -- Searching for dependencies of gz-physics6
[3.770s] -- Looking for gz-common5 -- found version 5.7.0
[3.771s] -- Looking for gz-math7 -- found version 7.5.1
[3.773s] -- Looking for gz-plugin2 -- found version 2.0.3
[3.774s] -- Looking for gz-utils2 -- found version 2.2.0
[3.775s] -- Searching for <gz-physics6> component [heightmap]
[3.779s] -- Looking for gz-physics6-heightmap -- found version 6.7.0
[3.780s] -- Searching for dependencies of gz-physics6-heightmap
[3.781s] -- Looking for gz-common5 -- found version 5.7.0
[3.783s] -- Searching for <gz-physics6> component [mesh]
[3.784s] -- Looking for gz-physics6-mesh -- found version 6.7.0
[3.785s] -- Searching for dependencies of gz-physics6-mesh
[3.787s] -- Looking for gz-common5 -- found version 5.7.0
[3.788s] -- Searching for <gz-physics6> component [sdf]
[3.789s] -- Looking for gz-physics6-sdf -- found version 6.7.0
[3.790s] -- Searching for dependencies of gz-physics6-sdf
[3.791s] -- Looking for sdformat13 -- found version 13.9.0
[3.794s] -- Looking for gz-sensors7 -- found version 7.3.1
[3.796s] -- Searching for dependencies of gz-sensors7
[4.093s] -- Looking for gz-math7 -- found version 7.5.1
[4.095s] -- Looking for gz-common5 -- found version 5.7.0
[4.098s] -- Looking for gz-transport12 -- found version 12.2.2
[4.099s] -- Looking for gz-rendering7 -- found version 7.5.0
[4.100s] -- Looking for gz-msgs9 -- found version 9.5.1
[4.101s] -- Looking for sdformat13 -- found version 13.9.0
[4.110s] -- Searching for <gz-sensors7> component [air_pressure]
[4.112s] -- Looking for gz-sensors7-air_pressure -- found version 7.3.1
[4.113s] -- Searching for dependencies of gz-sensors7-air_pressure
[4.114s] -- Searching for <gz-sensors7> component [air_speed]
[4.116s] -- Looking for gz-sensors7-air_speed -- found version 7.3.1
[4.117s] -- Searching for dependencies of gz-sensors7-air_speed
[4.118s] -- Searching for <gz-sensors7> component [altimeter]
[4.122s] -- Looking for gz-sensors7-altimeter -- found version 7.3.1
[4.123s] -- Searching for dependencies of gz-sensors7-altimeter
[4.124s] -- Searching for <gz-sensors7> component [imu]
[4.125s] -- Looking for gz-sensors7-imu -- found version 7.3.1
[4.126s] -- Searching for dependencies of gz-sensors7-imu
[4.128s] -- Searching for <gz-sensors7> component [force_torque]
[4.129s] -- Looking for gz-sensors7-force_torque -- found version 7.3.1
[4.130s] -- Searching for dependencies of gz-sensors7-force_torque
[4.132s] -- Searching for <gz-sensors7> component [logical_camera]
[4.133s] -- Looking for gz-sensors7-logical_camera -- found version 7.3.1
[4.135s] -- Searching for dependencies of gz-sensors7-logical_camera
[4.136s] -- Searching for <gz-sensors7> component [magnetometer]
[4.137s] -- Looking for gz-sensors7-magnetometer -- found version 7.3.1
[4.138s] -- Searching for dependencies of gz-sensors7-magnetometer
[4.140s] -- Searching for <gz-sensors7> component [navsat]
[4.141s] -- Looking for gz-sensors7-navsat -- found version 7.3.1
[4.142s] -- Searching for dependencies of gz-sensors7-navsat
[4.144s] -- Searching for <gz-sensors7> component [rendering]
[4.145s] -- Looking for gz-sensors7-rendering -- found version 7.3.1
[4.146s] -- Searching for dependencies of gz-sensors7-rendering
[4.147s] -- Searching for <gz-sensors7> component [lidar]
[4.148s] -- Looking for gz-sensors7-lidar -- found version 7.3.1
[4.149s] -- Searching for dependencies of gz-sensors7-lidar
[4.151s] -- Looking for gz-sensors7 -- found version 7.3.1
[4.152s] -- Searching for <gz-sensors7> component [gpu_lidar]
[4.153s] -- Looking for gz-sensors7-gpu_lidar -- found version 7.3.1
[4.154s] -- Searching for dependencies of gz-sensors7-gpu_lidar
[4.155s] -- Looking for gz-sensors7 -- found version 7.3.1
[4.158s] -- Searching for <gz-sensors7> component [camera]
[4.159s] -- Looking for gz-sensors7-camera -- found version 7.3.1
[4.160s] -- Searching for dependencies of gz-sensors7-camera
[4.161s] -- Looking for gz-sensors7 -- found version 7.3.1
[4.162s] -- Searching for <gz-sensors7> component [boundingbox_camera]
[4.163s] -- Looking for gz-sensors7-boundingbox_camera -- found version 7.3.1
[4.163s] -- Searching for dependencies of gz-sensors7-boundingbox_camera
[4.164s] -- Searching for <gz-sensors7> component [segmentation_camera]
[4.167s] -- Looking for gz-sensors7-segmentation_camera -- found version 7.3.1
[4.168s] -- Searching for dependencies of gz-sensors7-segmentation_camera
[4.169s] -- Searching for <gz-sensors7> component [depth_camera]
[4.170s] -- Looking for gz-sensors7-depth_camera -- found version 7.3.1
[4.171s] -- Searching for dependencies of gz-sensors7-depth_camera
[4.172s] -- Looking for gz-sensors7 -- found version 7.3.1
[4.173s] -- Searching for <gz-sensors7> component [rgbd_camera]
[4.174s] -- Looking for gz-sensors7-rgbd_camera -- found version 7.3.1
[4.175s] -- Searching for dependencies of gz-sensors7-rgbd_camera
[4.176s] -- Looking for gz-sensors7 -- found version 7.3.1
[4.177s] -- Searching for <gz-sensors7> component [thermal_camera]
[4.178s] -- Looking for gz-sensors7-thermal_camera -- found version 7.3.1
[4.179s] -- Searching for dependencies of gz-sensors7-thermal_camera
[4.180s] -- Looking for gz-sensors7 -- found version 7.3.1
[4.181s] -- Searching for <gz-sensors7> component [wide_angle_camera]
[4.183s] -- Looking for gz-sensors7-wide_angle_camera -- found version 7.3.1
[4.184s] -- Searching for dependencies of gz-sensors7-wide_angle_camera
[4.186s] -- Looking for gz-rendering7 -- found version 7.5.0
[4.187s] -- Looking for gz-math7 -- found version 7.5.1
[4.188s] -- Looking for gz-utils2 -- found version 2.2.0
[4.395s] -- Compiling against Gazebo Garden
[4.397s] -- Found ament_lint_auto: 0.12.11 (/opt/ros/humble/share/ament_lint_auto/cmake)
[5.017s] -- Configuring done
[5.788s] -- Generating done
[6.190s] -- Build files have been written to: /home/ws/build/ros_gz_example_gazebo
[6.211s] Invoked command in '/home/ws/build/ros_gz_example_gazebo' returned '0': CMAKE_PREFIX_PATH=/home/ws/install/ros_gz_example_description:/home/ws/install/ros_gz_example_bringup:/home/ws/install/ros_gz_example_gazebo:/home/ws/install/ros_gz_example_application:/opt/ros/humble GZ_SIM_RESOURCE_PATH=/home/ws/install/ros_gz_example_description/share/ros_gz_example_description/models:${GZ_SIM_RESOURCE_PATH} /usr/bin/cmake /home/ws/ros_gz_example_gazebo -DCMAKE_INSTALL_PREFIX=/home/ws/install/ros_gz_example_gazebo
[6.222s] Invoking command in '/home/ws/build/ros_gz_example_gazebo': CMAKE_PREFIX_PATH=/home/ws/install/ros_gz_example_description:/home/ws/install/ros_gz_example_bringup:/home/ws/install/ros_gz_example_gazebo:/home/ws/install/ros_gz_example_application:/opt/ros/humble GZ_SIM_RESOURCE_PATH=/home/ws/install/ros_gz_example_description/share/ros_gz_example_description/models:${GZ_SIM_RESOURCE_PATH} /usr/bin/cmake --build /home/ws/build/ros_gz_example_gazebo -- -j12 -l12
[6.457s] [ 50%] [32mBuilding CXX object CMakeFiles/FullSystem.dir/src/FullSystem.cc.o[0m
[6.459s] [ 50%] [32mBuilding CXX object CMakeFiles/BasicSystem.dir/src/BasicSystem.cc.o[0m
[10.016s] [ 75%] [32m[1mLinking CXX shared library libBasicSystem.so[0m
[10.193s] [100%] [32m[1mLinking CXX shared library libFullSystem.so[0m
[10.514s] [100%] Built target BasicSystem
[10.679s] [100%] Built target FullSystem
[10.715s] Invoked command in '/home/ws/build/ros_gz_example_gazebo' returned '0': CMAKE_PREFIX_PATH=/home/ws/install/ros_gz_example_description:/home/ws/install/ros_gz_example_bringup:/home/ws/install/ros_gz_example_gazebo:/home/ws/install/ros_gz_example_application:/opt/ros/humble GZ_SIM_RESOURCE_PATH=/home/ws/install/ros_gz_example_description/share/ros_gz_example_description/models:${GZ_SIM_RESOURCE_PATH} /usr/bin/cmake --build /home/ws/build/ros_gz_example_gazebo -- -j12 -l12
[10.746s] Invoking command in '/home/ws/build/ros_gz_example_gazebo': CMAKE_PREFIX_PATH=/home/ws/install/ros_gz_example_description:/home/ws/install/ros_gz_example_bringup:/home/ws/install/ros_gz_example_gazebo:/home/ws/install/ros_gz_example_application:/opt/ros/humble GZ_SIM_RESOURCE_PATH=/home/ws/install/ros_gz_example_description/share/ros_gz_example_description/models:${GZ_SIM_RESOURCE_PATH} /usr/bin/cmake --install /home/ws/build/ros_gz_example_gazebo
[10.758s] -- Install configuration: ""
[10.786s] -- Installing: /home/ws/install/ros_gz_example_gazebo/lib/ros_gz_example_gazebo/libBasicSystem.so
[10.883s] -- Installing: /home/ws/install/ros_gz_example_gazebo/lib/ros_gz_example_gazebo/libFullSystem.so
[10.976s] -- Up-to-date: /home/ws/install/ros_gz_example_gazebo/share/ros_gz_example_gazebo/worlds
[11.004s] -- Up-to-date: /home/ws/install/ros_gz_example_gazebo/share/ros_gz_example_gazebo/worlds/diff_drive.sdf
[11.024s] -- Installing: /home/ws/install/ros_gz_example_gazebo/share/ros_gz_example_gazebo/environment/ros_gz_example_gazebo.dsv
[11.092s] -- Installing: /home/ws/install/ros_gz_example_gazebo/share/ros_gz_example_gazebo/environment/ros_gz_example_gazebo.sh
[11.173s] -- Installing: /home/ws/install/ros_gz_example_gazebo/share/ament_index/resource_index/package_run_dependencies/ros_gz_example_gazebo
[11.285s] -- Installing: /home/ws/install/ros_gz_example_gazebo/share/ament_index/resource_index/parent_prefix_path/ros_gz_example_gazebo
[11.372s] -- Installing: /home/ws/install/ros_gz_example_gazebo/share/ros_gz_example_gazebo/environment/ament_prefix_path.sh
[11.540s] -- Installing: /home/ws/install/ros_gz_example_gazebo/share/ros_gz_example_gazebo/environment/ament_prefix_path.dsv
[11.735s] -- Installing: /home/ws/install/ros_gz_example_gazebo/share/ros_gz_example_gazebo/environment/path.sh
[11.820s] -- Installing: /home/ws/install/ros_gz_example_gazebo/share/ros_gz_example_gazebo/environment/path.dsv
[11.912s] -- Installing: /home/ws/install/ros_gz_example_gazebo/share/ros_gz_example_gazebo/local_setup.bash
[12.009s] -- Installing: /home/ws/install/ros_gz_example_gazebo/share/ros_gz_example_gazebo/local_setup.sh
[12.095s] -- Installing: /home/ws/install/ros_gz_example_gazebo/share/ros_gz_example_gazebo/local_setup.zsh
[12.179s] -- Installing: /home/ws/install/ros_gz_example_gazebo/share/ros_gz_example_gazebo/local_setup.dsv
[12.257s] -- Installing: /home/ws/install/ros_gz_example_gazebo/share/ros_gz_example_gazebo/package.dsv
[12.338s] -- Installing: /home/ws/install/ros_gz_example_gazebo/share/ament_index/resource_index/packages/ros_gz_example_gazebo
[12.427s] -- Installing: /home/ws/install/ros_gz_example_gazebo/share/ros_gz_example_gazebo/cmake/ros_gz_example_gazeboConfig.cmake
[12.495s] -- Installing: /home/ws/install/ros_gz_example_gazebo/share/ros_gz_example_gazebo/cmake/ros_gz_example_gazeboConfig-version.cmake
[12.563s] -- Up-to-date: /home/ws/install/ros_gz_example_gazebo/share/ros_gz_example_gazebo/package.xml
[12.576s] Invoked command in '/home/ws/build/ros_gz_example_gazebo' returned '0': CMAKE_PREFIX_PATH=/home/ws/install/ros_gz_example_description:/home/ws/install/ros_gz_example_bringup:/home/ws/install/ros_gz_example_gazebo:/home/ws/install/ros_gz_example_application:/opt/ros/humble GZ_SIM_RESOURCE_PATH=/home/ws/install/ros_gz_example_description/share/ros_gz_example_description/models:${GZ_SIM_RESOURCE_PATH} /usr/bin/cmake --install /home/ws/build/ros_gz_example_gazebo
