[0.152s] Invoking command in '/home/ws/build/ros_gz_example_bringup': CMAKE_PREFIX_PATH=/home/ws/install/ros_gz_example_gazebo:/home/ws/install/ros_gz_example_description:/home/ws/install/ros_gz_example_bringup:/home/ws/install/ros_gz_example_application:/opt/ros/humble GZ_SIM_PLUGIN_PATH=/home/ws/install/ros_gz_example_gazebo/lib/ros_gz_example_gazebo GZ_SIM_RESOURCE_PATH=/home/ws/install/ros_gz_example_description/share/ros_gz_example_description/models:${GZ_SIM_RESOURCE_PATH} /usr/bin/cmake --build /home/ws/build/ros_gz_example_bringup -- -j12 -l12
[0.233s] Invoked command in '/home/ws/build/ros_gz_example_bringup' returned '0': CMAKE_PREFIX_PATH=/home/ws/install/ros_gz_example_gazebo:/home/ws/install/ros_gz_example_description:/home/ws/install/ros_gz_example_bringup:/home/ws/install/ros_gz_example_application:/opt/ros/humble GZ_SIM_PLUGIN_PATH=/home/ws/install/ros_gz_example_gazebo/lib/ros_gz_example_gazebo GZ_SIM_RESOURCE_PATH=/home/ws/install/ros_gz_example_description/share/ros_gz_example_description/models:${GZ_SIM_RESOURCE_PATH} /usr/bin/cmake --build /home/ws/build/ros_gz_example_bringup -- -j12 -l12
[0.252s] Invoking command in '/home/ws/build/ros_gz_example_bringup': CMAKE_PREFIX_PATH=/home/ws/install/ros_gz_example_gazebo:/home/ws/install/ros_gz_example_description:/home/ws/install/ros_gz_example_bringup:/home/ws/install/ros_gz_example_application:/opt/ros/humble GZ_SIM_PLUGIN_PATH=/home/ws/install/ros_gz_example_gazebo/lib/ros_gz_example_gazebo GZ_SIM_RESOURCE_PATH=/home/ws/install/ros_gz_example_description/share/ros_gz_example_description/models:${GZ_SIM_RESOURCE_PATH} /usr/bin/cmake --install /home/ws/build/ros_gz_example_bringup
[0.260s] -- Install configuration: ""
[0.267s] -- Up-to-date: /home/ws/install/ros_gz_example_bringup/share/ros_gz_example_bringup/launch
[0.304s] -- Up-to-date: /home/ws/install/ros_gz_example_bringup/share/ros_gz_example_bringup/launch/neptr.launch.py
[0.318s] -- Up-to-date: /home/ws/install/ros_gz_example_bringup/share/ros_gz_example_bringup/config
[0.338s] -- Up-to-date: /home/ws/install/ros_gz_example_bringup/share/ros_gz_example_bringup/config/controller.yaml
[0.367s] -- Up-to-date: /home/ws/install/ros_gz_example_bringup/share/ros_gz_example_bringup/config/neptr.rviz
[0.396s] -- Installing: /home/ws/install/ros_gz_example_bringup/share/ros_gz_example_bringup/config/ros_gz_example_bridge.yaml
[0.482s] -- Up-to-date: /home/ws/install/ros_gz_example_bringup/share/ament_index/resource_index/package_run_dependencies/ros_gz_example_bringup
[0.507s] -- Up-to-date: /home/ws/install/ros_gz_example_bringup/share/ament_index/resource_index/parent_prefix_path/ros_gz_example_bringup
[0.520s] -- Up-to-date: /home/ws/install/ros_gz_example_bringup/share/ros_gz_example_bringup/environment/ament_prefix_path.sh
[0.536s] -- Up-to-date: /home/ws/install/ros_gz_example_bringup/share/ros_gz_example_bringup/environment/ament_prefix_path.dsv
[0.547s] -- Up-to-date: /home/ws/install/ros_gz_example_bringup/share/ros_gz_example_bringup/environment/path.sh
[0.564s] -- Up-to-date: /home/ws/install/ros_gz_example_bringup/share/ros_gz_example_bringup/environment/path.dsv
[0.581s] -- Up-to-date: /home/ws/install/ros_gz_example_bringup/share/ros_gz_example_bringup/local_setup.bash
[0.596s] -- Up-to-date: /home/ws/install/ros_gz_example_bringup/share/ros_gz_example_bringup/local_setup.sh
[0.613s] -- Up-to-date: /home/ws/install/ros_gz_example_bringup/share/ros_gz_example_bringup/local_setup.zsh
[0.628s] -- Up-to-date: /home/ws/install/ros_gz_example_bringup/share/ros_gz_example_bringup/local_setup.dsv
[0.642s] -- Installing: /home/ws/install/ros_gz_example_bringup/share/ros_gz_example_bringup/package.dsv
[0.705s] -- Up-to-date: /home/ws/install/ros_gz_example_bringup/share/ament_index/resource_index/packages/ros_gz_example_bringup
[0.723s] -- Up-to-date: /home/ws/install/ros_gz_example_bringup/share/ros_gz_example_bringup/cmake/ros_gz_example_bringupConfig.cmake
[0.741s] -- Up-to-date: /home/ws/install/ros_gz_example_bringup/share/ros_gz_example_bringup/cmake/ros_gz_example_bringupConfig-version.cmake
[0.756s] -- Up-to-date: /home/ws/install/ros_gz_example_bringup/share/ros_gz_example_bringup/package.xml
[0.765s] Invoked command in '/home/ws/build/ros_gz_example_bringup' returned '0': CMAKE_PREFIX_PATH=/home/ws/install/ros_gz_example_gazebo:/home/ws/install/ros_gz_example_description:/home/ws/install/ros_gz_example_bringup:/home/ws/install/ros_gz_example_application:/opt/ros/humble GZ_SIM_PLUGIN_PATH=/home/ws/install/ros_gz_example_gazebo/lib/ros_gz_example_gazebo GZ_SIM_RESOURCE_PATH=/home/ws/install/ros_gz_example_description/share/ros_gz_example_description/models:${GZ_SIM_RESOURCE_PATH} /usr/bin/cmake --install /home/ws/build/ros_gz_example_bringup
