-- The C compiler identification is GNU 11.4.0
-- The CXX compiler identification is GNU 11.4.0
-- Detecting C compiler ABI info
-- Detecting C compiler ABI info - done
-- Check for working C compiler: /usr/bin/cc - skipped
-- Detecting C compile features
-- Detecting C compile features - done
-- Detecting CXX compiler ABI info
-- Detecting CXX compiler ABI info - done
-- Check for working CXX compiler: /usr/bin/c++ - skipped
-- Detecting CXX compile features
-- Detecting CXX compile features - done
-- Found ament_cmake: 1.3.11 (/opt/ros/humble/share/ament_cmake/cmake)
-- Found Python3: /usr/bin/python3 (found version "3.10.12") found components: Interpreter 
-- Found ament_lint_auto: 0.12.11 (/opt/ros/humble/share/ament_lint_auto/cmake)
-- Added test 'lint_cmake' to check CMake code style
-- Added test 'xmllint' to check XML markup files
-- Configuring done
-- Generating done
-- Build files have been written to: /home/brian/neptr2_ws/build/neptr_desc
-- Install configuration: ""
-- Installing: /home/brian/neptr2_ws/install/neptr_desc/share/ament_index/resource_index/package_run_dependencies/neptr_desc
-- Installing: /home/brian/neptr2_ws/install/neptr_desc/share/ament_index/resource_index/parent_prefix_path/neptr_desc
-- Installing: /home/brian/neptr2_ws/install/neptr_desc/share/neptr_desc/environment/ament_prefix_path.sh
-- Installing: /home/brian/neptr2_ws/install/neptr_desc/share/neptr_desc/environment/ament_prefix_path.dsv
-- Installing: /home/brian/neptr2_ws/install/neptr_desc/share/neptr_desc/environment/path.sh
-- Installing: /home/brian/neptr2_ws/install/neptr_desc/share/neptr_desc/environment/path.dsv
-- Installing: /home/brian/neptr2_ws/install/neptr_desc/share/neptr_desc/local_setup.bash
-- Installing: /home/brian/neptr2_ws/install/neptr_desc/share/neptr_desc/local_setup.sh
-- Installing: /home/brian/neptr2_ws/install/neptr_desc/share/neptr_desc/local_setup.zsh
-- Installing: /home/brian/neptr2_ws/install/neptr_desc/share/neptr_desc/local_setup.dsv
-- Installing: /home/brian/neptr2_ws/install/neptr_desc/share/neptr_desc/package.dsv
-- Installing: /home/brian/neptr2_ws/install/neptr_desc/share/ament_index/resource_index/packages/neptr_desc
-- Installing: /home/brian/neptr2_ws/install/neptr_desc/share/neptr_desc/cmake/neptr_descConfig.cmake
-- Installing: /home/brian/neptr2_ws/install/neptr_desc/share/neptr_desc/cmake/neptr_descConfig-version.cmake
-- Installing: /home/brian/neptr2_ws/install/neptr_desc/share/neptr_desc/package.xml
