[0.015s] Invoking command in '/home/brian/neptr2_ws/build/neptr_desc': CMAKE_PREFIX_PATH=${CMAKE_PREFIX_PATH}:/home/brian/ws_moveit/install/moveit_configs_utils:/home/brian/ws_moveit/install/launch_param_builder:/opt/ros/humble /usr/bin/cmake /home/brian/neptr2_ws/neptr_desc -DCMAKE_INSTALL_PREFIX=/home/brian/neptr2_ws/install/neptr_desc
[0.069s] -- The C compiler identification is GNU 11.4.0
[0.118s] -- The CXX compiler identification is GNU 11.4.0
[0.125s] -- Detecting C compiler ABI info
[0.195s] -- Detecting C compiler ABI info - done
[0.202s] -- Check for working C compiler: /usr/bin/cc - skipped
[0.202s] -- Detecting C compile features
[0.202s] -- Detecting C compile features - done
[0.205s] -- Detecting CXX compiler ABI info
[0.283s] -- Detecting CXX compiler ABI info - done
[0.289s] -- Check for working CXX compiler: /usr/bin/c++ - skipped
[0.289s] -- Detecting CXX compile features
[0.290s] -- Detecting CXX compile features - done
[0.297s] -- Found ament_cmake: 1.3.11 (/opt/ros/humble/share/ament_cmake/cmake)
[0.445s] -- Found Python3: /usr/bin/python3 (found version "3.10.12") found components: Interpreter 
[0.603s] -- Found ament_lint_auto: 0.12.11 (/opt/ros/humble/share/ament_lint_auto/cmake)
[0.803s] -- Added test 'lint_cmake' to check CMake code style
[0.806s] -- Added test 'xmllint' to check XML markup files
[0.810s] -- Configuring done
[0.813s] -- Generating done
[0.815s] -- Build files have been written to: /home/brian/neptr2_ws/build/neptr_desc
[0.818s] Invoked command in '/home/brian/neptr2_ws/build/neptr_desc' returned '0': CMAKE_PREFIX_PATH=${CMAKE_PREFIX_PATH}:/home/brian/ws_moveit/install/moveit_configs_utils:/home/brian/ws_moveit/install/launch_param_builder:/opt/ros/humble /usr/bin/cmake /home/brian/neptr2_ws/neptr_desc -DCMAKE_INSTALL_PREFIX=/home/brian/neptr2_ws/install/neptr_desc
[0.820s] Invoking command in '/home/brian/neptr2_ws/build/neptr_desc': CMAKE_PREFIX_PATH=${CMAKE_PREFIX_PATH}:/home/brian/ws_moveit/install/moveit_configs_utils:/home/brian/ws_moveit/install/launch_param_builder:/opt/ros/humble /usr/bin/cmake --build /home/brian/neptr2_ws/build/neptr_desc -- -j12 -l12
[0.861s] Invoked command in '/home/brian/neptr2_ws/build/neptr_desc' returned '0': CMAKE_PREFIX_PATH=${CMAKE_PREFIX_PATH}:/home/brian/ws_moveit/install/moveit_configs_utils:/home/brian/ws_moveit/install/launch_param_builder:/opt/ros/humble /usr/bin/cmake --build /home/brian/neptr2_ws/build/neptr_desc -- -j12 -l12
[0.872s] Invoking command in '/home/brian/neptr2_ws/build/neptr_desc': CMAKE_PREFIX_PATH=${CMAKE_PREFIX_PATH}:/home/brian/ws_moveit/install/moveit_configs_utils:/home/brian/ws_moveit/install/launch_param_builder:/opt/ros/humble /usr/bin/cmake --install /home/brian/neptr2_ws/build/neptr_desc
[0.880s] -- Install configuration: ""
[0.880s] -- Installing: /home/brian/neptr2_ws/install/neptr_desc/share/ament_index/resource_index/package_run_dependencies/neptr_desc
[0.880s] -- Installing: /home/brian/neptr2_ws/install/neptr_desc/share/ament_index/resource_index/parent_prefix_path/neptr_desc
[0.880s] -- Installing: /home/brian/neptr2_ws/install/neptr_desc/share/neptr_desc/environment/ament_prefix_path.sh
[0.880s] -- Installing: /home/brian/neptr2_ws/install/neptr_desc/share/neptr_desc/environment/ament_prefix_path.dsv
[0.880s] -- Installing: /home/brian/neptr2_ws/install/neptr_desc/share/neptr_desc/environment/path.sh
[0.880s] -- Installing: /home/brian/neptr2_ws/install/neptr_desc/share/neptr_desc/environment/path.dsv
[0.880s] -- Installing: /home/brian/neptr2_ws/install/neptr_desc/share/neptr_desc/local_setup.bash
[0.881s] -- Installing: /home/brian/neptr2_ws/install/neptr_desc/share/neptr_desc/local_setup.sh
[0.881s] -- Installing: /home/brian/neptr2_ws/install/neptr_desc/share/neptr_desc/local_setup.zsh
[0.881s] -- Installing: /home/brian/neptr2_ws/install/neptr_desc/share/neptr_desc/local_setup.dsv
[0.881s] -- Installing: /home/brian/neptr2_ws/install/neptr_desc/share/neptr_desc/package.dsv
[0.881s] -- Installing: /home/brian/neptr2_ws/install/neptr_desc/share/ament_index/resource_index/packages/neptr_desc
[0.881s] -- Installing: /home/brian/neptr2_ws/install/neptr_desc/share/neptr_desc/cmake/neptr_descConfig.cmake
[0.881s] -- Installing: /home/brian/neptr2_ws/install/neptr_desc/share/neptr_desc/cmake/neptr_descConfig-version.cmake
[0.881s] -- Installing: /home/brian/neptr2_ws/install/neptr_desc/share/neptr_desc/package.xml
[0.883s] Invoked command in '/home/brian/neptr2_ws/build/neptr_desc' returned '0': CMAKE_PREFIX_PATH=${CMAKE_PREFIX_PATH}:/home/brian/ws_moveit/install/moveit_configs_utils:/home/brian/ws_moveit/install/launch_param_builder:/opt/ros/humble /usr/bin/cmake --install /home/brian/neptr2_ws/build/neptr_desc
