[0.062s] Invoking command in '/home/ws/build/ros_gz_example_description': CMAKE_PREFIX_PATH=/opt/ros/humble /usr/bin/cmake --build /home/ws/build/ros_gz_example_description -- -j12 -l12
[0.222s] Invoked command in '/home/ws/build/ros_gz_example_description' returned '0': CMAKE_PREFIX_PATH=/opt/ros/humble /usr/bin/cmake --build /home/ws/build/ros_gz_example_description -- -j12 -l12
[0.240s] Invoking command in '/home/ws/build/ros_gz_example_description': CMAKE_PREFIX_PATH=/opt/ros/humble /usr/bin/cmake --install /home/ws/build/ros_gz_example_description
[0.248s] -- Install configuration: ""
[0.254s] -- Up-to-date: /home/ws/install/ros_gz_example_description/share/ros_gz_example_description/models
[0.271s] -- Up-to-date: /home/ws/install/ros_gz_example_description/share/ros_gz_example_description/models/diff_drive
[0.294s] -- Up-to-date: /home/ws/install/ros_gz_example_description/share/ros_gz_example_description/models/diff_drive/model.config
[0.314s] -- Up-to-date: /home/ws/install/ros_gz_example_description/share/ros_gz_example_description/models/diff_drive/model.sdf
[0.327s] -- Up-to-date: /home/ws/install/ros_gz_example_description/share/ros_gz_example_description/models/rrbot
[0.351s] -- Up-to-date: /home/ws/install/ros_gz_example_description/share/ros_gz_example_description/models/rrbot/model.sdf
[0.369s] -- Up-to-date: /home/ws/install/ros_gz_example_description/share/ros_gz_example_description/environment/ros_gz_example_description.dsv
[0.386s] -- Up-to-date: /home/ws/install/ros_gz_example_description/share/ros_gz_example_description/environment/ros_gz_example_description.sh
[0.413s] -- Up-to-date: /home/ws/install/ros_gz_example_description/share/ament_index/resource_index/package_run_dependencies/ros_gz_example_description
[0.439s] -- Up-to-date: /home/ws/install/ros_gz_example_description/share/ament_index/resource_index/parent_prefix_path/ros_gz_example_description
[0.451s] -- Up-to-date: /home/ws/install/ros_gz_example_description/share/ros_gz_example_description/environment/ament_prefix_path.sh
[0.468s] -- Up-to-date: /home/ws/install/ros_gz_example_description/share/ros_gz_example_description/environment/ament_prefix_path.dsv
[0.480s] -- Up-to-date: /home/ws/install/ros_gz_example_description/share/ros_gz_example_description/environment/path.sh
[0.497s] -- Up-to-date: /home/ws/install/ros_gz_example_description/share/ros_gz_example_description/environment/path.dsv
[0.513s] -- Up-to-date: /home/ws/install/ros_gz_example_description/share/ros_gz_example_description/local_setup.bash
[0.529s] -- Up-to-date: /home/ws/install/ros_gz_example_description/share/ros_gz_example_description/local_setup.sh
[0.543s] -- Up-to-date: /home/ws/install/ros_gz_example_description/share/ros_gz_example_description/local_setup.zsh
[0.557s] -- Up-to-date: /home/ws/install/ros_gz_example_description/share/ros_gz_example_description/local_setup.dsv
[0.574s] -- Installing: /home/ws/install/ros_gz_example_description/share/ros_gz_example_description/package.dsv
[0.635s] -- Up-to-date: /home/ws/install/ros_gz_example_description/share/ament_index/resource_index/packages/ros_gz_example_description
[0.721s] -- Up-to-date: /home/ws/install/ros_gz_example_description/share/ros_gz_example_description/cmake/ros_gz_example_descriptionConfig.cmake
[0.735s] -- Up-to-date: /home/ws/install/ros_gz_example_description/share/ros_gz_example_description/cmake/ros_gz_example_descriptionConfig-version.cmake
[0.752s] -- Up-to-date: /home/ws/install/ros_gz_example_description/share/ros_gz_example_description/package.xml
[1.039s] Invoked command in '/home/ws/build/ros_gz_example_description' returned '0': CMAKE_PREFIX_PATH=/opt/ros/humble /usr/bin/cmake --install /home/ws/build/ros_gz_example_description
