[0.074s] Invoking command in '/home/ws/build/ros_gz_example_application': CMAKE_PREFIX_PATH=/opt/ros/humble /usr/bin/cmake /home/ws/ros_gz_example_application -DBUILD_TESTING=ON -DCMAKE_INSTALL_PREFIX=/home/ws/install/ros_gz_example_application
[0.374s] -- The C compiler identification is GNU 11.4.0
[0.607s] -- The CXX compiler identification is GNU 11.4.0
[0.652s] -- Detecting C compiler ABI info
[1.129s] -- Detecting C compiler ABI info - done
[1.151s] -- Check for working C compiler: /usr/bin/cc - skipped
[1.152s] -- Detecting C compile features
[1.153s] -- Detecting C compile features - done
[1.201s] -- Detecting CXX compiler ABI info
[1.778s] -- Detecting CXX compiler ABI info - done
[1.802s] -- Check for working CXX compiler: /usr/bin/c++ - skipped
[1.810s] -- Detecting CXX compile features
[1.812s] -- Detecting CXX compile features - done
[1.874s] -- Found ament_cmake: 1.3.11 (/opt/ros/humble/share/ament_cmake/cmake)
[2.000s] -- Found Python3: /usr/bin/python3 (found version "3.10.12") found components: Interpreter 
[2.746s] -- Configuring done
[2.965s] -- Generating done
[3.122s] -- Build files have been written to: /home/ws/build/ros_gz_example_application
[3.126s] Invoked command in '/home/ws/build/ros_gz_example_application' returned '0': CMAKE_PREFIX_PATH=/opt/ros/humble /usr/bin/cmake /home/ws/ros_gz_example_application -DBUILD_TESTING=ON -DCMAKE_INSTALL_PREFIX=/home/ws/install/ros_gz_example_application
[3.134s] Invoking command in '/home/ws/build/ros_gz_example_application': CMAKE_PREFIX_PATH=/opt/ros/humble /usr/bin/cmake --build /home/ws/build/ros_gz_example_application -- -j12 -l12
[3.226s] Invoked command in '/home/ws/build/ros_gz_example_application' returned '0': CMAKE_PREFIX_PATH=/opt/ros/humble /usr/bin/cmake --build /home/ws/build/ros_gz_example_application -- -j12 -l12
[3.248s] Invoking command in '/home/ws/build/ros_gz_example_application': CMAKE_PREFIX_PATH=/opt/ros/humble /usr/bin/cmake --install /home/ws/build/ros_gz_example_application
[3.259s] -- Install configuration: ""
[3.302s] -- Installing: /home/ws/install/ros_gz_example_application/share/ament_index/resource_index/package_run_dependencies/ros_gz_example_application
[3.422s] -- Installing: /home/ws/install/ros_gz_example_application/share/ament_index/resource_index/parent_prefix_path/ros_gz_example_application
[3.501s] -- Installing: /home/ws/install/ros_gz_example_application/share/ros_gz_example_application/environment/ament_prefix_path.sh
[3.564s] -- Installing: /home/ws/install/ros_gz_example_application/share/ros_gz_example_application/environment/ament_prefix_path.dsv
[3.618s] -- Installing: /home/ws/install/ros_gz_example_application/share/ros_gz_example_application/environment/path.sh
[3.702s] -- Installing: /home/ws/install/ros_gz_example_application/share/ros_gz_example_application/environment/path.dsv
[3.757s] -- Installing: /home/ws/install/ros_gz_example_application/share/ros_gz_example_application/local_setup.bash
[3.814s] -- Installing: /home/ws/install/ros_gz_example_application/share/ros_gz_example_application/local_setup.sh
[3.871s] -- Installing: /home/ws/install/ros_gz_example_application/share/ros_gz_example_application/local_setup.zsh
[3.981s] -- Installing: /home/ws/install/ros_gz_example_application/share/ros_gz_example_application/local_setup.dsv
[4.052s] -- Installing: /home/ws/install/ros_gz_example_application/share/ros_gz_example_application/package.dsv
[4.126s] -- Installing: /home/ws/install/ros_gz_example_application/share/ament_index/resource_index/packages/ros_gz_example_application
[4.212s] -- Installing: /home/ws/install/ros_gz_example_application/share/ros_gz_example_application/cmake/ros_gz_example_applicationConfig.cmake
[4.277s] -- Installing: /home/ws/install/ros_gz_example_application/share/ros_gz_example_application/cmake/ros_gz_example_applicationConfig-version.cmake
[4.343s] -- Installing: /home/ws/install/ros_gz_example_application/share/ros_gz_example_application/package.xml
[4.388s] Invoked command in '/home/ws/build/ros_gz_example_application' returned '0': CMAKE_PREFIX_PATH=/opt/ros/humble /usr/bin/cmake --install /home/ws/build/ros_gz_example_application
