[0.224s] Invoking command in '/home/ws/build/ros_gz_example_bringup': CMAKE_PREFIX_PATH=/home/ws/install/ros_gz_example_gazebo:/home/ws/install/ros_gz_example_description:/home/ws/install/ros_gz_example_bringup:/home/ws/install/ros_gz_example_application:/opt/ros/humble GZ_SIM_PLUGIN_PATH=/home/ws/install/ros_gz_example_gazebo/lib/ros_gz_example_gazebo GZ_SIM_RESOURCE_PATH=/home/ws/install/ros_gz_example_description/share/ros_gz_example_description/models:${GZ_SIM_RESOURCE_PATH} /usr/bin/cmake --build /home/ws/build/ros_gz_example_bringup -- -j12 -l12
[0.466s] Invoked command in '/home/ws/build/ros_gz_example_bringup' returned '0': CMAKE_PREFIX_PATH=/home/ws/install/ros_gz_example_gazebo:/home/ws/install/ros_gz_example_description:/home/ws/install/ros_gz_example_bringup:/home/ws/install/ros_gz_example_application:/opt/ros/humble GZ_SIM_PLUGIN_PATH=/home/ws/install/ros_gz_example_gazebo/lib/ros_gz_example_gazebo GZ_SIM_RESOURCE_PATH=/home/ws/install/ros_gz_example_description/share/ros_gz_example_description/models:${GZ_SIM_RESOURCE_PATH} /usr/bin/cmake --build /home/ws/build/ros_gz_example_bringup -- -j12 -l12
[0.510s] Invoking command in '/home/ws/build/ros_gz_example_bringup': CMAKE_PREFIX_PATH=/home/ws/install/ros_gz_example_gazebo:/home/ws/install/ros_gz_example_description:/home/ws/install/ros_gz_example_bringup:/home/ws/install/ros_gz_example_application:/opt/ros/humble GZ_SIM_PLUGIN_PATH=/home/ws/install/ros_gz_example_gazebo/lib/ros_gz_example_gazebo GZ_SIM_RESOURCE_PATH=/home/ws/install/ros_gz_example_description/share/ros_gz_example_description/models:${GZ_SIM_RESOURCE_PATH} /usr/bin/cmake --install /home/ws/build/ros_gz_example_bringup
[0.583s] -- Install configuration: ""
[0.592s] -- Up-to-date: /home/ws/install/ros_gz_example_bringup/share/ros_gz_example_bringup/launch
[0.635s] -- Up-to-date: /home/ws/install/ros_gz_example_bringup/share/ros_gz_example_bringup/launch/neptr.launch.py
[0.648s] -- Up-to-date: /home/ws/install/ros_gz_example_bringup/share/ros_gz_example_bringup/config
[0.670s] -- Up-to-date: /home/ws/install/ros_gz_example_bringup/share/ros_gz_example_bringup/config/controller.yaml
[0.703s] -- Up-to-date: /home/ws/install/ros_gz_example_bringup/share/ros_gz_example_bringup/config/neptr.rviz
[0.770s] -- Up-to-date: /home/ws/install/ros_gz_example_bringup/share/ros_gz_example_bringup/config/ros_gz_example_bridge.yaml
[0.807s] -- Up-to-date: /home/ws/install/ros_gz_example_bringup/share/ament_index/resource_index/package_run_dependencies/ros_gz_example_bringup
[0.845s] -- Up-to-date: /home/ws/install/ros_gz_example_bringup/share/ament_index/resource_index/parent_prefix_path/ros_gz_example_bringup
[0.872s] -- Up-to-date: /home/ws/install/ros_gz_example_bringup/share/ros_gz_example_bringup/environment/ament_prefix_path.sh
[0.891s] -- Up-to-date: /home/ws/install/ros_gz_example_bringup/share/ros_gz_example_bringup/environment/ament_prefix_path.dsv
[0.909s] -- Up-to-date: /home/ws/install/ros_gz_example_bringup/share/ros_gz_example_bringup/environment/path.sh
[0.928s] -- Up-to-date: /home/ws/install/ros_gz_example_bringup/share/ros_gz_example_bringup/environment/path.dsv
[0.946s] -- Up-to-date: /home/ws/install/ros_gz_example_bringup/share/ros_gz_example_bringup/local_setup.bash
[0.966s] -- Up-to-date: /home/ws/install/ros_gz_example_bringup/share/ros_gz_example_bringup/local_setup.sh
[0.984s] -- Up-to-date: /home/ws/install/ros_gz_example_bringup/share/ros_gz_example_bringup/local_setup.zsh
[1.002s] -- Up-to-date: /home/ws/install/ros_gz_example_bringup/share/ros_gz_example_bringup/local_setup.dsv
[1.017s] -- Installing: /home/ws/install/ros_gz_example_bringup/share/ros_gz_example_bringup/package.dsv
[1.082s] -- Up-to-date: /home/ws/install/ros_gz_example_bringup/share/ament_index/resource_index/packages/ros_gz_example_bringup
[1.099s] -- Up-to-date: /home/ws/install/ros_gz_example_bringup/share/ros_gz_example_bringup/cmake/ros_gz_example_bringupConfig.cmake
[1.112s] -- Up-to-date: /home/ws/install/ros_gz_example_bringup/share/ros_gz_example_bringup/cmake/ros_gz_example_bringupConfig-version.cmake
[1.126s] -- Up-to-date: /home/ws/install/ros_gz_example_bringup/share/ros_gz_example_bringup/package.xml
[1.135s] Invoked command in '/home/ws/build/ros_gz_example_bringup' returned '0': CMAKE_PREFIX_PATH=/home/ws/install/ros_gz_example_gazebo:/home/ws/install/ros_gz_example_description:/home/ws/install/ros_gz_example_bringup:/home/ws/install/ros_gz_example_application:/opt/ros/humble GZ_SIM_PLUGIN_PATH=/home/ws/install/ros_gz_example_gazebo/lib/ros_gz_example_gazebo GZ_SIM_RESOURCE_PATH=/home/ws/install/ros_gz_example_description/share/ros_gz_example_description/models:${GZ_SIM_RESOURCE_PATH} /usr/bin/cmake --install /home/ws/build/ros_gz_example_bringup
