[0.059s] Invoking command in '/home/ws/build/ros_gz_example_description': CMAKE_PREFIX_PATH=/opt/ros/humble /usr/bin/cmake --build /home/ws/build/ros_gz_example_description -- -j12 -l12
[0.154s] Invoked command in '/home/ws/build/ros_gz_example_description' returned '0': CMAKE_PREFIX_PATH=/opt/ros/humble /usr/bin/cmake --build /home/ws/build/ros_gz_example_description -- -j12 -l12
[0.180s] Invoking command in '/home/ws/build/ros_gz_example_description': CMAKE_PREFIX_PATH=/opt/ros/humble /usr/bin/cmake --install /home/ws/build/ros_gz_example_description
[0.188s] -- Install configuration: ""
[0.195s] -- Up-to-date: /home/ws/install/ros_gz_example_description/share/ros_gz_example_description/models
[0.216s] -- Up-to-date: /home/ws/install/ros_gz_example_description/share/ros_gz_example_description/models/diff_drive
[0.242s] -- Up-to-date: /home/ws/install/ros_gz_example_description/share/ros_gz_example_description/models/diff_drive/model.config
[0.262s] -- Up-to-date: /home/ws/install/ros_gz_example_description/share/ros_gz_example_description/models/diff_drive/model.sdf
[0.275s] -- Up-to-date: /home/ws/install/ros_gz_example_description/share/ros_gz_example_description/models/rrbot
[0.299s] -- Up-to-date: /home/ws/install/ros_gz_example_description/share/ros_gz_example_description/models/rrbot/model.sdf
[0.317s] -- Up-to-date: /home/ws/install/ros_gz_example_description/share/ros_gz_example_description/environment/ros_gz_example_description.dsv
[0.335s] -- Up-to-date: /home/ws/install/ros_gz_example_description/share/ros_gz_example_description/environment/ros_gz_example_description.sh
[0.363s] -- Up-to-date: /home/ws/install/ros_gz_example_description/share/ament_index/resource_index/package_run_dependencies/ros_gz_example_description
[0.391s] -- Up-to-date: /home/ws/install/ros_gz_example_description/share/ament_index/resource_index/parent_prefix_path/ros_gz_example_description
[0.405s] -- Up-to-date: /home/ws/install/ros_gz_example_description/share/ros_gz_example_description/environment/ament_prefix_path.sh
[0.423s] -- Up-to-date: /home/ws/install/ros_gz_example_description/share/ros_gz_example_description/environment/ament_prefix_path.dsv
[0.435s] -- Up-to-date: /home/ws/install/ros_gz_example_description/share/ros_gz_example_description/environment/path.sh
[0.452s] -- Up-to-date: /home/ws/install/ros_gz_example_description/share/ros_gz_example_description/environment/path.dsv
[0.468s] -- Up-to-date: /home/ws/install/ros_gz_example_description/share/ros_gz_example_description/local_setup.bash
[0.482s] -- Up-to-date: /home/ws/install/ros_gz_example_description/share/ros_gz_example_description/local_setup.sh
[0.497s] -- Up-to-date: /home/ws/install/ros_gz_example_description/share/ros_gz_example_description/local_setup.zsh
[0.515s] -- Up-to-date: /home/ws/install/ros_gz_example_description/share/ros_gz_example_description/local_setup.dsv
[0.530s] -- Installing: /home/ws/install/ros_gz_example_description/share/ros_gz_example_description/package.dsv
[0.587s] -- Up-to-date: /home/ws/install/ros_gz_example_description/share/ament_index/resource_index/packages/ros_gz_example_description
[0.604s] -- Up-to-date: /home/ws/install/ros_gz_example_description/share/ros_gz_example_description/cmake/ros_gz_example_descriptionConfig.cmake
[0.619s] -- Up-to-date: /home/ws/install/ros_gz_example_description/share/ros_gz_example_description/cmake/ros_gz_example_descriptionConfig-version.cmake
[0.635s] -- Up-to-date: /home/ws/install/ros_gz_example_description/share/ros_gz_example_description/package.xml
[0.964s] Invoked command in '/home/ws/build/ros_gz_example_description' returned '0': CMAKE_PREFIX_PATH=/opt/ros/humble /usr/bin/cmake --install /home/ws/build/ros_gz_example_description
