[0.150s] DEBUG:colcon:Command line arguments: ['/usr/bin/colcon', 'build']
[0.150s] DEBUG:colcon:Parsed command line arguments: Namespace(log_base=None, log_level=None, verb_name='build', build_base='build', install_base='install', merge_install=False, symlink_install=False, test_result_base=None, continue_on_error=False, executor='parallel', parallel_workers=12, event_handlers=None, ignore_user_meta=False, metas=['./colcon.meta'], base_paths=['.'], packages_ignore=None, packages_ignore_regex=None, paths=None, packages_up_to=None, packages_up_to_regex=None, packages_above=None, packages_above_and_dependencies=None, packages_above_depth=None, packages_select_by_dep=None, packages_skip_by_dep=None, packages_skip_up_to=None, packages_select_build_failed=False, packages_skip_build_finished=False, packages_select_test_failures=False, packages_skip_test_passed=False, packages_select=None, packages_skip=None, packages_select_regex=None, packages_skip_regex=None, packages_start=None, packages_end=None, cmake_args=None, cmake_target=None, cmake_target_skip_unavailable=False, cmake_clean_cache=False, cmake_clean_first=False, cmake_force_configure=False, ament_cmake_args=None, catkin_cmake_args=None, catkin_skip_building_tests=False, mixin_files=None, mixin=None, verb_parser=<colcon_mixin.mixin.mixin_argument.MixinArgumentDecorator object at 0x7f0a1573efe0>, verb_extension=<colcon_core.verb.build.BuildVerb object at 0x7f0a1573df90>, main=<bound method BuildVerb.main of <colcon_core.verb.build.BuildVerb object at 0x7f0a1573df90>>, mixin_verb=('build',))
[0.301s] Level 1:colcon.colcon_core.package_discovery:discover_packages(colcon_meta) check parameters
[0.302s] Level 1:colcon.colcon_core.package_discovery:discover_packages(recursive) check parameters
[0.302s] Level 1:colcon.colcon_core.package_discovery:discover_packages(ignore) check parameters
[0.303s] Level 1:colcon.colcon_core.package_discovery:discover_packages(path) check parameters
[0.303s] Level 1:colcon.colcon_core.package_discovery:discover_packages(colcon_meta) discover
[0.303s] Level 1:colcon.colcon_core.package_discovery:discover_packages(recursive) discover
[0.304s] INFO:colcon.colcon_core.package_discovery:Crawling recursively for packages in '/home/ws'
[0.306s] Level 1:colcon.colcon_core.package_identification:_identify(.) by extensions ['ignore', 'ignore_ament_install']
[0.306s] Level 1:colcon.colcon_core.package_identification:_identify(.) by extension 'ignore'
[0.306s] Level 1:colcon.colcon_core.package_identification:_identify(.) by extension 'ignore_ament_install'
[0.307s] Level 1:colcon.colcon_core.package_identification:_identify(.) by extensions ['colcon_pkg']
[0.307s] Level 1:colcon.colcon_core.package_identification:_identify(.) by extension 'colcon_pkg'
[0.307s] Level 1:colcon.colcon_core.package_identification:_identify(.) by extensions ['colcon_meta']
[0.308s] Level 1:colcon.colcon_core.package_identification:_identify(.) by extension 'colcon_meta'
[0.308s] Level 1:colcon.colcon_core.package_identification:_identify(.) by extensions ['ros']
[0.308s] Level 1:colcon.colcon_core.package_identification:_identify(.) by extension 'ros'
[0.320s] Level 1:colcon.colcon_core.package_identification:_identify(.) by extensions ['cmake', 'python']
[0.321s] Level 1:colcon.colcon_core.package_identification:_identify(.) by extension 'cmake'
[0.321s] Level 1:colcon.colcon_core.package_identification:_identify(.) by extension 'python'
[0.322s] Level 1:colcon.colcon_core.package_identification:_identify(.) by extensions ['python_setup_py']
[0.322s] Level 1:colcon.colcon_core.package_identification:_identify(.) by extension 'python_setup_py'
[0.325s] Level 1:colcon.colcon_core.package_identification:_identify(build) by extensions ['ignore', 'ignore_ament_install']
[0.325s] Level 1:colcon.colcon_core.package_identification:_identify(build) by extension 'ignore'
[0.326s] Level 1:colcon.colcon_core.package_identification:_identify(build) ignored
[0.328s] Level 1:colcon.colcon_core.package_identification:_identify(install) by extensions ['ignore', 'ignore_ament_install']
[0.329s] Level 1:colcon.colcon_core.package_identification:_identify(install) by extension 'ignore'
[0.330s] Level 1:colcon.colcon_core.package_identification:_identify(install) ignored
[0.334s] Level 1:colcon.colcon_core.package_identification:_identify(log) by extensions ['ignore', 'ignore_ament_install']
[0.334s] Level 1:colcon.colcon_core.package_identification:_identify(log) by extension 'ignore'
[0.335s] Level 1:colcon.colcon_core.package_identification:_identify(log) ignored
[0.337s] Level 1:colcon.colcon_core.package_identification:_identify(ros_gz_example_application) by extensions ['ignore', 'ignore_ament_install']
[0.337s] Level 1:colcon.colcon_core.package_identification:_identify(ros_gz_example_application) by extension 'ignore'
[0.338s] Level 1:colcon.colcon_core.package_identification:_identify(ros_gz_example_application) by extension 'ignore_ament_install'
[0.339s] Level 1:colcon.colcon_core.package_identification:_identify(ros_gz_example_application) by extensions ['colcon_pkg']
[0.339s] Level 1:colcon.colcon_core.package_identification:_identify(ros_gz_example_application) by extension 'colcon_pkg'
[0.340s] Level 1:colcon.colcon_core.package_identification:_identify(ros_gz_example_application) by extensions ['colcon_meta']
[0.340s] Level 1:colcon.colcon_core.package_identification:_identify(ros_gz_example_application) by extension 'colcon_meta'
[0.341s] Level 1:colcon.colcon_core.package_identification:_identify(ros_gz_example_application) by extensions ['ros']
[0.341s] Level 1:colcon.colcon_core.package_identification:_identify(ros_gz_example_application) by extension 'ros'
[0.351s] DEBUG:colcon.colcon_core.package_identification:Package 'ros_gz_example_application' with type 'ros.ament_cmake' and name 'ros_gz_example_application'
[0.353s] Level 1:colcon.colcon_core.package_identification:_identify(ros_gz_example_bringup) by extensions ['ignore', 'ignore_ament_install']
[0.353s] Level 1:colcon.colcon_core.package_identification:_identify(ros_gz_example_bringup) by extension 'ignore'
[0.353s] Level 1:colcon.colcon_core.package_identification:_identify(ros_gz_example_bringup) by extension 'ignore_ament_install'
[0.355s] Level 1:colcon.colcon_core.package_identification:_identify(ros_gz_example_bringup) by extensions ['colcon_pkg']
[0.355s] Level 1:colcon.colcon_core.package_identification:_identify(ros_gz_example_bringup) by extension 'colcon_pkg'
[0.356s] Level 1:colcon.colcon_core.package_identification:_identify(ros_gz_example_bringup) by extensions ['colcon_meta']
[0.356s] Level 1:colcon.colcon_core.package_identification:_identify(ros_gz_example_bringup) by extension 'colcon_meta'
[0.357s] Level 1:colcon.colcon_core.package_identification:_identify(ros_gz_example_bringup) by extensions ['ros']
[0.357s] Level 1:colcon.colcon_core.package_identification:_identify(ros_gz_example_bringup) by extension 'ros'
[0.365s] DEBUG:colcon.colcon_core.package_identification:Package 'ros_gz_example_bringup' with type 'ros.ament_cmake' and name 'ros_gz_example_bringup'
[0.367s] Level 1:colcon.colcon_core.package_identification:_identify(ros_gz_example_description) by extensions ['ignore', 'ignore_ament_install']
[0.367s] Level 1:colcon.colcon_core.package_identification:_identify(ros_gz_example_description) by extension 'ignore'
[0.368s] Level 1:colcon.colcon_core.package_identification:_identify(ros_gz_example_description) by extension 'ignore_ament_install'
[0.369s] Level 1:colcon.colcon_core.package_identification:_identify(ros_gz_example_description) by extensions ['colcon_pkg']
[0.369s] Level 1:colcon.colcon_core.package_identification:_identify(ros_gz_example_description) by extension 'colcon_pkg'
[0.370s] Level 1:colcon.colcon_core.package_identification:_identify(ros_gz_example_description) by extensions ['colcon_meta']
[0.370s] Level 1:colcon.colcon_core.package_identification:_identify(ros_gz_example_description) by extension 'colcon_meta'
[0.371s] Level 1:colcon.colcon_core.package_identification:_identify(ros_gz_example_description) by extensions ['ros']
[0.371s] Level 1:colcon.colcon_core.package_identification:_identify(ros_gz_example_description) by extension 'ros'
[0.379s] DEBUG:colcon.colcon_core.package_identification:Package 'ros_gz_example_description' with type 'ros.ament_cmake' and name 'ros_gz_example_description'
[0.381s] Level 1:colcon.colcon_core.package_identification:_identify(ros_gz_example_gazebo) by extensions ['ignore', 'ignore_ament_install']
[0.382s] Level 1:colcon.colcon_core.package_identification:_identify(ros_gz_example_gazebo) by extension 'ignore'
[0.383s] Level 1:colcon.colcon_core.package_identification:_identify(ros_gz_example_gazebo) by extension 'ignore_ament_install'
[0.384s] Level 1:colcon.colcon_core.package_identification:_identify(ros_gz_example_gazebo) by extensions ['colcon_pkg']
[0.384s] Level 1:colcon.colcon_core.package_identification:_identify(ros_gz_example_gazebo) by extension 'colcon_pkg'
[0.385s] Level 1:colcon.colcon_core.package_identification:_identify(ros_gz_example_gazebo) by extensions ['colcon_meta']
[0.385s] Level 1:colcon.colcon_core.package_identification:_identify(ros_gz_example_gazebo) by extension 'colcon_meta'
[0.386s] Level 1:colcon.colcon_core.package_identification:_identify(ros_gz_example_gazebo) by extensions ['ros']
[0.386s] Level 1:colcon.colcon_core.package_identification:_identify(ros_gz_example_gazebo) by extension 'ros'
[0.400s] DEBUG:colcon.colcon_core.package_identification:Package 'ros_gz_example_gazebo' with type 'ros.ament_cmake' and name 'ros_gz_example_gazebo'
[0.401s] Level 1:colcon.colcon_core.package_discovery:discover_packages(recursive) using defaults
[0.401s] Level 1:colcon.colcon_core.package_discovery:discover_packages(ignore) discover
[0.401s] Level 1:colcon.colcon_core.package_discovery:discover_packages(ignore) using defaults
[0.402s] Level 1:colcon.colcon_core.package_discovery:discover_packages(path) discover
[0.402s] Level 1:colcon.colcon_core.package_discovery:discover_packages(path) using defaults
[0.435s] Level 5:colcon.colcon_core.verb:set package 'ros_gz_example_application' build argument 'cmake_args' from command line to 'None'
[0.435s] Level 5:colcon.colcon_core.verb:set package 'ros_gz_example_application' build argument 'cmake_target' from command line to 'None'
[0.436s] Level 5:colcon.colcon_core.verb:set package 'ros_gz_example_application' build argument 'cmake_target_skip_unavailable' from command line to 'False'
[0.436s] Level 5:colcon.colcon_core.verb:set package 'ros_gz_example_application' build argument 'cmake_clean_cache' from command line to 'False'
[0.436s] Level 5:colcon.colcon_core.verb:set package 'ros_gz_example_application' build argument 'cmake_clean_first' from command line to 'False'
[0.437s] Level 5:colcon.colcon_core.verb:set package 'ros_gz_example_application' build argument 'cmake_force_configure' from command line to 'False'
[0.437s] Level 5:colcon.colcon_core.verb:set package 'ros_gz_example_application' build argument 'ament_cmake_args' from command line to 'None'
[0.437s] Level 5:colcon.colcon_core.verb:set package 'ros_gz_example_application' build argument 'catkin_cmake_args' from command line to 'None'
[0.437s] Level 5:colcon.colcon_core.verb:set package 'ros_gz_example_application' build argument 'catkin_skip_building_tests' from command line to 'False'
[0.438s] DEBUG:colcon.colcon_core.verb:Building package 'ros_gz_example_application' with the following arguments: {'ament_cmake_args': None, 'build_base': '/home/ws/build/ros_gz_example_application', 'catkin_cmake_args': None, 'catkin_skip_building_tests': False, 'cmake_args': None, 'cmake_clean_cache': False, 'cmake_clean_first': False, 'cmake_force_configure': False, 'cmake_target': None, 'cmake_target_skip_unavailable': False, 'install_base': '/home/ws/install/ros_gz_example_application', 'merge_install': False, 'path': '/home/ws/ros_gz_example_application', 'symlink_install': False, 'test_result_base': None}
[0.438s] Level 5:colcon.colcon_core.verb:set package 'ros_gz_example_description' build argument 'cmake_args' from command line to 'None'
[0.438s] Level 5:colcon.colcon_core.verb:set package 'ros_gz_example_description' build argument 'cmake_target' from command line to 'None'
[0.439s] Level 5:colcon.colcon_core.verb:set package 'ros_gz_example_description' build argument 'cmake_target_skip_unavailable' from command line to 'False'
[0.439s] Level 5:colcon.colcon_core.verb:set package 'ros_gz_example_description' build argument 'cmake_clean_cache' from command line to 'False'
[0.439s] Level 5:colcon.colcon_core.verb:set package 'ros_gz_example_description' build argument 'cmake_clean_first' from command line to 'False'
[0.439s] Level 5:colcon.colcon_core.verb:set package 'ros_gz_example_description' build argument 'cmake_force_configure' from command line to 'False'
[0.440s] Level 5:colcon.colcon_core.verb:set package 'ros_gz_example_description' build argument 'ament_cmake_args' from command line to 'None'
[0.440s] Level 5:colcon.colcon_core.verb:set package 'ros_gz_example_description' build argument 'catkin_cmake_args' from command line to 'None'
[0.440s] Level 5:colcon.colcon_core.verb:set package 'ros_gz_example_description' build argument 'catkin_skip_building_tests' from command line to 'False'
[0.440s] DEBUG:colcon.colcon_core.verb:Building package 'ros_gz_example_description' with the following arguments: {'ament_cmake_args': None, 'build_base': '/home/ws/build/ros_gz_example_description', 'catkin_cmake_args': None, 'catkin_skip_building_tests': False, 'cmake_args': None, 'cmake_clean_cache': False, 'cmake_clean_first': False, 'cmake_force_configure': False, 'cmake_target': None, 'cmake_target_skip_unavailable': False, 'install_base': '/home/ws/install/ros_gz_example_description', 'merge_install': False, 'path': '/home/ws/ros_gz_example_description', 'symlink_install': False, 'test_result_base': None}
[0.441s] Level 5:colcon.colcon_core.verb:set package 'ros_gz_example_gazebo' build argument 'cmake_args' from command line to 'None'
[0.441s] Level 5:colcon.colcon_core.verb:set package 'ros_gz_example_gazebo' build argument 'cmake_target' from command line to 'None'
[0.441s] Level 5:colcon.colcon_core.verb:set package 'ros_gz_example_gazebo' build argument 'cmake_target_skip_unavailable' from command line to 'False'
[0.441s] Level 5:colcon.colcon_core.verb:set package 'ros_gz_example_gazebo' build argument 'cmake_clean_cache' from command line to 'False'
[0.442s] Level 5:colcon.colcon_core.verb:set package 'ros_gz_example_gazebo' build argument 'cmake_clean_first' from command line to 'False'
[0.442s] Level 5:colcon.colcon_core.verb:set package 'ros_gz_example_gazebo' build argument 'cmake_force_configure' from command line to 'False'
[0.442s] Level 5:colcon.colcon_core.verb:set package 'ros_gz_example_gazebo' build argument 'ament_cmake_args' from command line to 'None'
[0.442s] Level 5:colcon.colcon_core.verb:set package 'ros_gz_example_gazebo' build argument 'catkin_cmake_args' from command line to 'None'
[0.442s] Level 5:colcon.colcon_core.verb:set package 'ros_gz_example_gazebo' build argument 'catkin_skip_building_tests' from command line to 'False'
[0.443s] DEBUG:colcon.colcon_core.verb:Building package 'ros_gz_example_gazebo' with the following arguments: {'ament_cmake_args': None, 'build_base': '/home/ws/build/ros_gz_example_gazebo', 'catkin_cmake_args': None, 'catkin_skip_building_tests': False, 'cmake_args': None, 'cmake_clean_cache': False, 'cmake_clean_first': False, 'cmake_force_configure': False, 'cmake_target': None, 'cmake_target_skip_unavailable': False, 'install_base': '/home/ws/install/ros_gz_example_gazebo', 'merge_install': False, 'path': '/home/ws/ros_gz_example_gazebo', 'symlink_install': False, 'test_result_base': None}
[0.443s] Level 5:colcon.colcon_core.verb:set package 'ros_gz_example_bringup' build argument 'cmake_args' from command line to 'None'
[0.443s] Level 5:colcon.colcon_core.verb:set package 'ros_gz_example_bringup' build argument 'cmake_target' from command line to 'None'
[0.444s] Level 5:colcon.colcon_core.verb:set package 'ros_gz_example_bringup' build argument 'cmake_target_skip_unavailable' from command line to 'False'
[0.444s] Level 5:colcon.colcon_core.verb:set package 'ros_gz_example_bringup' build argument 'cmake_clean_cache' from command line to 'False'
[0.444s] Level 5:colcon.colcon_core.verb:set package 'ros_gz_example_bringup' build argument 'cmake_clean_first' from command line to 'False'
[0.444s] Level 5:colcon.colcon_core.verb:set package 'ros_gz_example_bringup' build argument 'cmake_force_configure' from command line to 'False'
[0.444s] Level 5:colcon.colcon_core.verb:set package 'ros_gz_example_bringup' build argument 'ament_cmake_args' from command line to 'None'
[0.445s] Level 5:colcon.colcon_core.verb:set package 'ros_gz_example_bringup' build argument 'catkin_cmake_args' from command line to 'None'
[0.445s] Level 5:colcon.colcon_core.verb:set package 'ros_gz_example_bringup' build argument 'catkin_skip_building_tests' from command line to 'False'
[0.445s] DEBUG:colcon.colcon_core.verb:Building package 'ros_gz_example_bringup' with the following arguments: {'ament_cmake_args': None, 'build_base': '/home/ws/build/ros_gz_example_bringup', 'catkin_cmake_args': None, 'catkin_skip_building_tests': False, 'cmake_args': None, 'cmake_clean_cache': False, 'cmake_clean_first': False, 'cmake_force_configure': False, 'cmake_target': None, 'cmake_target_skip_unavailable': False, 'install_base': '/home/ws/install/ros_gz_example_bringup', 'merge_install': False, 'path': '/home/ws/ros_gz_example_bringup', 'symlink_install': False, 'test_result_base': None}
[0.445s] INFO:colcon.colcon_core.executor:Executing jobs using 'parallel' executor
[0.446s] DEBUG:colcon.colcon_parallel_executor.executor.parallel:run_until_complete
[0.447s] INFO:colcon.colcon_ros.task.ament_cmake.build:Building ROS package in '/home/ws/ros_gz_example_description' with build type 'ament_cmake'
[0.447s] INFO:colcon.colcon_cmake.task.cmake.build:Building CMake package in '/home/ws/ros_gz_example_description'
[0.451s] INFO:colcon.colcon_core.plugin_system:Skipping extension 'colcon_core.shell.bat': Not used on non-Windows systems
[0.454s] INFO:colcon.colcon_core.shell:Skip shell extension 'powershell' for command environment: Not usable outside of PowerShell
[0.455s] DEBUG:colcon.colcon_core.shell:Skip shell extension 'dsv' for command environment
[0.536s] INFO:colcon.colcon_ros.task.ament_cmake.build:Building ROS package in '/home/ws/ros_gz_example_application' with build type 'ament_cmake'
[0.537s] INFO:colcon.colcon_cmake.task.cmake.build:Building CMake package in '/home/ws/ros_gz_example_application'
[0.537s] INFO:colcon.colcon_core.shell:Skip shell extension 'powershell' for command environment: Not usable outside of PowerShell
[0.538s] DEBUG:colcon.colcon_core.shell:Skip shell extension 'dsv' for command environment
[0.670s] DEBUG:colcon.colcon_core.event_handler.log_command:Invoking command in '/home/ws/build/ros_gz_example_description': CMAKE_PREFIX_PATH=${CMAKE_PREFIX_PATH}:/opt/ros/humble /usr/bin/cmake --build /home/ws/build/ros_gz_example_description -- -j12 -l12
[0.697s] DEBUG:colcon.colcon_core.event_handler.log_command:Invoking command in '/home/ws/build/ros_gz_example_application': CMAKE_PREFIX_PATH=${CMAKE_PREFIX_PATH}:/opt/ros/humble /usr/bin/cmake --build /home/ws/build/ros_gz_example_application -- -j12 -l12
[0.766s] DEBUG:colcon.colcon_core.event_handler.log_command:Invoked command in '/home/ws/build/ros_gz_example_description' returned '0': CMAKE_PREFIX_PATH=${CMAKE_PREFIX_PATH}:/opt/ros/humble /usr/bin/cmake --build /home/ws/build/ros_gz_example_description -- -j12 -l12
[0.792s] DEBUG:colcon.colcon_core.event_handler.log_command:Invoking command in '/home/ws/build/ros_gz_example_description': CMAKE_PREFIX_PATH=${CMAKE_PREFIX_PATH}:/opt/ros/humble /usr/bin/cmake --install /home/ws/build/ros_gz_example_description
[0.793s] DEBUG:colcon.colcon_core.event_handler.log_command:Invoked command in '/home/ws/build/ros_gz_example_application' returned '0': CMAKE_PREFIX_PATH=${CMAKE_PREFIX_PATH}:/opt/ros/humble /usr/bin/cmake --build /home/ws/build/ros_gz_example_application -- -j12 -l12
[0.811s] DEBUG:colcon.colcon_core.event_handler.log_command:Invoking command in '/home/ws/build/ros_gz_example_application': CMAKE_PREFIX_PATH=${CMAKE_PREFIX_PATH}:/opt/ros/humble /usr/bin/cmake --install /home/ws/build/ros_gz_example_application
[1.184s] Level 1:colcon.colcon_core.environment:create_environment_scripts_only(ros_gz_example_application)
[1.185s] DEBUG:colcon.colcon_core.event_handler.log_command:Invoked command in '/home/ws/build/ros_gz_example_application' returned '0': CMAKE_PREFIX_PATH=${CMAKE_PREFIX_PATH}:/opt/ros/humble /usr/bin/cmake --install /home/ws/build/ros_gz_example_application
[1.187s] Level 1:colcon.colcon_core.environment:checking '/home/ws/install/ros_gz_example_application' for CMake module files
[1.265s] Level 1:colcon.colcon_core.environment:checking '/home/ws/install/ros_gz_example_application' for CMake config files
[1.338s] Level 1:colcon.colcon_core.shell:create_environment_hook('ros_gz_example_application', 'cmake_prefix_path')
[1.339s] INFO:colcon.colcon_core.shell:Creating environment hook '/home/ws/install/ros_gz_example_application/share/ros_gz_example_application/hook/cmake_prefix_path.ps1'
[1.353s] INFO:colcon.colcon_core.shell:Creating environment descriptor '/home/ws/install/ros_gz_example_application/share/ros_gz_example_application/hook/cmake_prefix_path.dsv'
[1.367s] INFO:colcon.colcon_core.shell:Creating environment hook '/home/ws/install/ros_gz_example_application/share/ros_gz_example_application/hook/cmake_prefix_path.sh'
[1.382s] Level 1:colcon.colcon_core.environment:checking '/home/ws/install/ros_gz_example_application/bin'
[1.383s] Level 1:colcon.colcon_core.environment:checking '/home/ws/install/ros_gz_example_application/lib/pkgconfig/ros_gz_example_application.pc'
[1.386s] Level 1:colcon.colcon_core.environment:checking '/home/ws/install/ros_gz_example_application/lib/python3.10/site-packages'
[1.387s] Level 1:colcon.colcon_core.environment:checking '/home/ws/install/ros_gz_example_application/bin'
[1.389s] INFO:colcon.colcon_core.shell:Creating package script '/home/ws/install/ros_gz_example_application/share/ros_gz_example_application/package.ps1'
[1.398s] INFO:colcon.colcon_core.shell:Creating package descriptor '/home/ws/install/ros_gz_example_application/share/ros_gz_example_application/package.dsv'
[1.411s] INFO:colcon.colcon_core.shell:Creating package script '/home/ws/install/ros_gz_example_application/share/ros_gz_example_application/package.sh'
[1.420s] INFO:colcon.colcon_core.shell:Creating package script '/home/ws/install/ros_gz_example_application/share/ros_gz_example_application/package.bash'
[1.431s] INFO:colcon.colcon_core.shell:Creating package script '/home/ws/install/ros_gz_example_application/share/ros_gz_example_application/package.zsh'
[1.441s] Level 1:colcon.colcon_core.environment:create_file_with_runtime_dependencies(/home/ws/install/ros_gz_example_application/share/colcon-core/packages/ros_gz_example_application)
[1.462s] Level 1:colcon.colcon_core.environment:create_environment_scripts_only(ros_gz_example_application)
[1.463s] Level 1:colcon.colcon_core.environment:checking '/home/ws/install/ros_gz_example_application' for CMake module files
[1.537s] Level 1:colcon.colcon_core.environment:checking '/home/ws/install/ros_gz_example_application' for CMake config files
[1.609s] Level 1:colcon.colcon_core.shell:create_environment_hook('ros_gz_example_application', 'cmake_prefix_path')
[1.610s] INFO:colcon.colcon_core.shell:Creating environment hook '/home/ws/install/ros_gz_example_application/share/ros_gz_example_application/hook/cmake_prefix_path.ps1'
[1.623s] INFO:colcon.colcon_core.shell:Creating environment descriptor '/home/ws/install/ros_gz_example_application/share/ros_gz_example_application/hook/cmake_prefix_path.dsv'
[1.635s] INFO:colcon.colcon_core.shell:Creating environment hook '/home/ws/install/ros_gz_example_application/share/ros_gz_example_application/hook/cmake_prefix_path.sh'
[1.653s] Level 1:colcon.colcon_core.environment:checking '/home/ws/install/ros_gz_example_application/bin'
[1.654s] Level 1:colcon.colcon_core.environment:checking '/home/ws/install/ros_gz_example_application/lib/pkgconfig/ros_gz_example_application.pc'
[1.655s] Level 1:colcon.colcon_core.environment:checking '/home/ws/install/ros_gz_example_application/lib/python3.10/site-packages'
[1.657s] Level 1:colcon.colcon_core.environment:checking '/home/ws/install/ros_gz_example_application/bin'
[1.658s] INFO:colcon.colcon_core.shell:Creating package script '/home/ws/install/ros_gz_example_application/share/ros_gz_example_application/package.ps1'
[1.669s] INFO:colcon.colcon_core.shell:Creating package descriptor '/home/ws/install/ros_gz_example_application/share/ros_gz_example_application/package.dsv'
[1.680s] INFO:colcon.colcon_core.shell:Creating package script '/home/ws/install/ros_gz_example_application/share/ros_gz_example_application/package.sh'
[1.690s] INFO:colcon.colcon_core.shell:Creating package script '/home/ws/install/ros_gz_example_application/share/ros_gz_example_application/package.bash'
[1.700s] INFO:colcon.colcon_core.shell:Creating package script '/home/ws/install/ros_gz_example_application/share/ros_gz_example_application/package.zsh'
[1.711s] Level 1:colcon.colcon_core.environment:create_file_with_runtime_dependencies(/home/ws/install/ros_gz_example_application/share/colcon-core/packages/ros_gz_example_application)
[1.719s] Level 1:colcon.colcon_core.environment:create_environment_scripts_only(ros_gz_example_description)
[1.719s] Level 1:colcon.colcon_core.environment:checking '/home/ws/install/ros_gz_example_description' for CMake module files
[1.730s] DEBUG:colcon.colcon_core.event_handler.log_command:Invoked command in '/home/ws/build/ros_gz_example_description' returned '0': CMAKE_PREFIX_PATH=${CMAKE_PREFIX_PATH}:/opt/ros/humble /usr/bin/cmake --install /home/ws/build/ros_gz_example_description
[1.803s] Level 1:colcon.colcon_core.environment:checking '/home/ws/install/ros_gz_example_description' for CMake config files
[1.882s] Level 1:colcon.colcon_core.shell:create_environment_hook('ros_gz_example_description', 'cmake_prefix_path')
[1.882s] INFO:colcon.colcon_core.shell:Creating environment hook '/home/ws/install/ros_gz_example_description/share/ros_gz_example_description/hook/cmake_prefix_path.ps1'
[1.893s] INFO:colcon.colcon_core.shell:Creating environment descriptor '/home/ws/install/ros_gz_example_description/share/ros_gz_example_description/hook/cmake_prefix_path.dsv'
[1.904s] INFO:colcon.colcon_core.shell:Creating environment hook '/home/ws/install/ros_gz_example_description/share/ros_gz_example_description/hook/cmake_prefix_path.sh'
[1.918s] Level 1:colcon.colcon_core.environment:checking '/home/ws/install/ros_gz_example_description/bin'
[1.919s] Level 1:colcon.colcon_core.environment:checking '/home/ws/install/ros_gz_example_description/lib/pkgconfig/ros_gz_example_description.pc'
[1.920s] Level 1:colcon.colcon_core.environment:checking '/home/ws/install/ros_gz_example_description/lib/python3.10/site-packages'
[1.922s] Level 1:colcon.colcon_core.environment:checking '/home/ws/install/ros_gz_example_description/bin'
[1.923s] INFO:colcon.colcon_core.shell:Creating package script '/home/ws/install/ros_gz_example_description/share/ros_gz_example_description/package.ps1'
[1.933s] INFO:colcon.colcon_core.shell:Creating package descriptor '/home/ws/install/ros_gz_example_description/share/ros_gz_example_description/package.dsv'
[1.944s] INFO:colcon.colcon_core.shell:Creating package script '/home/ws/install/ros_gz_example_description/share/ros_gz_example_description/package.sh'
[1.954s] INFO:colcon.colcon_core.shell:Creating package script '/home/ws/install/ros_gz_example_description/share/ros_gz_example_description/package.bash'
[1.964s] INFO:colcon.colcon_core.shell:Creating package script '/home/ws/install/ros_gz_example_description/share/ros_gz_example_description/package.zsh'
[1.976s] Level 1:colcon.colcon_core.environment:create_file_with_runtime_dependencies(/home/ws/install/ros_gz_example_description/share/colcon-core/packages/ros_gz_example_description)
[1.996s] Level 1:colcon.colcon_core.environment:create_environment_scripts_only(ros_gz_example_description)
[1.996s] Level 1:colcon.colcon_core.environment:checking '/home/ws/install/ros_gz_example_description' for CMake module files
[2.071s] Level 1:colcon.colcon_core.environment:checking '/home/ws/install/ros_gz_example_description' for CMake config files
[2.140s] Level 1:colcon.colcon_core.shell:create_environment_hook('ros_gz_example_description', 'cmake_prefix_path')
[2.141s] INFO:colcon.colcon_core.shell:Creating environment hook '/home/ws/install/ros_gz_example_description/share/ros_gz_example_description/hook/cmake_prefix_path.ps1'
[2.152s] INFO:colcon.colcon_core.shell:Creating environment descriptor '/home/ws/install/ros_gz_example_description/share/ros_gz_example_description/hook/cmake_prefix_path.dsv'
[2.164s] INFO:colcon.colcon_core.shell:Creating environment hook '/home/ws/install/ros_gz_example_description/share/ros_gz_example_description/hook/cmake_prefix_path.sh'
[2.178s] Level 1:colcon.colcon_core.environment:checking '/home/ws/install/ros_gz_example_description/bin'
[2.179s] Level 1:colcon.colcon_core.environment:checking '/home/ws/install/ros_gz_example_description/lib/pkgconfig/ros_gz_example_description.pc'
[2.180s] Level 1:colcon.colcon_core.environment:checking '/home/ws/install/ros_gz_example_description/lib/python3.10/site-packages'
[2.182s] Level 1:colcon.colcon_core.environment:checking '/home/ws/install/ros_gz_example_description/bin'
[2.183s] INFO:colcon.colcon_core.shell:Creating package script '/home/ws/install/ros_gz_example_description/share/ros_gz_example_description/package.ps1'
[2.192s] INFO:colcon.colcon_core.shell:Creating package descriptor '/home/ws/install/ros_gz_example_description/share/ros_gz_example_description/package.dsv'
[2.202s] INFO:colcon.colcon_core.shell:Creating package script '/home/ws/install/ros_gz_example_description/share/ros_gz_example_description/package.sh'
[2.211s] INFO:colcon.colcon_core.shell:Creating package script '/home/ws/install/ros_gz_example_description/share/ros_gz_example_description/package.bash'
[2.221s] INFO:colcon.colcon_core.shell:Creating package script '/home/ws/install/ros_gz_example_description/share/ros_gz_example_description/package.zsh'
[2.230s] Level 1:colcon.colcon_core.environment:create_file_with_runtime_dependencies(/home/ws/install/ros_gz_example_description/share/colcon-core/packages/ros_gz_example_description)
[2.237s] INFO:colcon.colcon_ros.task.ament_cmake.build:Building ROS package in '/home/ws/ros_gz_example_gazebo' with build type 'ament_cmake'
[2.238s] INFO:colcon.colcon_cmake.task.cmake.build:Building CMake package in '/home/ws/ros_gz_example_gazebo'
[2.238s] INFO:colcon.colcon_core.shell:Skip shell extension 'powershell' for command environment: Not usable outside of PowerShell
[2.238s] DEBUG:colcon.colcon_core.shell:Skip shell extension 'dsv' for command environment
[2.382s] DEBUG:colcon.colcon_core.event_handler.log_command:Invoking command in '/home/ws/build/ros_gz_example_gazebo': CMAKE_PREFIX_PATH=/home/ws/install/ros_gz_example_description:/home/ws/install/ros_gz_example_bringup:/home/ws/install/ros_gz_example_gazebo:/home/ws/install/ros_gz_example_application:/opt/ros/humble GZ_SIM_RESOURCE_PATH=/home/ws/install/ros_gz_example_description/share/ros_gz_example_description/models:${GZ_SIM_RESOURCE_PATH} /usr/bin/cmake --build /home/ws/build/ros_gz_example_gazebo -- -j12 -l12
[2.583s] DEBUG:colcon.colcon_core.event_handler.log_command:Invoked command in '/home/ws/build/ros_gz_example_gazebo' returned '0': CMAKE_PREFIX_PATH=/home/ws/install/ros_gz_example_description:/home/ws/install/ros_gz_example_bringup:/home/ws/install/ros_gz_example_gazebo:/home/ws/install/ros_gz_example_application:/opt/ros/humble GZ_SIM_RESOURCE_PATH=/home/ws/install/ros_gz_example_description/share/ros_gz_example_description/models:${GZ_SIM_RESOURCE_PATH} /usr/bin/cmake --build /home/ws/build/ros_gz_example_gazebo -- -j12 -l12
[2.602s] DEBUG:colcon.colcon_core.event_handler.log_command:Invoking command in '/home/ws/build/ros_gz_example_gazebo': CMAKE_PREFIX_PATH=/home/ws/install/ros_gz_example_description:/home/ws/install/ros_gz_example_bringup:/home/ws/install/ros_gz_example_gazebo:/home/ws/install/ros_gz_example_application:/opt/ros/humble GZ_SIM_RESOURCE_PATH=/home/ws/install/ros_gz_example_description/share/ros_gz_example_description/models:${GZ_SIM_RESOURCE_PATH} /usr/bin/cmake --install /home/ws/build/ros_gz_example_gazebo
[3.084s] Level 1:colcon.colcon_core.environment:create_environment_scripts_only(ros_gz_example_gazebo)
[3.085s] Level 1:colcon.colcon_core.environment:checking '/home/ws/install/ros_gz_example_gazebo' for CMake module files
[3.085s] DEBUG:colcon.colcon_core.event_handler.log_command:Invoked command in '/home/ws/build/ros_gz_example_gazebo' returned '0': CMAKE_PREFIX_PATH=/home/ws/install/ros_gz_example_description:/home/ws/install/ros_gz_example_bringup:/home/ws/install/ros_gz_example_gazebo:/home/ws/install/ros_gz_example_application:/opt/ros/humble GZ_SIM_RESOURCE_PATH=/home/ws/install/ros_gz_example_description/share/ros_gz_example_description/models:${GZ_SIM_RESOURCE_PATH} /usr/bin/cmake --install /home/ws/build/ros_gz_example_gazebo
[3.181s] Level 1:colcon.colcon_core.environment:checking '/home/ws/install/ros_gz_example_gazebo' for CMake config files
[3.267s] Level 1:colcon.colcon_core.shell:create_environment_hook('ros_gz_example_gazebo', 'cmake_prefix_path')
[3.267s] INFO:colcon.colcon_core.shell:Creating environment hook '/home/ws/install/ros_gz_example_gazebo/share/ros_gz_example_gazebo/hook/cmake_prefix_path.ps1'
[3.282s] INFO:colcon.colcon_core.shell:Creating environment descriptor '/home/ws/install/ros_gz_example_gazebo/share/ros_gz_example_gazebo/hook/cmake_prefix_path.dsv'
[3.294s] INFO:colcon.colcon_core.shell:Creating environment hook '/home/ws/install/ros_gz_example_gazebo/share/ros_gz_example_gazebo/hook/cmake_prefix_path.sh'
[3.308s] Level 1:colcon.colcon_core.environment:checking '/home/ws/install/ros_gz_example_gazebo/lib'
[3.311s] Level 1:colcon.colcon_core.environment:checking '/home/ws/install/ros_gz_example_gazebo/bin'
[3.313s] Level 1:colcon.colcon_core.environment:checking '/home/ws/install/ros_gz_example_gazebo/lib/pkgconfig/ros_gz_example_gazebo.pc'
[3.315s] Level 1:colcon.colcon_core.environment:checking '/home/ws/install/ros_gz_example_gazebo/lib/python3.10/site-packages'
[3.316s] Level 1:colcon.colcon_core.environment:checking '/home/ws/install/ros_gz_example_gazebo/bin'
[3.317s] INFO:colcon.colcon_core.shell:Creating package script '/home/ws/install/ros_gz_example_gazebo/share/ros_gz_example_gazebo/package.ps1'
[3.328s] INFO:colcon.colcon_core.shell:Creating package descriptor '/home/ws/install/ros_gz_example_gazebo/share/ros_gz_example_gazebo/package.dsv'
[3.340s] INFO:colcon.colcon_core.shell:Creating package script '/home/ws/install/ros_gz_example_gazebo/share/ros_gz_example_gazebo/package.sh'
[3.351s] INFO:colcon.colcon_core.shell:Creating package script '/home/ws/install/ros_gz_example_gazebo/share/ros_gz_example_gazebo/package.bash'
[3.360s] INFO:colcon.colcon_core.shell:Creating package script '/home/ws/install/ros_gz_example_gazebo/share/ros_gz_example_gazebo/package.zsh'
[3.372s] Level 1:colcon.colcon_core.environment:create_file_with_runtime_dependencies(/home/ws/install/ros_gz_example_gazebo/share/colcon-core/packages/ros_gz_example_gazebo)
[3.392s] Level 1:colcon.colcon_core.environment:create_environment_scripts_only(ros_gz_example_gazebo)
[3.392s] Level 1:colcon.colcon_core.environment:checking '/home/ws/install/ros_gz_example_gazebo' for CMake module files
[3.485s] Level 1:colcon.colcon_core.environment:checking '/home/ws/install/ros_gz_example_gazebo' for CMake config files
[3.569s] Level 1:colcon.colcon_core.shell:create_environment_hook('ros_gz_example_gazebo', 'cmake_prefix_path')
[3.569s] INFO:colcon.colcon_core.shell:Creating environment hook '/home/ws/install/ros_gz_example_gazebo/share/ros_gz_example_gazebo/hook/cmake_prefix_path.ps1'
[3.581s] INFO:colcon.colcon_core.shell:Creating environment descriptor '/home/ws/install/ros_gz_example_gazebo/share/ros_gz_example_gazebo/hook/cmake_prefix_path.dsv'
[3.592s] INFO:colcon.colcon_core.shell:Creating environment hook '/home/ws/install/ros_gz_example_gazebo/share/ros_gz_example_gazebo/hook/cmake_prefix_path.sh'
[3.606s] Level 1:colcon.colcon_core.environment:checking '/home/ws/install/ros_gz_example_gazebo/lib'
[3.609s] Level 1:colcon.colcon_core.environment:checking '/home/ws/install/ros_gz_example_gazebo/bin'
[3.610s] Level 1:colcon.colcon_core.environment:checking '/home/ws/install/ros_gz_example_gazebo/lib/pkgconfig/ros_gz_example_gazebo.pc'
[3.612s] Level 1:colcon.colcon_core.environment:checking '/home/ws/install/ros_gz_example_gazebo/lib/python3.10/site-packages'
[3.614s] Level 1:colcon.colcon_core.environment:checking '/home/ws/install/ros_gz_example_gazebo/bin'
[3.615s] INFO:colcon.colcon_core.shell:Creating package script '/home/ws/install/ros_gz_example_gazebo/share/ros_gz_example_gazebo/package.ps1'
[3.627s] INFO:colcon.colcon_core.shell:Creating package descriptor '/home/ws/install/ros_gz_example_gazebo/share/ros_gz_example_gazebo/package.dsv'
[3.640s] INFO:colcon.colcon_core.shell:Creating package script '/home/ws/install/ros_gz_example_gazebo/share/ros_gz_example_gazebo/package.sh'
[3.655s] INFO:colcon.colcon_core.shell:Creating package script '/home/ws/install/ros_gz_example_gazebo/share/ros_gz_example_gazebo/package.bash'
[3.670s] INFO:colcon.colcon_core.shell:Creating package script '/home/ws/install/ros_gz_example_gazebo/share/ros_gz_example_gazebo/package.zsh'
[3.681s] Level 1:colcon.colcon_core.environment:create_file_with_runtime_dependencies(/home/ws/install/ros_gz_example_gazebo/share/colcon-core/packages/ros_gz_example_gazebo)
[3.688s] INFO:colcon.colcon_ros.task.ament_cmake.build:Building ROS package in '/home/ws/ros_gz_example_bringup' with build type 'ament_cmake'
[3.689s] INFO:colcon.colcon_cmake.task.cmake.build:Building CMake package in '/home/ws/ros_gz_example_bringup'
[3.689s] INFO:colcon.colcon_core.shell:Skip shell extension 'powershell' for command environment: Not usable outside of PowerShell
[3.690s] DEBUG:colcon.colcon_core.shell:Skip shell extension 'dsv' for command environment
[3.844s] DEBUG:colcon.colcon_core.event_handler.log_command:Invoking command in '/home/ws/build/ros_gz_example_bringup': CMAKE_PREFIX_PATH=/home/ws/install/ros_gz_example_gazebo:/home/ws/install/ros_gz_example_description:/home/ws/install/ros_gz_example_bringup:/home/ws/install/ros_gz_example_application:/opt/ros/humble GZ_SIM_PLUGIN_PATH=/home/ws/install/ros_gz_example_gazebo/lib/ros_gz_example_gazebo GZ_SIM_RESOURCE_PATH=/home/ws/install/ros_gz_example_description/share/ros_gz_example_description/models:${GZ_SIM_RESOURCE_PATH} /usr/bin/cmake --build /home/ws/build/ros_gz_example_bringup -- -j12 -l12
[3.927s] DEBUG:colcon.colcon_core.event_handler.log_command:Invoked command in '/home/ws/build/ros_gz_example_bringup' returned '0': CMAKE_PREFIX_PATH=/home/ws/install/ros_gz_example_gazebo:/home/ws/install/ros_gz_example_description:/home/ws/install/ros_gz_example_bringup:/home/ws/install/ros_gz_example_application:/opt/ros/humble GZ_SIM_PLUGIN_PATH=/home/ws/install/ros_gz_example_gazebo/lib/ros_gz_example_gazebo GZ_SIM_RESOURCE_PATH=/home/ws/install/ros_gz_example_description/share/ros_gz_example_description/models:${GZ_SIM_RESOURCE_PATH} /usr/bin/cmake --build /home/ws/build/ros_gz_example_bringup -- -j12 -l12
[3.944s] DEBUG:colcon.colcon_core.event_handler.log_command:Invoking command in '/home/ws/build/ros_gz_example_bringup': CMAKE_PREFIX_PATH=/home/ws/install/ros_gz_example_gazebo:/home/ws/install/ros_gz_example_description:/home/ws/install/ros_gz_example_bringup:/home/ws/install/ros_gz_example_application:/opt/ros/humble GZ_SIM_PLUGIN_PATH=/home/ws/install/ros_gz_example_gazebo/lib/ros_gz_example_gazebo GZ_SIM_RESOURCE_PATH=/home/ws/install/ros_gz_example_description/share/ros_gz_example_description/models:${GZ_SIM_RESOURCE_PATH} /usr/bin/cmake --install /home/ws/build/ros_gz_example_bringup
[4.576s] Level 1:colcon.colcon_core.environment:create_environment_scripts_only(ros_gz_example_bringup)
[4.577s] Level 1:colcon.colcon_core.environment:checking '/home/ws/install/ros_gz_example_bringup' for CMake module files
[4.579s] DEBUG:colcon.colcon_core.event_handler.log_command:Invoked command in '/home/ws/build/ros_gz_example_bringup' returned '0': CMAKE_PREFIX_PATH=/home/ws/install/ros_gz_example_gazebo:/home/ws/install/ros_gz_example_description:/home/ws/install/ros_gz_example_bringup:/home/ws/install/ros_gz_example_application:/opt/ros/humble GZ_SIM_PLUGIN_PATH=/home/ws/install/ros_gz_example_gazebo/lib/ros_gz_example_gazebo GZ_SIM_RESOURCE_PATH=/home/ws/install/ros_gz_example_description/share/ros_gz_example_description/models:${GZ_SIM_RESOURCE_PATH} /usr/bin/cmake --install /home/ws/build/ros_gz_example_bringup
[4.663s] Level 1:colcon.colcon_core.environment:checking '/home/ws/install/ros_gz_example_bringup' for CMake config files
[4.726s] Level 1:colcon.colcon_core.shell:create_environment_hook('ros_gz_example_bringup', 'cmake_prefix_path')
[4.727s] INFO:colcon.colcon_core.shell:Creating environment hook '/home/ws/install/ros_gz_example_bringup/share/ros_gz_example_bringup/hook/cmake_prefix_path.ps1'
[4.741s] INFO:colcon.colcon_core.shell:Creating environment descriptor '/home/ws/install/ros_gz_example_bringup/share/ros_gz_example_bringup/hook/cmake_prefix_path.dsv'
[4.754s] INFO:colcon.colcon_core.shell:Creating environment hook '/home/ws/install/ros_gz_example_bringup/share/ros_gz_example_bringup/hook/cmake_prefix_path.sh'
[4.771s] Level 1:colcon.colcon_core.environment:checking '/home/ws/install/ros_gz_example_bringup/bin'
[4.772s] Level 1:colcon.colcon_core.environment:checking '/home/ws/install/ros_gz_example_bringup/lib/pkgconfig/ros_gz_example_bringup.pc'
[4.774s] Level 1:colcon.colcon_core.environment:checking '/home/ws/install/ros_gz_example_bringup/lib/python3.10/site-packages'
[4.775s] Level 1:colcon.colcon_core.environment:checking '/home/ws/install/ros_gz_example_bringup/bin'
[4.776s] INFO:colcon.colcon_core.shell:Creating package script '/home/ws/install/ros_gz_example_bringup/share/ros_gz_example_bringup/package.ps1'
[4.787s] INFO:colcon.colcon_core.shell:Creating package descriptor '/home/ws/install/ros_gz_example_bringup/share/ros_gz_example_bringup/package.dsv'
[4.798s] INFO:colcon.colcon_core.shell:Creating package script '/home/ws/install/ros_gz_example_bringup/share/ros_gz_example_bringup/package.sh'
[4.809s] INFO:colcon.colcon_core.shell:Creating package script '/home/ws/install/ros_gz_example_bringup/share/ros_gz_example_bringup/package.bash'
[4.820s] INFO:colcon.colcon_core.shell:Creating package script '/home/ws/install/ros_gz_example_bringup/share/ros_gz_example_bringup/package.zsh'
[4.831s] Level 1:colcon.colcon_core.environment:create_file_with_runtime_dependencies(/home/ws/install/ros_gz_example_bringup/share/colcon-core/packages/ros_gz_example_bringup)
[4.853s] Level 1:colcon.colcon_core.environment:create_environment_scripts_only(ros_gz_example_bringup)
[4.854s] Level 1:colcon.colcon_core.environment:checking '/home/ws/install/ros_gz_example_bringup' for CMake module files
[4.929s] Level 1:colcon.colcon_core.environment:checking '/home/ws/install/ros_gz_example_bringup' for CMake config files
[4.983s] Level 1:colcon.colcon_core.shell:create_environment_hook('ros_gz_example_bringup', 'cmake_prefix_path')
[4.983s] INFO:colcon.colcon_core.shell:Creating environment hook '/home/ws/install/ros_gz_example_bringup/share/ros_gz_example_bringup/hook/cmake_prefix_path.ps1'
[4.996s] INFO:colcon.colcon_core.shell:Creating environment descriptor '/home/ws/install/ros_gz_example_bringup/share/ros_gz_example_bringup/hook/cmake_prefix_path.dsv'
[5.008s] INFO:colcon.colcon_core.shell:Creating environment hook '/home/ws/install/ros_gz_example_bringup/share/ros_gz_example_bringup/hook/cmake_prefix_path.sh'
[5.026s] Level 1:colcon.colcon_core.environment:checking '/home/ws/install/ros_gz_example_bringup/bin'
[5.028s] Level 1:colcon.colcon_core.environment:checking '/home/ws/install/ros_gz_example_bringup/lib/pkgconfig/ros_gz_example_bringup.pc'
[5.030s] Level 1:colcon.colcon_core.environment:checking '/home/ws/install/ros_gz_example_bringup/lib/python3.10/site-packages'
[5.031s] Level 1:colcon.colcon_core.environment:checking '/home/ws/install/ros_gz_example_bringup/bin'
[5.032s] INFO:colcon.colcon_core.shell:Creating package script '/home/ws/install/ros_gz_example_bringup/share/ros_gz_example_bringup/package.ps1'
[5.043s] INFO:colcon.colcon_core.shell:Creating package descriptor '/home/ws/install/ros_gz_example_bringup/share/ros_gz_example_bringup/package.dsv'
[5.053s] INFO:colcon.colcon_core.shell:Creating package script '/home/ws/install/ros_gz_example_bringup/share/ros_gz_example_bringup/package.sh'
[5.064s] INFO:colcon.colcon_core.shell:Creating package script '/home/ws/install/ros_gz_example_bringup/share/ros_gz_example_bringup/package.bash'
[5.075s] INFO:colcon.colcon_core.shell:Creating package script '/home/ws/install/ros_gz_example_bringup/share/ros_gz_example_bringup/package.zsh'
[5.087s] Level 1:colcon.colcon_core.environment:create_file_with_runtime_dependencies(/home/ws/install/ros_gz_example_bringup/share/colcon-core/packages/ros_gz_example_bringup)
[5.095s] DEBUG:colcon.colcon_parallel_executor.executor.parallel:closing loop
[5.096s] DEBUG:colcon.colcon_parallel_executor.executor.parallel:loop closed
[5.096s] DEBUG:colcon.colcon_parallel_executor.executor.parallel:run_until_complete finished with '0'
[5.096s] DEBUG:colcon.colcon_core.event_reactor:joining thread
[5.114s] INFO:colcon.colcon_core.plugin_system:Skipping extension 'colcon_notification.desktop_notification.notify_send': Could not find 'notify-send'
[5.115s] INFO:colcon.colcon_core.plugin_system:Skipping extension 'colcon_notification.desktop_notification.terminal_notifier': Not used on non-Darwin systems
[5.115s] INFO:colcon.colcon_core.plugin_system:Skipping extension 'colcon_notification.desktop_notification.win32': Not used on non-Windows systems
[5.115s] INFO:colcon.colcon_notification.desktop_notification:Sending desktop notification using 'notify2'
[5.118s] DEBUG:colcon.colcon_notification.desktop_notification.notify2:Failed to initialize notify2: org.freedesktop.DBus.Error.Spawn.ExecFailed: /usr/bin/dbus-launch terminated abnormally without any error message
[5.119s] DEBUG:colcon.colcon_core.event_reactor:joined thread
[5.120s] INFO:colcon.colcon_core.shell:Creating prefix script '/home/ws/install/local_setup.ps1'
[5.127s] INFO:colcon.colcon_core.shell:Creating prefix util module '/home/ws/install/_local_setup_util_ps1.py'
[5.134s] INFO:colcon.colcon_core.shell:Creating prefix chain script '/home/ws/install/setup.ps1'
[5.175s] INFO:colcon.colcon_core.shell:Creating prefix script '/home/ws/install/local_setup.sh'
[5.181s] INFO:colcon.colcon_core.shell:Creating prefix util module '/home/ws/install/_local_setup_util_sh.py'
[5.189s] INFO:colcon.colcon_core.shell:Creating prefix chain script '/home/ws/install/setup.sh'
[5.228s] INFO:colcon.colcon_core.shell:Creating prefix script '/home/ws/install/local_setup.bash'
[5.233s] INFO:colcon.colcon_core.shell:Creating prefix chain script '/home/ws/install/setup.bash'
[5.270s] INFO:colcon.colcon_core.shell:Creating prefix script '/home/ws/install/local_setup.zsh'
[5.276s] INFO:colcon.colcon_core.shell:Creating prefix chain script '/home/ws/install/setup.zsh'
