[0.106s] Invoking command in '/home/ws/build/ros_gz_example_bringup': AMENT_PREFIX_PATH=/home/ws/install/ros_gz_example_gazebo:/home/ws/install/ros_gz_example_description:${AMENT_PREFIX_PATH} CMAKE_PREFIX_PATH=/home/ws/install/ros_gz_example_gazebo:/home/ws/install/ros_gz_example_description:/opt/ros/humble GZ_SIM_PLUGIN_PATH=/home/ws/install/ros_gz_example_gazebo/lib/ros_gz_example_gazebo GZ_SIM_RESOURCE_PATH=/home/ws/install/ros_gz_example_gazebo/share/ros_gz_example_gazebo/worlds:/home/ws/install/ros_gz_example_description/share/ros_gz_example_description/models /usr/bin/cmake /home/ws/ros_gz_example_bringup -DBUILD_TESTING=ON -DCMAKE_INSTALL_PREFIX=/home/ws/install/ros_gz_example_bringup
[0.359s] -- The C compiler identification is GNU 11.4.0
[0.529s] -- The CXX compiler identification is GNU 11.4.0
[0.574s] -- Detecting C compiler ABI info
[0.992s] -- Detecting C compiler ABI info - done
[1.012s] -- Check for working C compiler: /usr/bin/cc - skipped
[1.013s] -- Detecting C compile features
[1.014s] -- Detecting C compile features - done
[1.059s] -- Detecting CXX compiler ABI info
[1.479s] -- Detecting CXX compiler ABI info - done
[1.503s] -- Check for working CXX compiler: /usr/bin/c++ - skipped
[1.503s] -- Detecting CXX compile features
[1.504s] -- Detecting CXX compile features - done
[1.770s] -- Found ament_cmake: 1.3.11 (/opt/ros/humble/share/ament_cmake/cmake)
[2.111s] -- Found Python3: /usr/bin/python3 (found version "3.10.12") found components: Interpreter 
[3.457s] -- Found ros_gz_example_description: 0.0.0 (/home/ws/install/ros_gz_example_description/share/ros_gz_example_description/cmake)
[3.529s] -- Found ros_gz_example_gazebo: 0.0.0 (/home/ws/install/ros_gz_example_gazebo/share/ros_gz_example_gazebo/cmake)
[3.611s] -- Found ament_lint_auto: 0.12.11 (/opt/ros/humble/share/ament_lint_auto/cmake)
[3.964s] -- Configuring done
[4.188s] -- Generating done
[4.348s] -- Build files have been written to: /home/ws/build/ros_gz_example_bringup
[4.355s] Invoked command in '/home/ws/build/ros_gz_example_bringup' returned '0': AMENT_PREFIX_PATH=/home/ws/install/ros_gz_example_gazebo:/home/ws/install/ros_gz_example_description:${AMENT_PREFIX_PATH} CMAKE_PREFIX_PATH=/home/ws/install/ros_gz_example_gazebo:/home/ws/install/ros_gz_example_description:/opt/ros/humble GZ_SIM_PLUGIN_PATH=/home/ws/install/ros_gz_example_gazebo/lib/ros_gz_example_gazebo GZ_SIM_RESOURCE_PATH=/home/ws/install/ros_gz_example_gazebo/share/ros_gz_example_gazebo/worlds:/home/ws/install/ros_gz_example_description/share/ros_gz_example_description/models /usr/bin/cmake /home/ws/ros_gz_example_bringup -DBUILD_TESTING=ON -DCMAKE_INSTALL_PREFIX=/home/ws/install/ros_gz_example_bringup
[4.363s] Invoking command in '/home/ws/build/ros_gz_example_bringup': AMENT_PREFIX_PATH=/home/ws/install/ros_gz_example_gazebo:/home/ws/install/ros_gz_example_description:${AMENT_PREFIX_PATH} CMAKE_PREFIX_PATH=/home/ws/install/ros_gz_example_gazebo:/home/ws/install/ros_gz_example_description:/opt/ros/humble GZ_SIM_PLUGIN_PATH=/home/ws/install/ros_gz_example_gazebo/lib/ros_gz_example_gazebo GZ_SIM_RESOURCE_PATH=/home/ws/install/ros_gz_example_gazebo/share/ros_gz_example_gazebo/worlds:/home/ws/install/ros_gz_example_description/share/ros_gz_example_description/models /usr/bin/cmake --build /home/ws/build/ros_gz_example_bringup -- -j12 -l12
[4.375s] gmake: Warning: File 'Makefile' has modification time 0.21 s in the future
[4.444s] gmake[1]: Warning: File 'CMakeFiles/Makefile2' has modification time 0.21 s in the future
[4.445s] gmake[1]: warning:  Clock skew detected.  Your build may be incomplete.
[4.454s] gmake: warning:  Clock skew detected.  Your build may be incomplete.
[4.457s] Invoked command in '/home/ws/build/ros_gz_example_bringup' returned '0': AMENT_PREFIX_PATH=/home/ws/install/ros_gz_example_gazebo:/home/ws/install/ros_gz_example_description:${AMENT_PREFIX_PATH} CMAKE_PREFIX_PATH=/home/ws/install/ros_gz_example_gazebo:/home/ws/install/ros_gz_example_description:/opt/ros/humble GZ_SIM_PLUGIN_PATH=/home/ws/install/ros_gz_example_gazebo/lib/ros_gz_example_gazebo GZ_SIM_RESOURCE_PATH=/home/ws/install/ros_gz_example_gazebo/share/ros_gz_example_gazebo/worlds:/home/ws/install/ros_gz_example_description/share/ros_gz_example_description/models /usr/bin/cmake --build /home/ws/build/ros_gz_example_bringup -- -j12 -l12
[4.475s] Invoking command in '/home/ws/build/ros_gz_example_bringup': AMENT_PREFIX_PATH=/home/ws/install/ros_gz_example_gazebo:/home/ws/install/ros_gz_example_description:${AMENT_PREFIX_PATH} CMAKE_PREFIX_PATH=/home/ws/install/ros_gz_example_gazebo:/home/ws/install/ros_gz_example_description:/opt/ros/humble GZ_SIM_PLUGIN_PATH=/home/ws/install/ros_gz_example_gazebo/lib/ros_gz_example_gazebo GZ_SIM_RESOURCE_PATH=/home/ws/install/ros_gz_example_gazebo/share/ros_gz_example_gazebo/worlds:/home/ws/install/ros_gz_example_description/share/ros_gz_example_description/models /usr/bin/cmake --install /home/ws/build/ros_gz_example_bringup
[4.484s] -- Install configuration: ""
[4.487s] -- Installing: /home/ws/install/ros_gz_example_bringup/share/ros_gz_example_bringup/launch
[4.510s] -- Installing: /home/ws/install/ros_gz_example_bringup/share/ros_gz_example_bringup/launch/diff_drive.launch.py
[4.564s] -- Installing: /home/ws/install/ros_gz_example_bringup/share/ros_gz_example_bringup/launch/rrbot_setup.launch.py
[4.612s] -- Installing: /home/ws/install/ros_gz_example_bringup/share/ros_gz_example_bringup/config
[4.633s] -- Installing: /home/ws/install/ros_gz_example_bringup/share/ros_gz_example_bringup/config/diff_drive.rviz
[4.689s] -- Installing: /home/ws/install/ros_gz_example_bringup/share/ros_gz_example_bringup/config/ros_gz_example_bridge.yaml
[4.739s] -- Installing: /home/ws/install/ros_gz_example_bringup/share/ros_gz_example_bringup/config/rrbot.rviz
[4.809s] -- Installing: /home/ws/install/ros_gz_example_bringup/share/ament_index/resource_index/package_run_dependencies/ros_gz_example_bringup
[4.892s] -- Installing: /home/ws/install/ros_gz_example_bringup/share/ament_index/resource_index/parent_prefix_path/ros_gz_example_bringup
[4.961s] -- Installing: /home/ws/install/ros_gz_example_bringup/share/ros_gz_example_bringup/environment/ament_prefix_path.sh
[5.005s] -- Installing: /home/ws/install/ros_gz_example_bringup/share/ros_gz_example_bringup/environment/ament_prefix_path.dsv
[5.052s] -- Installing: /home/ws/install/ros_gz_example_bringup/share/ros_gz_example_bringup/environment/path.sh
[5.101s] -- Installing: /home/ws/install/ros_gz_example_bringup/share/ros_gz_example_bringup/environment/path.dsv
[5.152s] -- Installing: /home/ws/install/ros_gz_example_bringup/share/ros_gz_example_bringup/local_setup.bash
[5.200s] -- Installing: /home/ws/install/ros_gz_example_bringup/share/ros_gz_example_bringup/local_setup.sh
[5.254s] -- Installing: /home/ws/install/ros_gz_example_bringup/share/ros_gz_example_bringup/local_setup.zsh
[5.299s] -- Installing: /home/ws/install/ros_gz_example_bringup/share/ros_gz_example_bringup/local_setup.dsv
[5.343s] -- Installing: /home/ws/install/ros_gz_example_bringup/share/ros_gz_example_bringup/package.dsv
[5.408s] -- Installing: /home/ws/install/ros_gz_example_bringup/share/ament_index/resource_index/packages/ros_gz_example_bringup
[5.489s] -- Installing: /home/ws/install/ros_gz_example_bringup/share/ros_gz_example_bringup/cmake/ros_gz_example_bringupConfig.cmake
[5.541s] -- Installing: /home/ws/install/ros_gz_example_bringup/share/ros_gz_example_bringup/cmake/ros_gz_example_bringupConfig-version.cmake
[5.600s] -- Installing: /home/ws/install/ros_gz_example_bringup/share/ros_gz_example_bringup/package.xml
[5.639s] Invoked command in '/home/ws/build/ros_gz_example_bringup' returned '0': AMENT_PREFIX_PATH=/home/ws/install/ros_gz_example_gazebo:/home/ws/install/ros_gz_example_description:${AMENT_PREFIX_PATH} CMAKE_PREFIX_PATH=/home/ws/install/ros_gz_example_gazebo:/home/ws/install/ros_gz_example_description:/opt/ros/humble GZ_SIM_PLUGIN_PATH=/home/ws/install/ros_gz_example_gazebo/lib/ros_gz_example_gazebo GZ_SIM_RESOURCE_PATH=/home/ws/install/ros_gz_example_gazebo/share/ros_gz_example_gazebo/worlds:/home/ws/install/ros_gz_example_description/share/ros_gz_example_description/models /usr/bin/cmake --install /home/ws/build/ros_gz_example_bringup
