[0.132s] Invoking command in '/home/ws/build/ros_gz_example_description': CMAKE_PREFIX_PATH=${CMAKE_PREFIX_PATH}:/opt/ros/humble /usr/bin/cmake --build /home/ws/build/ros_gz_example_description -- -j12 -l12
[0.221s] Invoked command in '/home/ws/build/ros_gz_example_description' returned '0': CMAKE_PREFIX_PATH=${CMAKE_PREFIX_PATH}:/opt/ros/humble /usr/bin/cmake --build /home/ws/build/ros_gz_example_description -- -j12 -l12
[0.246s] Invoking command in '/home/ws/build/ros_gz_example_description': CMAKE_PREFIX_PATH=${CMAKE_PREFIX_PATH}:/opt/ros/humble /usr/bin/cmake --install /home/ws/build/ros_gz_example_description
[0.255s] -- Install configuration: ""
[0.263s] -- Execute custom install script
[0.347s] -- Up-to-date symlink: /home/ws/install/ros_gz_example_description/share/ros_gz_example_description/models/neptr/meshes/foot.stl
[0.384s] -- Up-to-date symlink: /home/ws/install/ros_gz_example_description/share/ros_gz_example_description/models/neptr/meshes/foot_link.stl
[0.417s] -- Up-to-date symlink: /home/ws/install/ros_gz_example_description/share/ros_gz_example_description/models/neptr/meshes/knee.stl
[0.451s] -- Up-to-date symlink: /home/ws/install/ros_gz_example_description/share/ros_gz_example_description/models/neptr/meshes/thigh.stl
[0.478s] -- Up-to-date symlink: /home/ws/install/ros_gz_example_description/share/ros_gz_example_description/models/neptr/model.sdf
[0.520s] -- Up-to-date symlink: /home/ws/install/ros_gz_example_description/share/ros_gz_example_description/models/neptr/neptr.urdf
[0.548s] -- Up-to-date symlink: /home/ws/install/ros_gz_example_description/share/ros_gz_example_description/models/neptr/neptr.xacro
[0.568s] -- Up-to-date symlink: /home/ws/install/ros_gz_example_description/share/ros_gz_example_description/environment/ros_gz_example_description.dsv
[0.587s] -- Up-to-date symlink: /home/ws/install/ros_gz_example_description/share/ros_gz_example_description/environment/ros_gz_example_description.sh
[0.630s] -- Up-to-date symlink: /home/ws/install/ros_gz_example_description/share/ament_index/resource_index/package_run_dependencies/ros_gz_example_description
[0.671s] -- Up-to-date symlink: /home/ws/install/ros_gz_example_description/share/ament_index/resource_index/parent_prefix_path/ros_gz_example_description
[0.687s] -- Up-to-date symlink: /home/ws/install/ros_gz_example_description/share/ros_gz_example_description/environment/ament_prefix_path.sh
[0.706s] -- Up-to-date symlink: /home/ws/install/ros_gz_example_description/share/ros_gz_example_description/environment/ament_prefix_path.dsv
[0.722s] -- Up-to-date symlink: /home/ws/install/ros_gz_example_description/share/ros_gz_example_description/environment/path.sh
[0.740s] -- Up-to-date symlink: /home/ws/install/ros_gz_example_description/share/ros_gz_example_description/environment/path.dsv
[0.765s] -- Up-to-date symlink: /home/ws/install/ros_gz_example_description/share/ros_gz_example_description/local_setup.bash
[0.768s] -- Up-to-date symlink: /home/ws/install/ros_gz_example_description/share/ros_gz_example_description/local_setup.sh
[0.784s] -- Up-to-date symlink: /home/ws/install/ros_gz_example_description/share/ros_gz_example_description/local_setup.zsh
[0.797s] -- Up-to-date symlink: /home/ws/install/ros_gz_example_description/share/ros_gz_example_description/local_setup.dsv
[0.804s] -- Symlinking: /home/ws/install/ros_gz_example_description/share/ros_gz_example_description/package.dsv
[0.867s] -- Up-to-date symlink: /home/ws/install/ros_gz_example_description/share/ament_index/resource_index/packages/ros_gz_example_description
[0.887s] -- Up-to-date symlink: /home/ws/install/ros_gz_example_description/share/ros_gz_example_description/cmake/ros_gz_example_descriptionConfig.cmake
[0.902s] -- Up-to-date symlink: /home/ws/install/ros_gz_example_description/share/ros_gz_example_description/cmake/ros_gz_example_descriptionConfig-version.cmake
[0.917s] -- Up-to-date symlink: /home/ws/install/ros_gz_example_description/share/ros_gz_example_description/package.xml
[1.126s] Invoked command in '/home/ws/build/ros_gz_example_description' returned '0': CMAKE_PREFIX_PATH=${CMAKE_PREFIX_PATH}:/opt/ros/humble /usr/bin/cmake --install /home/ws/build/ros_gz_example_description
