[0.062s] Invoking command in '/home/ws/build/ros_gz_example_application': CMAKE_PREFIX_PATH=/opt/ros/humble /usr/bin/cmake --build /home/ws/build/ros_gz_example_application -- -j12 -l12
[0.173s] Invoked command in '/home/ws/build/ros_gz_example_application' returned '0': CMAKE_PREFIX_PATH=/opt/ros/humble /usr/bin/cmake --build /home/ws/build/ros_gz_example_application -- -j12 -l12
[0.199s] Invoking command in '/home/ws/build/ros_gz_example_application': CMAKE_PREFIX_PATH=/opt/ros/humble /usr/bin/cmake --install /home/ws/build/ros_gz_example_application
[0.209s] -- Install configuration: ""
[0.231s] -- Up-to-date: /home/ws/install/ros_gz_example_application/share/ament_index/resource_index/package_run_dependencies/ros_gz_example_application
[0.258s] -- Up-to-date: /home/ws/install/ros_gz_example_application/share/ament_index/resource_index/parent_prefix_path/ros_gz_example_application
[0.271s] -- Up-to-date: /home/ws/install/ros_gz_example_application/share/ros_gz_example_application/environment/ament_prefix_path.sh
[0.288s] -- Up-to-date: /home/ws/install/ros_gz_example_application/share/ros_gz_example_application/environment/ament_prefix_path.dsv
[0.302s] -- Up-to-date: /home/ws/install/ros_gz_example_application/share/ros_gz_example_application/environment/path.sh
[0.317s] -- Up-to-date: /home/ws/install/ros_gz_example_application/share/ros_gz_example_application/environment/path.dsv
[0.333s] -- Up-to-date: /home/ws/install/ros_gz_example_application/share/ros_gz_example_application/local_setup.bash
[0.348s] -- Up-to-date: /home/ws/install/ros_gz_example_application/share/ros_gz_example_application/local_setup.sh
[0.363s] -- Up-to-date: /home/ws/install/ros_gz_example_application/share/ros_gz_example_application/local_setup.zsh
[0.376s] -- Up-to-date: /home/ws/install/ros_gz_example_application/share/ros_gz_example_application/local_setup.dsv
[0.393s] -- Installing: /home/ws/install/ros_gz_example_application/share/ros_gz_example_application/package.dsv
[0.450s] -- Up-to-date: /home/ws/install/ros_gz_example_application/share/ament_index/resource_index/packages/ros_gz_example_application
[0.466s] -- Up-to-date: /home/ws/install/ros_gz_example_application/share/ros_gz_example_application/cmake/ros_gz_example_applicationConfig.cmake
[0.480s] -- Up-to-date: /home/ws/install/ros_gz_example_application/share/ros_gz_example_application/cmake/ros_gz_example_applicationConfig-version.cmake
[0.497s] -- Up-to-date: /home/ws/install/ros_gz_example_application/share/ros_gz_example_application/package.xml
[0.505s] Invoked command in '/home/ws/build/ros_gz_example_application' returned '0': CMAKE_PREFIX_PATH=/opt/ros/humble /usr/bin/cmake --install /home/ws/build/ros_gz_example_application
