[0.182s] Invoking command in '/home/ws/build/ros_gz_example_description': CMAKE_PREFIX_PATH=${CMAKE_PREFIX_PATH}:/opt/ros/humble /usr/bin/cmake --build /home/ws/build/ros_gz_example_description -- -j12 -l12
[0.263s] Invoked command in '/home/ws/build/ros_gz_example_description' returned '0': CMAKE_PREFIX_PATH=${CMAKE_PREFIX_PATH}:/opt/ros/humble /usr/bin/cmake --build /home/ws/build/ros_gz_example_description -- -j12 -l12
[0.286s] Invoking command in '/home/ws/build/ros_gz_example_description': CMAKE_PREFIX_PATH=${CMAKE_PREFIX_PATH}:/opt/ros/humble /usr/bin/cmake --install /home/ws/build/ros_gz_example_description
[0.294s] -- Install configuration: ""
[0.304s] -- Execute custom install script
[0.378s] -- Up-to-date symlink: /home/ws/install/ros_gz_example_description/share/ros_gz_example_description/models/neptr/meshes/foot.stl
[0.420s] -- Up-to-date symlink: /home/ws/install/ros_gz_example_description/share/ros_gz_example_description/models/neptr/meshes/foot_link.stl
[0.455s] -- Up-to-date symlink: /home/ws/install/ros_gz_example_description/share/ros_gz_example_description/models/neptr/meshes/knee.stl
[0.489s] -- Up-to-date symlink: /home/ws/install/ros_gz_example_description/share/ros_gz_example_description/models/neptr/meshes/thigh.stl
[0.516s] -- Up-to-date symlink: /home/ws/install/ros_gz_example_description/share/ros_gz_example_description/models/neptr/model.sdf
[0.525s] -- Symlinking: /home/ws/install/ros_gz_example_description/share/ros_gz_example_description/models/neptr/neptr.urdf
[0.581s] -- Up-to-date symlink: /home/ws/install/ros_gz_example_description/share/ros_gz_example_description/models/neptr/neptr.xacro
[0.600s] -- Up-to-date symlink: /home/ws/install/ros_gz_example_description/share/ros_gz_example_description/environment/ros_gz_example_description.dsv
[0.621s] -- Up-to-date symlink: /home/ws/install/ros_gz_example_description/share/ros_gz_example_description/environment/ros_gz_example_description.sh
[0.657s] -- Up-to-date symlink: /home/ws/install/ros_gz_example_description/share/ament_index/resource_index/package_run_dependencies/ros_gz_example_description
[0.693s] -- Up-to-date symlink: /home/ws/install/ros_gz_example_description/share/ament_index/resource_index/parent_prefix_path/ros_gz_example_description
[0.707s] -- Up-to-date symlink: /home/ws/install/ros_gz_example_description/share/ros_gz_example_description/environment/ament_prefix_path.sh
[0.724s] -- Up-to-date symlink: /home/ws/install/ros_gz_example_description/share/ros_gz_example_description/environment/ament_prefix_path.dsv
[0.737s] -- Up-to-date symlink: /home/ws/install/ros_gz_example_description/share/ros_gz_example_description/environment/path.sh
[0.756s] -- Up-to-date symlink: /home/ws/install/ros_gz_example_description/share/ros_gz_example_description/environment/path.dsv
[0.768s] -- Up-to-date symlink: /home/ws/install/ros_gz_example_description/share/ros_gz_example_description/local_setup.bash
[0.787s] -- Up-to-date symlink: /home/ws/install/ros_gz_example_description/share/ros_gz_example_description/local_setup.sh
[0.797s] -- Up-to-date symlink: /home/ws/install/ros_gz_example_description/share/ros_gz_example_description/local_setup.zsh
[0.812s] -- Up-to-date symlink: /home/ws/install/ros_gz_example_description/share/ros_gz_example_description/local_setup.dsv
[0.819s] -- Symlinking: /home/ws/install/ros_gz_example_description/share/ros_gz_example_description/package.dsv
[0.878s] -- Up-to-date symlink: /home/ws/install/ros_gz_example_description/share/ament_index/resource_index/packages/ros_gz_example_description
[0.899s] -- Up-to-date symlink: /home/ws/install/ros_gz_example_description/share/ros_gz_example_description/cmake/ros_gz_example_descriptionConfig.cmake
[0.918s] -- Up-to-date symlink: /home/ws/install/ros_gz_example_description/share/ros_gz_example_description/cmake/ros_gz_example_descriptionConfig-version.cmake
[0.933s] -- Up-to-date symlink: /home/ws/install/ros_gz_example_description/share/ros_gz_example_description/package.xml
[1.151s] Invoked command in '/home/ws/build/ros_gz_example_description' returned '0': CMAKE_PREFIX_PATH=${CMAKE_PREFIX_PATH}:/opt/ros/humble /usr/bin/cmake --install /home/ws/build/ros_gz_example_description
