[0.149s] Invoking command in '/home/ws/build/ros_gz_example_gazebo': CMAKE_PREFIX_PATH=/home/ws/install/ros_gz_example_description:/home/ws/install/ros_gz_example_bringup:/home/ws/install/ros_gz_example_gazebo:/home/ws/install/ros_gz_example_application:/opt/ros/humble GZ_SIM_RESOURCE_PATH=/home/ws/install/ros_gz_example_description/share/ros_gz_example_description/models:${GZ_SIM_RESOURCE_PATH} /usr/bin/cmake /home/ws/ros_gz_example_gazebo -DCMAKE_INSTALL_PREFIX=/home/ws/install/ros_gz_example_gazebo
[0.202s] -- Found ament_cmake: 1.3.11 (/opt/ros/humble/share/ament_cmake/cmake)
[0.375s] -- Override CMake install command with custom implementation using symlinks instead of copying resources
[0.482s] -- Found ros_gz_example_description: 0.0.0 (/home/ws/install/ros_gz_example_description/share/ros_gz_example_description/cmake)
[0.491s] -- Looking for gz-plugin2 -- found version 2.0.3
[0.492s] -- Searching for dependencies of gz-plugin2
[0.493s] -- Looking for gz-utils2 -- found version 2.2.0
[0.493s] -- Searching for dependencies of gz-utils2
[0.494s] -- Searching for <gz-utils2> component [cli]
[0.495s] -- Looking for gz-utils2-cli -- found version 2.2.0
[0.495s] -- Searching for dependencies of gz-utils2-cli
[0.496s] -- Searching for <gz-plugin2> component [register]
[0.498s] -- Looking for gz-plugin2-register -- found version 2.0.3
[0.499s] -- Searching for dependencies of gz-plugin2-register
[0.499s] -- Looking for gz-common5 -- found version 5.7.0
[0.500s] -- Searching for dependencies of gz-common5
[0.501s] -- Looking for gz-utils2 -- found version 2.2.0
[0.502s] -- Looking for dlfcn.h - found
[0.503s] -- Looking for libdl - found
[0.510s] -- Checking for module 'uuid'
[0.592s] --   Found uuid, version 2.37.2
[0.614s] -- Searching for <gz-common5> component [profiler]
[0.615s] -- Looking for gz-common5-profiler -- found version 5.7.0
[0.616s] -- Searching for dependencies of gz-common5-profiler
[0.859s] [31mCMake Error at CMakeLists.txt:26 (find_package):
[0.860s]   By not providing "Findgz-sim7.cmake" in CMAKE_MODULE_PATH this project has
[0.861s]   asked CMake to find a package configuration file provided by "gz-sim7", but
[0.862s]   CMake did not find one.
[0.864s] 
[0.864s]   Could not find a package configuration file provided by "gz-sim7" with any
[0.865s]   of the following names:
[0.867s] 
[0.868s]     gz-sim7Config.cmake
[0.869s]     gz-sim7-config.cmake
[0.870s] 
[0.871s]   Add the installation prefix of "gz-sim7" to CMAKE_PREFIX_PATH or set
[0.871s]   "gz-sim7_DIR" to a directory containing one of the above files.  If
[0.872s]   "gz-sim7" provides a separate development package or SDK, be sure it has
[0.873s]   been installed.
[0.874s] 
[0.875s] [0m
[0.876s] -- Configuring incomplete, errors occurred!
[0.877s] See also "/home/ws/build/ros_gz_example_gazebo/CMakeFiles/CMakeOutput.log".
[0.903s] Invoked command in '/home/ws/build/ros_gz_example_gazebo' returned '1': CMAKE_PREFIX_PATH=/home/ws/install/ros_gz_example_description:/home/ws/install/ros_gz_example_bringup:/home/ws/install/ros_gz_example_gazebo:/home/ws/install/ros_gz_example_application:/opt/ros/humble GZ_SIM_RESOURCE_PATH=/home/ws/install/ros_gz_example_description/share/ros_gz_example_description/models:${GZ_SIM_RESOURCE_PATH} /usr/bin/cmake /home/ws/ros_gz_example_gazebo -DCMAKE_INSTALL_PREFIX=/home/ws/install/ros_gz_example_gazebo
