[0.138s] Invoking command in '/home/ws/build/ros_gz_example_application': CMAKE_PREFIX_PATH=${CMAKE_PREFIX_PATH}:/opt/ros/humble /usr/bin/cmake --build /home/ws/build/ros_gz_example_application -- -j12 -l12
[0.223s] Invoked command in '/home/ws/build/ros_gz_example_application' returned '0': CMAKE_PREFIX_PATH=${CMAKE_PREFIX_PATH}:/opt/ros/humble /usr/bin/cmake --build /home/ws/build/ros_gz_example_application -- -j12 -l12
[0.239s] Invoking command in '/home/ws/build/ros_gz_example_application': CMAKE_PREFIX_PATH=${CMAKE_PREFIX_PATH}:/opt/ros/humble /usr/bin/cmake --install /home/ws/build/ros_gz_example_application
[0.248s] -- Install configuration: ""
[0.257s] -- Execute custom install script
[0.299s] -- Up-to-date symlink: /home/ws/install/ros_gz_example_application/share/ament_index/resource_index/package_run_dependencies/ros_gz_example_application
[0.339s] -- Up-to-date symlink: /home/ws/install/ros_gz_example_application/share/ament_index/resource_index/parent_prefix_path/ros_gz_example_application
[0.355s] -- Up-to-date symlink: /home/ws/install/ros_gz_example_application/share/ros_gz_example_application/environment/ament_prefix_path.sh
[0.376s] -- Up-to-date symlink: /home/ws/install/ros_gz_example_application/share/ros_gz_example_application/environment/ament_prefix_path.dsv
[0.391s] -- Up-to-date symlink: /home/ws/install/ros_gz_example_application/share/ros_gz_example_application/environment/path.sh
[0.411s] -- Up-to-date symlink: /home/ws/install/ros_gz_example_application/share/ros_gz_example_application/environment/path.dsv
[0.425s] -- Up-to-date symlink: /home/ws/install/ros_gz_example_application/share/ros_gz_example_application/local_setup.bash
[0.444s] -- Up-to-date symlink: /home/ws/install/ros_gz_example_application/share/ros_gz_example_application/local_setup.sh
[0.458s] -- Up-to-date symlink: /home/ws/install/ros_gz_example_application/share/ros_gz_example_application/local_setup.zsh
[0.474s] -- Up-to-date symlink: /home/ws/install/ros_gz_example_application/share/ros_gz_example_application/local_setup.dsv
[0.482s] -- Symlinking: /home/ws/install/ros_gz_example_application/share/ros_gz_example_application/package.dsv
[0.548s] -- Up-to-date symlink: /home/ws/install/ros_gz_example_application/share/ament_index/resource_index/packages/ros_gz_example_application
[0.566s] -- Up-to-date symlink: /home/ws/install/ros_gz_example_application/share/ros_gz_example_application/cmake/ros_gz_example_applicationConfig.cmake
[0.582s] -- Up-to-date symlink: /home/ws/install/ros_gz_example_application/share/ros_gz_example_application/cmake/ros_gz_example_applicationConfig-version.cmake
[0.597s] -- Up-to-date symlink: /home/ws/install/ros_gz_example_application/share/ros_gz_example_application/package.xml
[0.602s] Invoked command in '/home/ws/build/ros_gz_example_application' returned '0': CMAKE_PREFIX_PATH=${CMAKE_PREFIX_PATH}:/opt/ros/humble /usr/bin/cmake --install /home/ws/build/ros_gz_example_application
