[0.085s] Invoking command in '/home/ws/build/ros_gz_example_gazebo': AMENT_PREFIX_PATH=/home/ws/install/ros_gz_example_description:${AMENT_PREFIX_PATH} CMAKE_PREFIX_PATH=/home/ws/install/ros_gz_example_description:/opt/ros/humble GZ_SIM_RESOURCE_PATH=/home/ws/install/ros_gz_example_description/share/ros_gz_example_description/models /usr/bin/cmake /home/ws/ros_gz_example_gazebo -DBUILD_TESTING=ON -DCMAKE_INSTALL_PREFIX=/home/ws/install/ros_gz_example_gazebo
[0.308s] -- The C compiler identification is GNU 11.4.0
[0.498s] -- The CXX compiler identification is GNU 11.4.0
[0.536s] -- Detecting C compiler ABI info
[1.015s] -- Detecting C compiler ABI info - done
[1.039s] -- Check for working C compiler: /usr/bin/cc - skipped
[1.040s] -- Detecting C compile features
[1.041s] -- Detecting C compile features - done
[1.085s] -- Detecting CXX compiler ABI info
[1.735s] -- Detecting CXX compiler ABI info - done
[1.757s] -- Check for working CXX compiler: /usr/bin/c++ - skipped
[1.757s] -- Detecting CXX compile features
[1.759s] -- Detecting CXX compile features - done
[1.831s] -- Found ament_cmake: 1.3.11 (/opt/ros/humble/share/ament_cmake/cmake)
[2.055s] -- Found Python3: /usr/bin/python3 (found version "3.10.12") found components: Interpreter 
[2.857s] -- Found ros_gz_example_description: 0.0.0 (/home/ws/install/ros_gz_example_description/share/ros_gz_example_description/cmake)
[2.940s] [31mCMake Error at CMakeLists.txt:13 (find_package):
[2.943s]   By not providing "Findgz-cmake3.cmake" in CMAKE_MODULE_PATH this project
[2.944s]   has asked CMake to find a package configuration file provided by
[2.945s]   "gz-cmake3", but CMake did not find one.
[2.946s] 
[2.947s]   Could not find a package configuration file provided by "gz-cmake3" with
[2.948s]   any of the following names:
[2.948s] 
[2.949s]     gz-cmake3Config.cmake
[2.950s]     gz-cmake3-config.cmake
[2.951s] 
[2.952s]   Add the installation prefix of "gz-cmake3" to CMAKE_PREFIX_PATH or set
[2.953s]   "gz-cmake3_DIR" to a directory containing one of the above files.  If
[2.953s]   "gz-cmake3" provides a separate development package or SDK, be sure it has
[2.954s]   been installed.
[2.955s] 
[2.956s] [0m
[2.958s] -- Configuring incomplete, errors occurred!
[2.958s] See also "/home/ws/build/ros_gz_example_gazebo/CMakeFiles/CMakeOutput.log".
[2.959s] Invoked command in '/home/ws/build/ros_gz_example_gazebo' returned '1': AMENT_PREFIX_PATH=/home/ws/install/ros_gz_example_description:${AMENT_PREFIX_PATH} CMAKE_PREFIX_PATH=/home/ws/install/ros_gz_example_description:/opt/ros/humble GZ_SIM_RESOURCE_PATH=/home/ws/install/ros_gz_example_description/share/ros_gz_example_description/models /usr/bin/cmake /home/ws/ros_gz_example_gazebo -DBUILD_TESTING=ON -DCMAKE_INSTALL_PREFIX=/home/ws/install/ros_gz_example_gazebo
