[0.106s] DEBUG:colcon:Command line arguments: ['/usr/bin/colcon', 'build']
[0.106s] DEBUG:colcon:Parsed command line arguments: Namespace(log_base=None, log_level=None, verb_name='build', build_base='build', install_base='install', merge_install=False, symlink_install=False, test_result_base=None, continue_on_error=False, executor='parallel', parallel_workers=12, event_handlers=None, ignore_user_meta=False, metas=['./colcon.meta'], base_paths=['.'], packages_ignore=None, packages_ignore_regex=None, paths=None, packages_up_to=None, packages_up_to_regex=None, packages_above=None, packages_above_and_dependencies=None, packages_above_depth=None, packages_select_by_dep=None, packages_skip_by_dep=None, packages_skip_up_to=None, packages_select_build_failed=False, packages_skip_build_finished=False, packages_select_test_failures=False, packages_skip_test_passed=False, packages_select=None, packages_skip=None, packages_select_regex=None, packages_skip_regex=None, packages_start=None, packages_end=None, cmake_args=None, cmake_target=None, cmake_target_skip_unavailable=False, cmake_clean_cache=False, cmake_clean_first=False, cmake_force_configure=False, ament_cmake_args=None, catkin_cmake_args=None, catkin_skip_building_tests=False, mixin_files=None, mixin=None, verb_parser=<colcon_mixin.mixin.mixin_argument.MixinArgumentDecorator object at 0x714f629a94e0>, verb_extension=<colcon_core.verb.build.BuildVerb object at 0x714f62aa22f0>, main=<bound method BuildVerb.main of <colcon_core.verb.build.BuildVerb object at 0x714f62aa22f0>>, mixin_verb=('build',))
[0.247s] Level 1:colcon.colcon_core.package_discovery:discover_packages(colcon_meta) check parameters
[0.247s] Level 1:colcon.colcon_core.package_discovery:discover_packages(recursive) check parameters
[0.247s] Level 1:colcon.colcon_core.package_discovery:discover_packages(ignore) check parameters
[0.247s] Level 1:colcon.colcon_core.package_discovery:discover_packages(path) check parameters
[0.247s] Level 1:colcon.colcon_core.package_discovery:discover_packages(colcon_meta) discover
[0.247s] Level 1:colcon.colcon_core.package_discovery:discover_packages(recursive) discover
[0.247s] INFO:colcon.colcon_core.package_discovery:Crawling recursively for packages in '/home/brian/neptr2_ws'
[0.247s] Level 1:colcon.colcon_core.package_identification:_identify(.) by extensions ['ignore', 'ignore_ament_install']
[0.248s] Level 1:colcon.colcon_core.package_identification:_identify(.) by extension 'ignore'
[0.248s] Level 1:colcon.colcon_core.package_identification:_identify(.) by extension 'ignore_ament_install'
[0.248s] Level 1:colcon.colcon_core.package_identification:_identify(.) by extensions ['colcon_pkg']
[0.248s] Level 1:colcon.colcon_core.package_identification:_identify(.) by extension 'colcon_pkg'
[0.248s] Level 1:colcon.colcon_core.package_identification:_identify(.) by extensions ['colcon_meta']
[0.248s] Level 1:colcon.colcon_core.package_identification:_identify(.) by extension 'colcon_meta'
[0.248s] Level 1:colcon.colcon_core.package_identification:_identify(.) by extensions ['ros']
[0.248s] Level 1:colcon.colcon_core.package_identification:_identify(.) by extension 'ros'
[0.257s] Level 1:colcon.colcon_core.package_identification:_identify(.) by extensions ['cmake', 'python']
[0.257s] Level 1:colcon.colcon_core.package_identification:_identify(.) by extension 'cmake'
[0.257s] Level 1:colcon.colcon_core.package_identification:_identify(.) by extension 'python'
[0.257s] Level 1:colcon.colcon_core.package_identification:_identify(.) by extensions ['python_setup_py']
[0.257s] Level 1:colcon.colcon_core.package_identification:_identify(.) by extension 'python_setup_py'
[0.257s] Level 1:colcon.colcon_core.package_identification:_identify(build) by extensions ['ignore', 'ignore_ament_install']
[0.258s] Level 1:colcon.colcon_core.package_identification:_identify(build) by extension 'ignore'
[0.258s] Level 1:colcon.colcon_core.package_identification:_identify(build) ignored
[0.258s] Level 1:colcon.colcon_core.package_identification:_identify(install) by extensions ['ignore', 'ignore_ament_install']
[0.258s] Level 1:colcon.colcon_core.package_identification:_identify(install) by extension 'ignore'
[0.258s] Level 1:colcon.colcon_core.package_identification:_identify(install) ignored
[0.258s] Level 1:colcon.colcon_core.package_identification:_identify(log) by extensions ['ignore', 'ignore_ament_install']
[0.258s] Level 1:colcon.colcon_core.package_identification:_identify(log) by extension 'ignore'
[0.258s] Level 1:colcon.colcon_core.package_identification:_identify(log) ignored
[0.258s] Level 1:colcon.colcon_core.package_identification:_identify(neptr_desc) by extensions ['ignore', 'ignore_ament_install']
[0.258s] Level 1:colcon.colcon_core.package_identification:_identify(neptr_desc) by extension 'ignore'
[0.258s] Level 1:colcon.colcon_core.package_identification:_identify(neptr_desc) by extension 'ignore_ament_install'
[0.258s] Level 1:colcon.colcon_core.package_identification:_identify(neptr_desc) by extensions ['colcon_pkg']
[0.258s] Level 1:colcon.colcon_core.package_identification:_identify(neptr_desc) by extension 'colcon_pkg'
[0.258s] Level 1:colcon.colcon_core.package_identification:_identify(neptr_desc) by extensions ['colcon_meta']
[0.258s] Level 1:colcon.colcon_core.package_identification:_identify(neptr_desc) by extension 'colcon_meta'
[0.258s] Level 1:colcon.colcon_core.package_identification:_identify(neptr_desc) by extensions ['ros']
[0.258s] Level 1:colcon.colcon_core.package_identification:_identify(neptr_desc) by extension 'ros'
[0.260s] DEBUG:colcon.colcon_core.package_identification:Package 'neptr_desc' with type 'ros.ament_cmake' and name 'neptr_desc'
[0.260s] Level 1:colcon.colcon_core.package_discovery:discover_packages(recursive) using defaults
[0.260s] Level 1:colcon.colcon_core.package_discovery:discover_packages(ignore) discover
[0.260s] Level 1:colcon.colcon_core.package_discovery:discover_packages(ignore) using defaults
[0.260s] Level 1:colcon.colcon_core.package_discovery:discover_packages(path) discover
[0.260s] Level 1:colcon.colcon_core.package_discovery:discover_packages(path) using defaults
[0.277s] Level 5:colcon.colcon_core.verb:set package 'neptr_desc' build argument 'cmake_args' from command line to 'None'
[0.277s] Level 5:colcon.colcon_core.verb:set package 'neptr_desc' build argument 'cmake_target' from command line to 'None'
[0.277s] Level 5:colcon.colcon_core.verb:set package 'neptr_desc' build argument 'cmake_target_skip_unavailable' from command line to 'False'
[0.277s] Level 5:colcon.colcon_core.verb:set package 'neptr_desc' build argument 'cmake_clean_cache' from command line to 'False'
[0.277s] Level 5:colcon.colcon_core.verb:set package 'neptr_desc' build argument 'cmake_clean_first' from command line to 'False'
[0.277s] Level 5:colcon.colcon_core.verb:set package 'neptr_desc' build argument 'cmake_force_configure' from command line to 'False'
[0.277s] Level 5:colcon.colcon_core.verb:set package 'neptr_desc' build argument 'ament_cmake_args' from command line to 'None'
[0.277s] Level 5:colcon.colcon_core.verb:set package 'neptr_desc' build argument 'catkin_cmake_args' from command line to 'None'
[0.277s] Level 5:colcon.colcon_core.verb:set package 'neptr_desc' build argument 'catkin_skip_building_tests' from command line to 'False'
[0.277s] DEBUG:colcon.colcon_core.verb:Building package 'neptr_desc' with the following arguments: {'ament_cmake_args': None, 'build_base': '/home/brian/neptr2_ws/build/neptr_desc', 'catkin_cmake_args': None, 'catkin_skip_building_tests': False, 'cmake_args': None, 'cmake_clean_cache': False, 'cmake_clean_first': False, 'cmake_force_configure': False, 'cmake_target': None, 'cmake_target_skip_unavailable': False, 'install_base': '/home/brian/neptr2_ws/install/neptr_desc', 'merge_install': False, 'path': '/home/brian/neptr2_ws/neptr_desc', 'symlink_install': False, 'test_result_base': None}
[0.277s] INFO:colcon.colcon_core.executor:Executing jobs using 'parallel' executor
[0.278s] DEBUG:colcon.colcon_parallel_executor.executor.parallel:run_until_complete
[0.278s] INFO:colcon.colcon_ros.task.ament_cmake.build:Building ROS package in '/home/brian/neptr2_ws/neptr_desc' with build type 'ament_cmake'
[0.278s] INFO:colcon.colcon_cmake.task.cmake.build:Building CMake package in '/home/brian/neptr2_ws/neptr_desc'
[0.280s] INFO:colcon.colcon_core.plugin_system:Skipping extension 'colcon_core.shell.bat': Not used on non-Windows systems
[0.280s] INFO:colcon.colcon_core.shell:Skip shell extension 'powershell' for command environment: Not usable outside of PowerShell
[0.280s] DEBUG:colcon.colcon_core.shell:Skip shell extension 'dsv' for command environment
[0.294s] DEBUG:colcon.colcon_core.event_handler.log_command:Invoking command in '/home/brian/neptr2_ws/build/neptr_desc': CMAKE_PREFIX_PATH=${CMAKE_PREFIX_PATH}:/home/brian/ws_moveit/install/moveit_configs_utils:/home/brian/ws_moveit/install/launch_param_builder:/opt/ros/humble /usr/bin/cmake /home/brian/neptr2_ws/neptr_desc -DCMAKE_INSTALL_PREFIX=/home/brian/neptr2_ws/install/neptr_desc
[1.096s] DEBUG:colcon.colcon_core.event_handler.log_command:Invoked command in '/home/brian/neptr2_ws/build/neptr_desc' returned '0': CMAKE_PREFIX_PATH=${CMAKE_PREFIX_PATH}:/home/brian/ws_moveit/install/moveit_configs_utils:/home/brian/ws_moveit/install/launch_param_builder:/opt/ros/humble /usr/bin/cmake /home/brian/neptr2_ws/neptr_desc -DCMAKE_INSTALL_PREFIX=/home/brian/neptr2_ws/install/neptr_desc
[1.098s] DEBUG:colcon.colcon_core.event_handler.log_command:Invoking command in '/home/brian/neptr2_ws/build/neptr_desc': CMAKE_PREFIX_PATH=${CMAKE_PREFIX_PATH}:/home/brian/ws_moveit/install/moveit_configs_utils:/home/brian/ws_moveit/install/launch_param_builder:/opt/ros/humble /usr/bin/cmake --build /home/brian/neptr2_ws/build/neptr_desc -- -j12 -l12
[1.139s] DEBUG:colcon.colcon_core.event_handler.log_command:Invoked command in '/home/brian/neptr2_ws/build/neptr_desc' returned '0': CMAKE_PREFIX_PATH=${CMAKE_PREFIX_PATH}:/home/brian/ws_moveit/install/moveit_configs_utils:/home/brian/ws_moveit/install/launch_param_builder:/opt/ros/humble /usr/bin/cmake --build /home/brian/neptr2_ws/build/neptr_desc -- -j12 -l12
[1.150s] DEBUG:colcon.colcon_core.event_handler.log_command:Invoking command in '/home/brian/neptr2_ws/build/neptr_desc': CMAKE_PREFIX_PATH=${CMAKE_PREFIX_PATH}:/home/brian/ws_moveit/install/moveit_configs_utils:/home/brian/ws_moveit/install/launch_param_builder:/opt/ros/humble /usr/bin/cmake --install /home/brian/neptr2_ws/build/neptr_desc
[1.161s] Level 1:colcon.colcon_core.environment:create_environment_scripts_only(neptr_desc)
[1.161s] DEBUG:colcon.colcon_core.event_handler.log_command:Invoked command in '/home/brian/neptr2_ws/build/neptr_desc' returned '0': CMAKE_PREFIX_PATH=${CMAKE_PREFIX_PATH}:/home/brian/ws_moveit/install/moveit_configs_utils:/home/brian/ws_moveit/install/launch_param_builder:/opt/ros/humble /usr/bin/cmake --install /home/brian/neptr2_ws/build/neptr_desc
[1.163s] Level 1:colcon.colcon_core.environment:checking '/home/brian/neptr2_ws/install/neptr_desc' for CMake module files
[1.164s] Level 1:colcon.colcon_core.environment:checking '/home/brian/neptr2_ws/install/neptr_desc' for CMake config files
[1.164s] Level 1:colcon.colcon_core.shell:create_environment_hook('neptr_desc', 'cmake_prefix_path')
[1.164s] INFO:colcon.colcon_core.shell:Creating environment hook '/home/brian/neptr2_ws/install/neptr_desc/share/neptr_desc/hook/cmake_prefix_path.ps1'
[1.165s] INFO:colcon.colcon_core.shell:Creating environment descriptor '/home/brian/neptr2_ws/install/neptr_desc/share/neptr_desc/hook/cmake_prefix_path.dsv'
[1.165s] INFO:colcon.colcon_core.shell:Creating environment hook '/home/brian/neptr2_ws/install/neptr_desc/share/neptr_desc/hook/cmake_prefix_path.sh'
[1.166s] Level 1:colcon.colcon_core.environment:checking '/home/brian/neptr2_ws/install/neptr_desc/bin'
[1.166s] Level 1:colcon.colcon_core.environment:checking '/home/brian/neptr2_ws/install/neptr_desc/lib/pkgconfig/neptr_desc.pc'
[1.168s] Level 1:colcon.colcon_core.environment:checking '/home/brian/neptr2_ws/install/neptr_desc/lib/python3.10/site-packages'
[1.168s] Level 1:colcon.colcon_core.environment:checking '/home/brian/neptr2_ws/install/neptr_desc/bin'
[1.168s] INFO:colcon.colcon_core.shell:Creating package script '/home/brian/neptr2_ws/install/neptr_desc/share/neptr_desc/package.ps1'
[1.169s] INFO:colcon.colcon_core.shell:Creating package descriptor '/home/brian/neptr2_ws/install/neptr_desc/share/neptr_desc/package.dsv'
[1.169s] INFO:colcon.colcon_core.shell:Creating package script '/home/brian/neptr2_ws/install/neptr_desc/share/neptr_desc/package.sh'
[1.170s] INFO:colcon.colcon_core.shell:Creating package script '/home/brian/neptr2_ws/install/neptr_desc/share/neptr_desc/package.bash'
[1.170s] INFO:colcon.colcon_core.shell:Creating package script '/home/brian/neptr2_ws/install/neptr_desc/share/neptr_desc/package.zsh'
[1.171s] Level 1:colcon.colcon_core.environment:create_file_with_runtime_dependencies(/home/brian/neptr2_ws/install/neptr_desc/share/colcon-core/packages/neptr_desc)
[1.171s] Level 1:colcon.colcon_core.environment:create_environment_scripts_only(neptr_desc)
[1.172s] Level 1:colcon.colcon_core.environment:checking '/home/brian/neptr2_ws/install/neptr_desc' for CMake module files
[1.172s] Level 1:colcon.colcon_core.environment:checking '/home/brian/neptr2_ws/install/neptr_desc' for CMake config files
[1.172s] Level 1:colcon.colcon_core.shell:create_environment_hook('neptr_desc', 'cmake_prefix_path')
[1.172s] INFO:colcon.colcon_core.shell:Creating environment hook '/home/brian/neptr2_ws/install/neptr_desc/share/neptr_desc/hook/cmake_prefix_path.ps1'
[1.173s] INFO:colcon.colcon_core.shell:Creating environment descriptor '/home/brian/neptr2_ws/install/neptr_desc/share/neptr_desc/hook/cmake_prefix_path.dsv'
[1.173s] INFO:colcon.colcon_core.shell:Creating environment hook '/home/brian/neptr2_ws/install/neptr_desc/share/neptr_desc/hook/cmake_prefix_path.sh'
[1.173s] Level 1:colcon.colcon_core.environment:checking '/home/brian/neptr2_ws/install/neptr_desc/bin'
[1.173s] Level 1:colcon.colcon_core.environment:checking '/home/brian/neptr2_ws/install/neptr_desc/lib/pkgconfig/neptr_desc.pc'
[1.174s] Level 1:colcon.colcon_core.environment:checking '/home/brian/neptr2_ws/install/neptr_desc/lib/python3.10/site-packages'
[1.174s] Level 1:colcon.colcon_core.environment:checking '/home/brian/neptr2_ws/install/neptr_desc/bin'
[1.174s] INFO:colcon.colcon_core.shell:Creating package script '/home/brian/neptr2_ws/install/neptr_desc/share/neptr_desc/package.ps1'
[1.174s] INFO:colcon.colcon_core.shell:Creating package descriptor '/home/brian/neptr2_ws/install/neptr_desc/share/neptr_desc/package.dsv'
[1.175s] INFO:colcon.colcon_core.shell:Creating package script '/home/brian/neptr2_ws/install/neptr_desc/share/neptr_desc/package.sh'
[1.175s] INFO:colcon.colcon_core.shell:Creating package script '/home/brian/neptr2_ws/install/neptr_desc/share/neptr_desc/package.bash'
[1.175s] INFO:colcon.colcon_core.shell:Creating package script '/home/brian/neptr2_ws/install/neptr_desc/share/neptr_desc/package.zsh'
[1.176s] Level 1:colcon.colcon_core.environment:create_file_with_runtime_dependencies(/home/brian/neptr2_ws/install/neptr_desc/share/colcon-core/packages/neptr_desc)
[1.176s] DEBUG:colcon.colcon_parallel_executor.executor.parallel:closing loop
[1.176s] DEBUG:colcon.colcon_parallel_executor.executor.parallel:loop closed
[1.176s] DEBUG:colcon.colcon_parallel_executor.executor.parallel:run_until_complete finished with '0'
[1.176s] DEBUG:colcon.colcon_core.event_reactor:joining thread
[1.191s] INFO:colcon.colcon_core.plugin_system:Skipping extension 'colcon_notification.desktop_notification.notify_send': Could not find 'notify-send'
[1.192s] INFO:colcon.colcon_core.plugin_system:Skipping extension 'colcon_notification.desktop_notification.terminal_notifier': Not used on non-Darwin systems
[1.192s] INFO:colcon.colcon_core.plugin_system:Skipping extension 'colcon_notification.desktop_notification.win32': Not used on non-Windows systems
[1.192s] INFO:colcon.colcon_notification.desktop_notification:Sending desktop notification using 'notify2'
[1.193s] DEBUG:colcon.colcon_notification.desktop_notification.notify2:Failed to initialize notify2: org.freedesktop.DBus.Error.Spawn.ExecFailed: /usr/bin/dbus-launch terminated abnormally without any error message
[1.194s] DEBUG:colcon.colcon_core.event_reactor:joined thread
[1.194s] INFO:colcon.colcon_core.shell:Creating prefix script '/home/brian/neptr2_ws/install/local_setup.ps1'
[1.195s] INFO:colcon.colcon_core.shell:Creating prefix util module '/home/brian/neptr2_ws/install/_local_setup_util_ps1.py'
[1.196s] INFO:colcon.colcon_core.shell:Creating prefix chain script '/home/brian/neptr2_ws/install/setup.ps1'
[1.199s] INFO:colcon.colcon_core.shell:Creating prefix script '/home/brian/neptr2_ws/install/local_setup.sh'
[1.200s] INFO:colcon.colcon_core.shell:Creating prefix util module '/home/brian/neptr2_ws/install/_local_setup_util_sh.py'
[1.200s] INFO:colcon.colcon_core.shell:Creating prefix chain script '/home/brian/neptr2_ws/install/setup.sh'
[1.203s] INFO:colcon.colcon_core.shell:Creating prefix script '/home/brian/neptr2_ws/install/local_setup.bash'
[1.203s] INFO:colcon.colcon_core.shell:Creating prefix chain script '/home/brian/neptr2_ws/install/setup.bash'
[1.206s] INFO:colcon.colcon_core.shell:Creating prefix script '/home/brian/neptr2_ws/install/local_setup.zsh'
[1.207s] INFO:colcon.colcon_core.shell:Creating prefix chain script '/home/brian/neptr2_ws/install/setup.zsh'
