[0.186s] Invoking command in '/home/ws/build/ros_gz_example_gazebo': CMAKE_PREFIX_PATH=/home/ws/install/ros_gz_example_description:/home/ws/install/ros_gz_example_bringup:/home/ws/install/ros_gz_example_gazebo:/home/ws/install/ros_gz_example_application:/opt/ros/humble GZ_SIM_RESOURCE_PATH=/home/ws/install/ros_gz_example_description/share/ros_gz_example_description/models:${GZ_SIM_RESOURCE_PATH} /usr/bin/cmake --build /home/ws/build/ros_gz_example_gazebo -- -j12 -l12
[0.433s] [100%] Built target FullSystem
[0.438s] [100%] Built target BasicSystem
[0.476s] Invoked command in '/home/ws/build/ros_gz_example_gazebo' returned '0': CMAKE_PREFIX_PATH=/home/ws/install/ros_gz_example_description:/home/ws/install/ros_gz_example_bringup:/home/ws/install/ros_gz_example_gazebo:/home/ws/install/ros_gz_example_application:/opt/ros/humble GZ_SIM_RESOURCE_PATH=/home/ws/install/ros_gz_example_description/share/ros_gz_example_description/models:${GZ_SIM_RESOURCE_PATH} /usr/bin/cmake --build /home/ws/build/ros_gz_example_gazebo -- -j12 -l12
[0.499s] Invoking command in '/home/ws/build/ros_gz_example_gazebo': CMAKE_PREFIX_PATH=/home/ws/install/ros_gz_example_description:/home/ws/install/ros_gz_example_bringup:/home/ws/install/ros_gz_example_gazebo:/home/ws/install/ros_gz_example_application:/opt/ros/humble GZ_SIM_RESOURCE_PATH=/home/ws/install/ros_gz_example_description/share/ros_gz_example_description/models:${GZ_SIM_RESOURCE_PATH} /usr/bin/cmake --install /home/ws/build/ros_gz_example_gazebo
[0.511s] -- Install configuration: ""
[0.521s] -- Execute custom install script
[0.546s] -- Up-to-date symlink: /home/ws/install/ros_gz_example_gazebo/lib/ros_gz_example_gazebo/libBasicSystem.so
[0.570s] -- Up-to-date symlink: /home/ws/install/ros_gz_example_gazebo/lib/ros_gz_example_gazebo/libFullSystem.so
[0.615s] -- Up-to-date symlink: /home/ws/install/ros_gz_example_gazebo/share/ros_gz_example_gazebo/worlds/diff_drive.sdf
[0.645s] -- Up-to-date symlink: /home/ws/install/ros_gz_example_gazebo/share/ros_gz_example_gazebo/environment/ros_gz_example_gazebo.dsv
[0.673s] -- Up-to-date symlink: /home/ws/install/ros_gz_example_gazebo/share/ros_gz_example_gazebo/environment/ros_gz_example_gazebo.sh
[0.723s] -- Up-to-date symlink: /home/ws/install/ros_gz_example_gazebo/share/ament_index/resource_index/package_run_dependencies/ros_gz_example_gazebo
[0.773s] -- Up-to-date symlink: /home/ws/install/ros_gz_example_gazebo/share/ament_index/resource_index/parent_prefix_path/ros_gz_example_gazebo
[0.794s] -- Up-to-date symlink: /home/ws/install/ros_gz_example_gazebo/share/ros_gz_example_gazebo/environment/ament_prefix_path.sh
[0.815s] -- Up-to-date symlink: /home/ws/install/ros_gz_example_gazebo/share/ros_gz_example_gazebo/environment/ament_prefix_path.dsv
[0.833s] -- Up-to-date symlink: /home/ws/install/ros_gz_example_gazebo/share/ros_gz_example_gazebo/environment/path.sh
[0.854s] -- Up-to-date symlink: /home/ws/install/ros_gz_example_gazebo/share/ros_gz_example_gazebo/environment/path.dsv
[0.875s] -- Up-to-date symlink: /home/ws/install/ros_gz_example_gazebo/share/ros_gz_example_gazebo/local_setup.bash
[0.894s] -- Up-to-date symlink: /home/ws/install/ros_gz_example_gazebo/share/ros_gz_example_gazebo/local_setup.sh
[0.912s] -- Up-to-date symlink: /home/ws/install/ros_gz_example_gazebo/share/ros_gz_example_gazebo/local_setup.zsh
[0.931s] -- Up-to-date symlink: /home/ws/install/ros_gz_example_gazebo/share/ros_gz_example_gazebo/local_setup.dsv
[0.941s] -- Symlinking: /home/ws/install/ros_gz_example_gazebo/share/ros_gz_example_gazebo/package.dsv
[1.010s] -- Up-to-date symlink: /home/ws/install/ros_gz_example_gazebo/share/ament_index/resource_index/packages/ros_gz_example_gazebo
[1.032s] -- Up-to-date symlink: /home/ws/install/ros_gz_example_gazebo/share/ros_gz_example_gazebo/cmake/ros_gz_example_gazeboConfig.cmake
[1.051s] -- Up-to-date symlink: /home/ws/install/ros_gz_example_gazebo/share/ros_gz_example_gazebo/cmake/ros_gz_example_gazeboConfig-version.cmake
[1.071s] -- Up-to-date symlink: /home/ws/install/ros_gz_example_gazebo/share/ros_gz_example_gazebo/package.xml
[1.076s] Invoked command in '/home/ws/build/ros_gz_example_gazebo' returned '0': CMAKE_PREFIX_PATH=/home/ws/install/ros_gz_example_description:/home/ws/install/ros_gz_example_bringup:/home/ws/install/ros_gz_example_gazebo:/home/ws/install/ros_gz_example_application:/opt/ros/humble GZ_SIM_RESOURCE_PATH=/home/ws/install/ros_gz_example_description/share/ros_gz_example_description/models:${GZ_SIM_RESOURCE_PATH} /usr/bin/cmake --install /home/ws/build/ros_gz_example_gazebo
