[0.062s] Invoking command in '/home/ws/build/ros_gz_example_gazebo': AMENT_PREFIX_PATH=/home/ws/install/ros_gz_example_description:${AMENT_PREFIX_PATH} CMAKE_PREFIX_PATH=/home/ws/install/ros_gz_example_description:/opt/ros/humble GZ_SIM_RESOURCE_PATH=/home/ws/install/ros_gz_example_description/share/ros_gz_example_description/models /usr/bin/cmake /home/ws/ros_gz_example_gazebo -DBUILD_TESTING=ON -DCMAKE_INSTALL_PREFIX=/home/ws/install/ros_gz_example_gazebo
[0.106s] -- Found ament_cmake: 1.3.11 (/opt/ros/humble/share/ament_cmake/cmake)
[0.302s] -- Found ros_gz_example_description: 0.0.0 (/home/ws/install/ros_gz_example_description/share/ros_gz_example_description/cmake)
[0.445s] [31mCMake Error at CMakeLists.txt:14 (find_package):
[0.446s]   By not providing "Findgz-plugin2.cmake" in CMAKE_MODULE_PATH this project
[0.447s]   has asked CMake to find a package configuration file provided by
[0.448s]   "gz-plugin2", but CMake did not find one.
[0.448s] 
[0.449s]   Could not find a package configuration file provided by "gz-plugin2" with
[0.450s]   any of the following names:
[0.451s] 
[0.452s]     gz-plugin2Config.cmake
[0.453s]     gz-plugin2-config.cmake
[0.453s] 
[0.454s]   Add the installation prefix of "gz-plugin2" to CMAKE_PREFIX_PATH or set
[0.455s]   "gz-plugin2_DIR" to a directory containing one of the above files.  If
[0.456s]   "gz-plugin2" provides a separate development package or SDK, be sure it has
[0.456s]   been installed.
[0.458s] 
[0.459s] [0m
[0.459s] -- Configuring incomplete, errors occurred!
[0.460s] See also "/home/ws/build/ros_gz_example_gazebo/CMakeFiles/CMakeOutput.log".
[0.462s] Invoked command in '/home/ws/build/ros_gz_example_gazebo' returned '1': AMENT_PREFIX_PATH=/home/ws/install/ros_gz_example_description:${AMENT_PREFIX_PATH} CMAKE_PREFIX_PATH=/home/ws/install/ros_gz_example_description:/opt/ros/humble GZ_SIM_RESOURCE_PATH=/home/ws/install/ros_gz_example_description/share/ros_gz_example_description/models /usr/bin/cmake /home/ws/ros_gz_example_gazebo -DBUILD_TESTING=ON -DCMAKE_INSTALL_PREFIX=/home/ws/install/ros_gz_example_gazebo
