[0.164s] Invoking command in '/home/ws/build/ros_gz_example_gazebo': CMAKE_PREFIX_PATH=/home/ws/install/ros_gz_example_description:/home/ws/install/ros_gz_example_bringup:/home/ws/install/ros_gz_example_gazebo:/home/ws/install/ros_gz_example_application:/opt/ros/humble GZ_SIM_RESOURCE_PATH=/home/ws/install/ros_gz_example_description/share/ros_gz_example_description/models:${GZ_SIM_RESOURCE_PATH} /usr/bin/cmake --build /home/ws/build/ros_gz_example_gazebo -- -j12 -l12
[0.327s] [100%] Built target FullSystem
[0.328s] [100%] Built target BasicSystem
[0.360s] Invoked command in '/home/ws/build/ros_gz_example_gazebo' returned '0': CMAKE_PREFIX_PATH=/home/ws/install/ros_gz_example_description:/home/ws/install/ros_gz_example_bringup:/home/ws/install/ros_gz_example_gazebo:/home/ws/install/ros_gz_example_application:/opt/ros/humble GZ_SIM_RESOURCE_PATH=/home/ws/install/ros_gz_example_description/share/ros_gz_example_description/models:${GZ_SIM_RESOURCE_PATH} /usr/bin/cmake --build /home/ws/build/ros_gz_example_gazebo -- -j12 -l12
[0.380s] Invoking command in '/home/ws/build/ros_gz_example_gazebo': CMAKE_PREFIX_PATH=/home/ws/install/ros_gz_example_description:/home/ws/install/ros_gz_example_bringup:/home/ws/install/ros_gz_example_gazebo:/home/ws/install/ros_gz_example_application:/opt/ros/humble GZ_SIM_RESOURCE_PATH=/home/ws/install/ros_gz_example_description/share/ros_gz_example_description/models:${GZ_SIM_RESOURCE_PATH} /usr/bin/cmake --install /home/ws/build/ros_gz_example_gazebo
[0.389s] -- Install configuration: ""
[0.396s] -- Execute custom install script
[0.414s] -- Up-to-date symlink: /home/ws/install/ros_gz_example_gazebo/lib/ros_gz_example_gazebo/libBasicSystem.so
[0.428s] -- Up-to-date symlink: /home/ws/install/ros_gz_example_gazebo/lib/ros_gz_example_gazebo/libFullSystem.so
[0.460s] -- Up-to-date symlink: /home/ws/install/ros_gz_example_gazebo/share/ros_gz_example_gazebo/worlds/diff_drive.sdf
[0.479s] -- Up-to-date symlink: /home/ws/install/ros_gz_example_gazebo/share/ros_gz_example_gazebo/environment/ros_gz_example_gazebo.dsv
[0.499s] -- Up-to-date symlink: /home/ws/install/ros_gz_example_gazebo/share/ros_gz_example_gazebo/environment/ros_gz_example_gazebo.sh
[0.536s] -- Up-to-date symlink: /home/ws/install/ros_gz_example_gazebo/share/ament_index/resource_index/package_run_dependencies/ros_gz_example_gazebo
[0.691s] -- Up-to-date symlink: /home/ws/install/ros_gz_example_gazebo/share/ament_index/resource_index/parent_prefix_path/ros_gz_example_gazebo
[0.725s] -- Up-to-date symlink: /home/ws/install/ros_gz_example_gazebo/share/ros_gz_example_gazebo/environment/ament_prefix_path.sh
[0.750s] -- Up-to-date symlink: /home/ws/install/ros_gz_example_gazebo/share/ros_gz_example_gazebo/environment/ament_prefix_path.dsv
[0.773s] -- Up-to-date symlink: /home/ws/install/ros_gz_example_gazebo/share/ros_gz_example_gazebo/environment/path.sh
[0.796s] -- Up-to-date symlink: /home/ws/install/ros_gz_example_gazebo/share/ros_gz_example_gazebo/environment/path.dsv
[0.816s] -- Up-to-date symlink: /home/ws/install/ros_gz_example_gazebo/share/ros_gz_example_gazebo/local_setup.bash
[0.840s] -- Up-to-date symlink: /home/ws/install/ros_gz_example_gazebo/share/ros_gz_example_gazebo/local_setup.sh
[0.863s] -- Up-to-date symlink: /home/ws/install/ros_gz_example_gazebo/share/ros_gz_example_gazebo/local_setup.zsh
[0.885s] -- Up-to-date symlink: /home/ws/install/ros_gz_example_gazebo/share/ros_gz_example_gazebo/local_setup.dsv
[0.895s] -- Symlinking: /home/ws/install/ros_gz_example_gazebo/share/ros_gz_example_gazebo/package.dsv
[0.974s] -- Up-to-date symlink: /home/ws/install/ros_gz_example_gazebo/share/ament_index/resource_index/packages/ros_gz_example_gazebo
[0.997s] -- Up-to-date symlink: /home/ws/install/ros_gz_example_gazebo/share/ros_gz_example_gazebo/cmake/ros_gz_example_gazeboConfig.cmake
[1.017s] -- Up-to-date symlink: /home/ws/install/ros_gz_example_gazebo/share/ros_gz_example_gazebo/cmake/ros_gz_example_gazeboConfig-version.cmake
[1.035s] -- Up-to-date symlink: /home/ws/install/ros_gz_example_gazebo/share/ros_gz_example_gazebo/package.xml
[1.041s] Invoked command in '/home/ws/build/ros_gz_example_gazebo' returned '0': CMAKE_PREFIX_PATH=/home/ws/install/ros_gz_example_description:/home/ws/install/ros_gz_example_bringup:/home/ws/install/ros_gz_example_gazebo:/home/ws/install/ros_gz_example_application:/opt/ros/humble GZ_SIM_RESOURCE_PATH=/home/ws/install/ros_gz_example_description/share/ros_gz_example_description/models:${GZ_SIM_RESOURCE_PATH} /usr/bin/cmake --install /home/ws/build/ros_gz_example_gazebo
