[0.167s] Invoking command in '/home/ws/build/ros_gz_example_description': CMAKE_PREFIX_PATH=${CMAKE_PREFIX_PATH}:/opt/ros/humble /usr/bin/cmake --build /home/ws/build/ros_gz_example_description -- -j12 -l12
[0.246s] Invoked command in '/home/ws/build/ros_gz_example_description' returned '0': CMAKE_PREFIX_PATH=${CMAKE_PREFIX_PATH}:/opt/ros/humble /usr/bin/cmake --build /home/ws/build/ros_gz_example_description -- -j12 -l12
[0.269s] Invoking command in '/home/ws/build/ros_gz_example_description': CMAKE_PREFIX_PATH=${CMAKE_PREFIX_PATH}:/opt/ros/humble /usr/bin/cmake --install /home/ws/build/ros_gz_example_description
[0.278s] -- Install configuration: ""
[0.289s] -- Execute custom install script
[0.389s] -- Up-to-date symlink: /home/ws/install/ros_gz_example_description/share/ros_gz_example_description/models/neptr/meshes/foot.stl
[0.431s] -- Up-to-date symlink: /home/ws/install/ros_gz_example_description/share/ros_gz_example_description/models/neptr/meshes/foot_link.stl
[0.464s] -- Up-to-date symlink: /home/ws/install/ros_gz_example_description/share/ros_gz_example_description/models/neptr/meshes/knee.stl
[0.498s] -- Up-to-date symlink: /home/ws/install/ros_gz_example_description/share/ros_gz_example_description/models/neptr/meshes/thigh.stl
[0.527s] -- Up-to-date symlink: /home/ws/install/ros_gz_example_description/share/ros_gz_example_description/models/neptr/model.sdf
[0.561s] -- Up-to-date symlink: /home/ws/install/ros_gz_example_description/share/ros_gz_example_description/models/neptr/neptr.urdf
[0.590s] -- Up-to-date symlink: /home/ws/install/ros_gz_example_description/share/ros_gz_example_description/models/neptr/neptr.xacro
[0.610s] -- Up-to-date symlink: /home/ws/install/ros_gz_example_description/share/ros_gz_example_description/environment/ros_gz_example_description.dsv
[0.628s] -- Up-to-date symlink: /home/ws/install/ros_gz_example_description/share/ros_gz_example_description/environment/ros_gz_example_description.sh
[0.667s] -- Up-to-date symlink: /home/ws/install/ros_gz_example_description/share/ament_index/resource_index/package_run_dependencies/ros_gz_example_description
[0.703s] -- Up-to-date symlink: /home/ws/install/ros_gz_example_description/share/ament_index/resource_index/parent_prefix_path/ros_gz_example_description
[0.727s] -- Up-to-date symlink: /home/ws/install/ros_gz_example_description/share/ros_gz_example_description/environment/ament_prefix_path.sh
[0.760s] -- Up-to-date symlink: /home/ws/install/ros_gz_example_description/share/ros_gz_example_description/environment/ament_prefix_path.dsv
[0.783s] -- Up-to-date symlink: /home/ws/install/ros_gz_example_description/share/ros_gz_example_description/environment/path.sh
[0.807s] -- Up-to-date symlink: /home/ws/install/ros_gz_example_description/share/ros_gz_example_description/environment/path.dsv
[0.826s] -- Up-to-date symlink: /home/ws/install/ros_gz_example_description/share/ros_gz_example_description/local_setup.bash
[0.846s] -- Up-to-date symlink: /home/ws/install/ros_gz_example_description/share/ros_gz_example_description/local_setup.sh
[0.869s] -- Up-to-date symlink: /home/ws/install/ros_gz_example_description/share/ros_gz_example_description/local_setup.zsh
[0.885s] -- Up-to-date symlink: /home/ws/install/ros_gz_example_description/share/ros_gz_example_description/local_setup.dsv
[0.892s] -- Symlinking: /home/ws/install/ros_gz_example_description/share/ros_gz_example_description/package.dsv
[0.953s] -- Up-to-date symlink: /home/ws/install/ros_gz_example_description/share/ament_index/resource_index/packages/ros_gz_example_description
[0.970s] -- Up-to-date symlink: /home/ws/install/ros_gz_example_description/share/ros_gz_example_description/cmake/ros_gz_example_descriptionConfig.cmake
[0.987s] -- Up-to-date symlink: /home/ws/install/ros_gz_example_description/share/ros_gz_example_description/cmake/ros_gz_example_descriptionConfig-version.cmake
[1.001s] -- Up-to-date symlink: /home/ws/install/ros_gz_example_description/share/ros_gz_example_description/package.xml
[1.217s] Invoked command in '/home/ws/build/ros_gz_example_description' returned '0': CMAKE_PREFIX_PATH=${CMAKE_PREFIX_PATH}:/opt/ros/humble /usr/bin/cmake --install /home/ws/build/ros_gz_example_description
