[0.148s] Invoking command in '/home/ws/build/ros_gz_example_bringup': CMAKE_PREFIX_PATH=/home/ws/install/ros_gz_example_gazebo:/home/ws/install/ros_gz_example_description:/home/ws/install/ros_gz_example_bringup:/home/ws/install/ros_gz_example_application:/opt/ros/humble GZ_SIM_PLUGIN_PATH=/home/ws/install/ros_gz_example_gazebo/lib/ros_gz_example_gazebo GZ_SIM_RESOURCE_PATH=/home/ws/install/ros_gz_example_description/share/ros_gz_example_description/models:${GZ_SIM_RESOURCE_PATH} /usr/bin/cmake --build /home/ws/build/ros_gz_example_bringup -- -j12 -l12
[0.232s] Invoked command in '/home/ws/build/ros_gz_example_bringup' returned '0': CMAKE_PREFIX_PATH=/home/ws/install/ros_gz_example_gazebo:/home/ws/install/ros_gz_example_description:/home/ws/install/ros_gz_example_bringup:/home/ws/install/ros_gz_example_application:/opt/ros/humble GZ_SIM_PLUGIN_PATH=/home/ws/install/ros_gz_example_gazebo/lib/ros_gz_example_gazebo GZ_SIM_RESOURCE_PATH=/home/ws/install/ros_gz_example_description/share/ros_gz_example_description/models:${GZ_SIM_RESOURCE_PATH} /usr/bin/cmake --build /home/ws/build/ros_gz_example_bringup -- -j12 -l12
[0.248s] Invoking command in '/home/ws/build/ros_gz_example_bringup': CMAKE_PREFIX_PATH=/home/ws/install/ros_gz_example_gazebo:/home/ws/install/ros_gz_example_description:/home/ws/install/ros_gz_example_bringup:/home/ws/install/ros_gz_example_application:/opt/ros/humble GZ_SIM_PLUGIN_PATH=/home/ws/install/ros_gz_example_gazebo/lib/ros_gz_example_gazebo GZ_SIM_RESOURCE_PATH=/home/ws/install/ros_gz_example_description/share/ros_gz_example_description/models:${GZ_SIM_RESOURCE_PATH} /usr/bin/cmake --install /home/ws/build/ros_gz_example_bringup
[0.258s] -- Install configuration: ""
[0.264s] -- Up-to-date: /home/ws/install/ros_gz_example_bringup/share/ros_gz_example_bringup/launch
[0.304s] -- Installing: /home/ws/install/ros_gz_example_bringup/share/ros_gz_example_bringup/launch/neptr.launch.py
[0.373s] -- Up-to-date: /home/ws/install/ros_gz_example_bringup/share/ros_gz_example_bringup/config
[0.394s] -- Up-to-date: /home/ws/install/ros_gz_example_bringup/share/ros_gz_example_bringup/config/controller.yaml
[0.428s] -- Up-to-date: /home/ws/install/ros_gz_example_bringup/share/ros_gz_example_bringup/config/neptr.rviz
[0.460s] -- Installing: /home/ws/install/ros_gz_example_bringup/share/ros_gz_example_bringup/config/ros_gz_example_bridge.yaml
[0.561s] -- Up-to-date: /home/ws/install/ros_gz_example_bringup/share/ament_index/resource_index/package_run_dependencies/ros_gz_example_bringup
[0.592s] -- Up-to-date: /home/ws/install/ros_gz_example_bringup/share/ament_index/resource_index/parent_prefix_path/ros_gz_example_bringup
[0.606s] -- Up-to-date: /home/ws/install/ros_gz_example_bringup/share/ros_gz_example_bringup/environment/ament_prefix_path.sh
[0.622s] -- Up-to-date: /home/ws/install/ros_gz_example_bringup/share/ros_gz_example_bringup/environment/ament_prefix_path.dsv
[0.637s] -- Up-to-date: /home/ws/install/ros_gz_example_bringup/share/ros_gz_example_bringup/environment/path.sh
[0.654s] -- Up-to-date: /home/ws/install/ros_gz_example_bringup/share/ros_gz_example_bringup/environment/path.dsv
[0.674s] -- Up-to-date: /home/ws/install/ros_gz_example_bringup/share/ros_gz_example_bringup/local_setup.bash
[0.693s] -- Up-to-date: /home/ws/install/ros_gz_example_bringup/share/ros_gz_example_bringup/local_setup.sh
[0.710s] -- Up-to-date: /home/ws/install/ros_gz_example_bringup/share/ros_gz_example_bringup/local_setup.zsh
[0.727s] -- Up-to-date: /home/ws/install/ros_gz_example_bringup/share/ros_gz_example_bringup/local_setup.dsv
[0.742s] -- Installing: /home/ws/install/ros_gz_example_bringup/share/ros_gz_example_bringup/package.dsv
[0.808s] -- Up-to-date: /home/ws/install/ros_gz_example_bringup/share/ament_index/resource_index/packages/ros_gz_example_bringup
[0.835s] -- Up-to-date: /home/ws/install/ros_gz_example_bringup/share/ros_gz_example_bringup/cmake/ros_gz_example_bringupConfig.cmake
[0.854s] -- Up-to-date: /home/ws/install/ros_gz_example_bringup/share/ros_gz_example_bringup/cmake/ros_gz_example_bringupConfig-version.cmake
[0.872s] -- Up-to-date: /home/ws/install/ros_gz_example_bringup/share/ros_gz_example_bringup/package.xml
[0.883s] Invoked command in '/home/ws/build/ros_gz_example_bringup' returned '0': CMAKE_PREFIX_PATH=/home/ws/install/ros_gz_example_gazebo:/home/ws/install/ros_gz_example_description:/home/ws/install/ros_gz_example_bringup:/home/ws/install/ros_gz_example_application:/opt/ros/humble GZ_SIM_PLUGIN_PATH=/home/ws/install/ros_gz_example_gazebo/lib/ros_gz_example_gazebo GZ_SIM_RESOURCE_PATH=/home/ws/install/ros_gz_example_description/share/ros_gz_example_description/models:${GZ_SIM_RESOURCE_PATH} /usr/bin/cmake --install /home/ws/build/ros_gz_example_bringup
