[0.193s] Invoking command in '/home/ws/build/ros_gz_example_bringup': CMAKE_PREFIX_PATH=/home/ws/install/ros_gz_example_gazebo:/home/ws/install/ros_gz_example_description:/home/ws/install/ros_gz_example_bringup:/home/ws/install/ros_gz_example_application:/opt/ros/humble GZ_SIM_PLUGIN_PATH=/home/ws/install/ros_gz_example_gazebo/lib/ros_gz_example_gazebo GZ_SIM_RESOURCE_PATH=/home/ws/install/ros_gz_example_description/share/ros_gz_example_description/models:${GZ_SIM_RESOURCE_PATH} /usr/bin/cmake --build /home/ws/build/ros_gz_example_bringup -- -j12 -l12
[0.272s] Invoked command in '/home/ws/build/ros_gz_example_bringup' returned '0': CMAKE_PREFIX_PATH=/home/ws/install/ros_gz_example_gazebo:/home/ws/install/ros_gz_example_description:/home/ws/install/ros_gz_example_bringup:/home/ws/install/ros_gz_example_application:/opt/ros/humble GZ_SIM_PLUGIN_PATH=/home/ws/install/ros_gz_example_gazebo/lib/ros_gz_example_gazebo GZ_SIM_RESOURCE_PATH=/home/ws/install/ros_gz_example_description/share/ros_gz_example_description/models:${GZ_SIM_RESOURCE_PATH} /usr/bin/cmake --build /home/ws/build/ros_gz_example_bringup -- -j12 -l12
[0.293s] Invoking command in '/home/ws/build/ros_gz_example_bringup': CMAKE_PREFIX_PATH=/home/ws/install/ros_gz_example_gazebo:/home/ws/install/ros_gz_example_description:/home/ws/install/ros_gz_example_bringup:/home/ws/install/ros_gz_example_application:/opt/ros/humble GZ_SIM_PLUGIN_PATH=/home/ws/install/ros_gz_example_gazebo/lib/ros_gz_example_gazebo GZ_SIM_RESOURCE_PATH=/home/ws/install/ros_gz_example_description/share/ros_gz_example_description/models:${GZ_SIM_RESOURCE_PATH} /usr/bin/cmake --install /home/ws/build/ros_gz_example_bringup
[0.308s] -- Install configuration: ""
[0.315s] -- Up-to-date: /home/ws/install/ros_gz_example_bringup/share/ros_gz_example_bringup/launch
[0.348s] -- Installing: /home/ws/install/ros_gz_example_bringup/share/ros_gz_example_bringup/launch/neptr.launch.py
[0.409s] -- Up-to-date: /home/ws/install/ros_gz_example_bringup/share/ros_gz_example_bringup/config
[0.427s] -- Up-to-date: /home/ws/install/ros_gz_example_bringup/share/ros_gz_example_bringup/config/controller.yaml
[0.454s] -- Up-to-date: /home/ws/install/ros_gz_example_bringup/share/ros_gz_example_bringup/config/neptr.rviz
[0.468s] -- Up-to-date: /home/ws/install/ros_gz_example_bringup/share/ros_gz_example_bringup/config/ros_gz_example_bridge.yaml
[0.493s] -- Up-to-date: /home/ws/install/ros_gz_example_bringup/share/ament_index/resource_index/package_run_dependencies/ros_gz_example_bringup
[0.516s] -- Up-to-date: /home/ws/install/ros_gz_example_bringup/share/ament_index/resource_index/parent_prefix_path/ros_gz_example_bringup
[0.529s] -- Up-to-date: /home/ws/install/ros_gz_example_bringup/share/ros_gz_example_bringup/environment/ament_prefix_path.sh
[0.546s] -- Up-to-date: /home/ws/install/ros_gz_example_bringup/share/ros_gz_example_bringup/environment/ament_prefix_path.dsv
[0.559s] -- Up-to-date: /home/ws/install/ros_gz_example_bringup/share/ros_gz_example_bringup/environment/path.sh
[0.574s] -- Up-to-date: /home/ws/install/ros_gz_example_bringup/share/ros_gz_example_bringup/environment/path.dsv
[0.589s] -- Up-to-date: /home/ws/install/ros_gz_example_bringup/share/ros_gz_example_bringup/local_setup.bash
[0.603s] -- Up-to-date: /home/ws/install/ros_gz_example_bringup/share/ros_gz_example_bringup/local_setup.sh
[0.615s] -- Up-to-date: /home/ws/install/ros_gz_example_bringup/share/ros_gz_example_bringup/local_setup.zsh
[0.629s] -- Up-to-date: /home/ws/install/ros_gz_example_bringup/share/ros_gz_example_bringup/local_setup.dsv
[0.643s] -- Installing: /home/ws/install/ros_gz_example_bringup/share/ros_gz_example_bringup/package.dsv
[0.697s] -- Up-to-date: /home/ws/install/ros_gz_example_bringup/share/ament_index/resource_index/packages/ros_gz_example_bringup
[0.712s] -- Up-to-date: /home/ws/install/ros_gz_example_bringup/share/ros_gz_example_bringup/cmake/ros_gz_example_bringupConfig.cmake
[0.724s] -- Up-to-date: /home/ws/install/ros_gz_example_bringup/share/ros_gz_example_bringup/cmake/ros_gz_example_bringupConfig-version.cmake
[0.739s] -- Up-to-date: /home/ws/install/ros_gz_example_bringup/share/ros_gz_example_bringup/package.xml
[0.746s] Invoked command in '/home/ws/build/ros_gz_example_bringup' returned '0': CMAKE_PREFIX_PATH=/home/ws/install/ros_gz_example_gazebo:/home/ws/install/ros_gz_example_description:/home/ws/install/ros_gz_example_bringup:/home/ws/install/ros_gz_example_application:/opt/ros/humble GZ_SIM_PLUGIN_PATH=/home/ws/install/ros_gz_example_gazebo/lib/ros_gz_example_gazebo GZ_SIM_RESOURCE_PATH=/home/ws/install/ros_gz_example_description/share/ros_gz_example_description/models:${GZ_SIM_RESOURCE_PATH} /usr/bin/cmake --install /home/ws/build/ros_gz_example_bringup
