[0.159s] Invoking command in '/home/ws/build/ros_gz_example_application': CMAKE_PREFIX_PATH=${CMAKE_PREFIX_PATH}:/opt/ros/humble /usr/bin/cmake --build /home/ws/build/ros_gz_example_application -- -j12 -l12
[0.251s] Invoked command in '/home/ws/build/ros_gz_example_application' returned '0': CMAKE_PREFIX_PATH=${CMAKE_PREFIX_PATH}:/opt/ros/humble /usr/bin/cmake --build /home/ws/build/ros_gz_example_application -- -j12 -l12
[0.281s] Invoking command in '/home/ws/build/ros_gz_example_application': CMAKE_PREFIX_PATH=${CMAKE_PREFIX_PATH}:/opt/ros/humble /usr/bin/cmake --install /home/ws/build/ros_gz_example_application
[0.300s] -- Install configuration: ""
[0.310s] -- Execute custom install script
[0.362s] -- Up-to-date symlink: /home/ws/install/ros_gz_example_application/share/ament_index/resource_index/package_run_dependencies/ros_gz_example_application
[0.402s] -- Up-to-date symlink: /home/ws/install/ros_gz_example_application/share/ament_index/resource_index/parent_prefix_path/ros_gz_example_application
[0.417s] -- Up-to-date symlink: /home/ws/install/ros_gz_example_application/share/ros_gz_example_application/environment/ament_prefix_path.sh
[0.436s] -- Up-to-date symlink: /home/ws/install/ros_gz_example_application/share/ros_gz_example_application/environment/ament_prefix_path.dsv
[0.450s] -- Up-to-date symlink: /home/ws/install/ros_gz_example_application/share/ros_gz_example_application/environment/path.sh
[0.469s] -- Up-to-date symlink: /home/ws/install/ros_gz_example_application/share/ros_gz_example_application/environment/path.dsv
[0.484s] -- Up-to-date symlink: /home/ws/install/ros_gz_example_application/share/ros_gz_example_application/local_setup.bash
[0.501s] -- Up-to-date symlink: /home/ws/install/ros_gz_example_application/share/ros_gz_example_application/local_setup.sh
[0.516s] -- Up-to-date symlink: /home/ws/install/ros_gz_example_application/share/ros_gz_example_application/local_setup.zsh
[0.535s] -- Up-to-date symlink: /home/ws/install/ros_gz_example_application/share/ros_gz_example_application/local_setup.dsv
[0.544s] -- Symlinking: /home/ws/install/ros_gz_example_application/share/ros_gz_example_application/package.dsv
[0.612s] -- Up-to-date symlink: /home/ws/install/ros_gz_example_application/share/ament_index/resource_index/packages/ros_gz_example_application
[0.634s] -- Up-to-date symlink: /home/ws/install/ros_gz_example_application/share/ros_gz_example_application/cmake/ros_gz_example_applicationConfig.cmake
[0.655s] -- Up-to-date symlink: /home/ws/install/ros_gz_example_application/share/ros_gz_example_application/cmake/ros_gz_example_applicationConfig-version.cmake
[0.670s] -- Up-to-date symlink: /home/ws/install/ros_gz_example_application/share/ros_gz_example_application/package.xml
[0.675s] Invoked command in '/home/ws/build/ros_gz_example_application' returned '0': CMAKE_PREFIX_PATH=${CMAKE_PREFIX_PATH}:/opt/ros/humble /usr/bin/cmake --install /home/ws/build/ros_gz_example_application
