-- Found ament_cmake: 1.3.11 (/opt/ros/humble/share/ament_cmake/cmake)
-- Override CMake install command with custom implementation using symlinks instead of copying resources
-- Found ros_gz_example_description: 0.0.0 (/home/ws/install/ros_gz_example_description/share/ros_gz_example_description/cmake)
-- Looking for gz-plugin2 -- found version 2.0.3
-- Searching for dependencies of gz-plugin2
-- Looking for gz-utils2 -- found version 2.2.0
-- Searching for dependencies of gz-utils2
-- Searching for <gz-utils2> component [cli]
-- Looking for gz-utils2-cli -- found version 2.2.0
-- Searching for dependencies of gz-utils2-cli
-- Searching for <gz-plugin2> component [register]
-- Looking for gz-plugin2-register -- found version 2.0.3
-- Searching for dependencies of gz-plugin2-register
-- Looking for gz-common5 -- found version 5.7.0
-- Searching for dependencies of gz-common5
-- Looking for gz-utils2 -- found version 2.2.0
-- Looking for dlfcn.h - found
-- Looking for libdl - found
-- Checking for module 'uuid'
--   Found uuid, version 2.37.2
-- Searching for <gz-common5> component [profiler]
-- Looking for gz-common5-profiler -- found version 5.7.0
-- Searching for dependencies of gz-common5-profiler
-- Configuring incomplete, errors occurred!
See also "/home/ws/build/ros_gz_example_gazebo/CMakeFiles/CMakeOutput.log".
