[0.158s] Invoking command in '/home/ws/build/ros_gz_example_gazebo': CMAKE_PREFIX_PATH=/home/ws/install/ros_gz_example_description:/home/ws/install/ros_gz_example_bringup:/home/ws/install/ros_gz_example_gazebo:/home/ws/install/ros_gz_example_application:/opt/ros/humble GZ_SIM_RESOURCE_PATH=/home/ws/install/ros_gz_example_description/share/ros_gz_example_description/models:${GZ_SIM_RESOURCE_PATH} /usr/bin/cmake /home/ws/ros_gz_example_gazebo -DCMAKE_INSTALL_PREFIX=/home/ws/install/ros_gz_example_gazebo
[0.209s] -- Found ament_cmake: 1.3.11 (/opt/ros/humble/share/ament_cmake/cmake)
[0.362s] -- Override CMake install command with custom implementation using symlinks instead of copying resources
[0.469s] -- Found ros_gz_example_description: 0.0.0 (/home/ws/install/ros_gz_example_description/share/ros_gz_example_description/cmake)
[0.475s] -- Looking for gz-plugin2 -- found version 2.0.3
[0.476s] -- Searching for dependencies of gz-plugin2
[0.476s] -- Looking for gz-utils2 -- found version 2.2.0
[0.477s] -- Searching for dependencies of gz-utils2
[0.478s] -- Searching for <gz-utils2> component [cli]
[0.479s] -- Looking for gz-utils2-cli -- found version 2.2.0
[0.480s] -- Searching for dependencies of gz-utils2-cli
[0.481s] -- Searching for <gz-plugin2> component [register]
[0.482s] -- Looking for gz-plugin2-register -- found version 2.0.3
[0.483s] -- Searching for dependencies of gz-plugin2-register
[0.484s] -- Looking for gz-common5 -- found version 5.7.0
[0.484s] -- Searching for dependencies of gz-common5
[0.485s] -- Looking for gz-utils2 -- found version 2.2.0
[0.486s] -- Looking for dlfcn.h - found
[0.487s] -- Looking for libdl - found
[0.488s] -- Checking for module 'uuid'
[0.554s] --   Found uuid, version 2.37.2
[0.589s] -- Searching for <gz-common5> component [profiler]
[0.590s] -- Looking for gz-common5-profiler -- found version 5.7.0
[0.591s] -- Searching for dependencies of gz-common5-profiler
[0.813s] [31mCMake Error at CMakeLists.txt:26 (find_package):
[0.814s]   By not providing "Findgz-sim7.cmake" in CMAKE_MODULE_PATH this project has
[0.814s]   asked CMake to find a package configuration file provided by "gz-sim7", but
[0.815s]   CMake did not find one.
[0.817s] 
[0.818s]   Could not find a package configuration file provided by "gz-sim7" with any
[0.819s]   of the following names:
[0.819s] 
[0.820s]     gz-sim7Config.cmake
[0.821s]     gz-sim7-config.cmake
[0.822s] 
[0.823s]   Add the installation prefix of "gz-sim7" to CMAKE_PREFIX_PATH or set
[0.823s]   "gz-sim7_DIR" to a directory containing one of the above files.  If
[0.825s]   "gz-sim7" provides a separate development package or SDK, be sure it has
[0.826s]   been installed.
[0.826s] 
[0.827s] [0m
[0.828s] -- Configuring incomplete, errors occurred!
[0.829s] See also "/home/ws/build/ros_gz_example_gazebo/CMakeFiles/CMakeOutput.log".
[0.866s] Invoked command in '/home/ws/build/ros_gz_example_gazebo' returned '1': CMAKE_PREFIX_PATH=/home/ws/install/ros_gz_example_description:/home/ws/install/ros_gz_example_bringup:/home/ws/install/ros_gz_example_gazebo:/home/ws/install/ros_gz_example_application:/opt/ros/humble GZ_SIM_RESOURCE_PATH=/home/ws/install/ros_gz_example_description/share/ros_gz_example_description/models:${GZ_SIM_RESOURCE_PATH} /usr/bin/cmake /home/ws/ros_gz_example_gazebo -DCMAKE_INSTALL_PREFIX=/home/ws/install/ros_gz_example_gazebo
