[0.163s] Invoking command in '/home/ws/build/ros_gz_example_gazebo': CMAKE_PREFIX_PATH=/home/ws/install/ros_gz_example_description:/home/ws/install/ros_gz_example_bringup:/home/ws/install/ros_gz_example_gazebo:/home/ws/install/ros_gz_example_application:/opt/ros/humble GZ_SIM_RESOURCE_PATH=/home/ws/install/ros_gz_example_description/share/ros_gz_example_description/models:${GZ_SIM_RESOURCE_PATH} /usr/bin/cmake /home/ws/ros_gz_example_gazebo -DCMAKE_INSTALL_PREFIX=/home/ws/install/ros_gz_example_gazebo
[0.193s] -- Found ament_cmake: 1.3.11 (/opt/ros/humble/share/ament_cmake/cmake)
[0.350s] -- Override CMake install command with custom implementation using symlinks instead of copying resources
[0.452s] -- Found ros_gz_example_description: 0.0.0 (/home/ws/install/ros_gz_example_description/share/ros_gz_example_description/cmake)
[0.458s] -- Looking for gz-plugin2 -- found version 2.0.3
[0.458s] -- Searching for dependencies of gz-plugin2
[0.459s] -- Looking for gz-utils2 -- found version 2.2.0
[0.460s] -- Searching for dependencies of gz-utils2
[0.461s] -- Searching for <gz-utils2> component [cli]
[0.462s] -- Looking for gz-utils2-cli -- found version 2.2.0
[0.463s] -- Searching for dependencies of gz-utils2-cli
[0.464s] -- Searching for <gz-plugin2> component [register]
[0.465s] -- Looking for gz-plugin2-register -- found version 2.0.3
[0.465s] -- Searching for dependencies of gz-plugin2-register
[0.466s] -- Looking for gz-common5 -- found version 5.7.0
[0.467s] -- Searching for dependencies of gz-common5
[0.468s] -- Looking for gz-utils2 -- found version 2.2.0
[0.468s] -- Looking for dlfcn.h - found
[0.469s] -- Looking for libdl - found
[0.470s] -- Checking for module 'uuid'
[0.538s] --   Found uuid, version 2.37.2
[0.559s] -- Searching for <gz-common5> component [profiler]
[0.560s] -- Looking for gz-common5-profiler -- found version 5.7.0
[0.561s] -- Searching for dependencies of gz-common5-profiler
[0.718s] -- Looking for gz-sim7 -- found version 7.9.0
[0.718s] -- Searching for dependencies of gz-sim7
[0.719s] -- Looking for sdformat13 -- found version 13.9.0
[0.720s] -- Searching for dependencies of sdformat13
[0.723s] -- Checking for module 'tinyxml2'
[0.784s] --   Found tinyxml2, version 9.0.0
[0.808s] -- Looking for gz-math7 -- found version 7.5.1
[0.808s] -- Searching for dependencies of gz-math7
[0.809s] -- Looking for gz-utils2 -- found version 2.2.0
[0.811s] -- Looking for gz-utils2 -- found version 2.2.0
[0.812s] -- Looking for gz-plugin2 -- found version 2.0.3
[0.813s] -- Searching for dependencies of gz-plugin2
[0.814s] -- Looking for gz-utils2 -- found version 2.2.0
[0.815s] -- Searching for <gz-plugin2> component [loader]
[0.816s] -- Looking for gz-plugin2-loader -- found version 2.0.3
[0.817s] -- Searching for dependencies of gz-plugin2-loader
[0.817s] -- Searching for <gz-plugin2> component [register]
[0.818s] -- Looking for gz-transport12 -- found version 12.2.2
[0.819s] -- Searching for dependencies of gz-transport12
[1.194s] -- Config-file not installed for ZeroMQ -- checking for pkg-config
[1.199s] -- Checking for module 'libzmq >= 4'
[1.281s] --   Found libzmq , version 4.3.4
[1.318s] -- Looking for gz-utils2 -- found version 2.2.0
[1.319s] -- Looking for gz-msgs9 -- found version 9.5.1
[1.320s] -- Searching for dependencies of gz-msgs9
[1.527s] -- Looking for gz-math7 -- found version 7.5.1
[1.535s] -- Searching for <gz-transport12> component [log]
[1.536s] -- Looking for gz-transport12-log -- found version 12.2.2
[1.537s] -- Searching for dependencies of gz-transport12-log
[1.538s] -- Searching for <gz-transport12> component [parameters]
[1.539s] -- Looking for gz-transport12-parameters -- found version 12.2.2
[1.540s] -- Searching for dependencies of gz-transport12-parameters
[1.540s] -- Looking for gz-msgs9 -- found version 9.5.1
[1.541s] -- Looking for gz-common5 -- found version 5.7.0
[1.542s] -- Searching for dependencies of gz-common5
[1.543s] -- Looking for gz-utils2 -- found version 2.2.0
[1.544s] -- Looking for dlfcn.h - found
[1.545s] -- Looking for libdl - found
[1.548s] -- Searching for <gz-common5> component [profiler]
[1.549s] -- Searching for <gz-common5> component [events]
[1.550s] -- Looking for gz-common5-events -- found version 5.7.0
[1.552s] -- Searching for dependencies of gz-common5-events
[1.553s] -- Looking for gz-math7 -- found version 7.5.1
[1.554s] -- Searching for <gz-common5> component [av]
[1.555s] -- Looking for gz-common5-av -- found version 5.7.0
[1.556s] -- Searching for dependencies of gz-common5-av
[1.559s] -- Checking for module 'libswscale'
[1.632s] --   Found libswscale, version 5.9.100
[1.664s] -- Checking for module 'libavdevice >= 56.4.100'
[1.731s] --   Found libavdevice , version 58.13.100
[1.764s] -- Checking for module 'libavformat'
[1.837s] --   Found libavformat, version 58.76.100
[1.870s] -- Checking for module 'libavcodec'
[1.937s] --   Found libavcodec, version 58.134.100
[1.967s] -- Checking for module 'libavutil'
[2.052s] --   Found libavutil, version 56.70.100
[2.081s] -- Searching for <gz-common5> component [io]
[2.082s] -- Looking for gz-common5-io -- found version 5.7.0
[2.084s] -- Searching for dependencies of gz-common5-io
[2.085s] -- Looking for gz-fuel_tools8 -- found version 8.2.0
[2.086s] -- Searching for dependencies of gz-fuel_tools8
[2.412s] -- Checking for module 'jsoncpp'
[2.486s] --   Found jsoncpp, version 1.9.5
[2.515s] -- Checking for module 'libzip'
[2.581s] --   Found libzip, version 1.7.3
[2.605s] -- Looking for gz-utils2 -- found version 2.2.0
[2.606s] -- Looking for gz-common5 -- found version 5.7.0
[2.607s] -- Searching for dependencies of gz-common5
[2.607s] -- Looking for gz-utils2 -- found version 2.2.0
[2.608s] -- Looking for dlfcn.h - found
[2.609s] -- Looking for libdl - found
[2.614s] -- Searching for <gz-common5> component [testing]
[2.614s] -- Looking for gz-common5-testing -- found version 5.7.0
[2.615s] -- Searching for dependencies of gz-common5-testing
[2.616s] -- Looking for gz-math7 -- found version 7.5.1
[2.617s] -- Looking for gz-msgs9 -- found version 9.5.1
[2.617s] -- Looking for gz-gui7 -- found version 7.2.2
[2.618s] -- Searching for dependencies of gz-gui7
[2.803s] -- Looking for gz-utils2 -- found version 2.2.0
[2.804s] -- Looking for gz-math7 -- found version 7.5.1
[2.805s] -- Looking for gz-common5 -- found version 5.7.0
[2.806s] -- Looking for gz-plugin2 -- found version 2.0.3
[2.806s] -- Looking for gz-transport12 -- found version 12.2.2
[2.807s] -- Looking for gz-rendering7 -- found version 7.5.0
[2.808s] -- Searching for dependencies of gz-rendering7
[2.809s] -- Looking for gz-math7 -- found version 7.5.1
[2.809s] -- Searching for dependencies of gz-math7
[2.810s] -- Looking for gz-utils2 -- found version 2.2.0
[2.811s] -- Searching for <gz-math7> component [eigen3]
[2.812s] -- Looking for gz-math7-eigen3 -- found version 7.5.1
[2.813s] -- Searching for dependencies of gz-math7-eigen3
[2.814s] -- Looking for gz-common5 -- found version 5.7.0
[2.814s] -- Searching for dependencies of gz-common5
[2.815s] -- Looking for gz-utils2 -- found version 2.2.0
[2.816s] -- Looking for dlfcn.h - found
[2.817s] -- Looking for libdl - found
[2.818s] -- Searching for <gz-common5> component [graphics]
[2.819s] -- Looking for gz-common5-graphics -- found version 5.7.0
[2.820s] -- Searching for dependencies of gz-common5-graphics
[2.821s] -- Looking for gz-math7 -- found version 7.5.1
[2.824s] -- Searching for <gz-common5> component [events]
[2.825s] -- Searching for <gz-common5> component [geospatial]
[2.826s] -- Looking for gz-common5-geospatial -- found version 5.7.0
[2.827s] -- Searching for dependencies of gz-common5-geospatial
[2.827s] -- Looking for gz-math7 -- found version 7.5.1
[2.828s] -- Looking for gz-common5 -- found version 5.7.0
[2.829s] -- Looking for gz-plugin2 -- found version 2.0.3
[2.830s] -- Searching for dependencies of gz-plugin2
[2.831s] -- Looking for gz-utils2 -- found version 2.2.0
[2.832s] -- Searching for <gz-plugin2> component [all]
[2.832s] -- Looking for all libraries of gz-plugin2 -- found version 2.0.3
[2.834s] -- Looking for gz-plugin2 -- found version 2.0.3
[2.835s] -- Looking for gz-utils2 -- found version 2.2.0
[2.847s] -- Looking for gz-msgs9 -- found version 9.5.1
[2.898s] -- Looking for gz-physics6 -- found version 6.7.0
[2.898s] -- Searching for dependencies of gz-physics6
[2.899s] -- Looking for gz-common5 -- found version 5.7.0
[2.900s] -- Looking for gz-math7 -- found version 7.5.1
[2.900s] -- Looking for gz-plugin2 -- found version 2.0.3
[2.901s] -- Looking for gz-utils2 -- found version 2.2.0
[2.901s] -- Searching for <gz-physics6> component [heightmap]
[2.902s] -- Looking for gz-physics6-heightmap -- found version 6.7.0
[2.903s] -- Searching for dependencies of gz-physics6-heightmap
[2.903s] -- Looking for gz-common5 -- found version 5.7.0
[2.904s] -- Searching for <gz-physics6> component [mesh]
[2.905s] -- Looking for gz-physics6-mesh -- found version 6.7.0
[2.905s] -- Searching for dependencies of gz-physics6-mesh
[2.906s] -- Looking for gz-common5 -- found version 5.7.0
[2.906s] -- Searching for <gz-physics6> component [sdf]
[2.907s] -- Looking for gz-physics6-sdf -- found version 6.7.0
[2.908s] -- Searching for dependencies of gz-physics6-sdf
[2.908s] -- Looking for sdformat13 -- found version 13.9.0
[2.909s] -- Looking for gz-sensors7 -- found version 7.3.1
[2.910s] -- Searching for dependencies of gz-sensors7
[3.097s] -- Looking for gz-math7 -- found version 7.5.1
[3.098s] -- Looking for gz-common5 -- found version 5.7.0
[3.099s] -- Looking for gz-transport12 -- found version 12.2.2
[3.100s] -- Looking for gz-rendering7 -- found version 7.5.0
[3.101s] -- Looking for gz-msgs9 -- found version 9.5.1
[3.102s] -- Looking for sdformat13 -- found version 13.9.0
[3.103s] -- Searching for <gz-sensors7> component [air_pressure]
[3.104s] -- Looking for gz-sensors7-air_pressure -- found version 7.3.1
[3.105s] -- Searching for dependencies of gz-sensors7-air_pressure
[3.106s] -- Searching for <gz-sensors7> component [air_speed]
[3.107s] -- Looking for gz-sensors7-air_speed -- found version 7.3.1
[3.108s] -- Searching for dependencies of gz-sensors7-air_speed
[3.109s] -- Searching for <gz-sensors7> component [altimeter]
[3.109s] -- Looking for gz-sensors7-altimeter -- found version 7.3.1
[3.110s] -- Searching for dependencies of gz-sensors7-altimeter
[3.110s] -- Searching for <gz-sensors7> component [imu]
[3.111s] -- Looking for gz-sensors7-imu -- found version 7.3.1
[3.112s] -- Searching for dependencies of gz-sensors7-imu
[3.112s] -- Searching for <gz-sensors7> component [force_torque]
[3.113s] -- Looking for gz-sensors7-force_torque -- found version 7.3.1
[3.113s] -- Searching for dependencies of gz-sensors7-force_torque
[3.114s] -- Searching for <gz-sensors7> component [logical_camera]
[3.115s] -- Looking for gz-sensors7-logical_camera -- found version 7.3.1
[3.115s] -- Searching for dependencies of gz-sensors7-logical_camera
[3.116s] -- Searching for <gz-sensors7> component [magnetometer]
[3.117s] -- Looking for gz-sensors7-magnetometer -- found version 7.3.1
[3.117s] -- Searching for dependencies of gz-sensors7-magnetometer
[3.118s] -- Searching for <gz-sensors7> component [navsat]
[3.120s] -- Looking for gz-sensors7-navsat -- found version 7.3.1
[3.121s] -- Searching for dependencies of gz-sensors7-navsat
[3.122s] -- Searching for <gz-sensors7> component [rendering]
[3.123s] -- Looking for gz-sensors7-rendering -- found version 7.3.1
[3.124s] -- Searching for dependencies of gz-sensors7-rendering
[3.125s] -- Searching for <gz-sensors7> component [lidar]
[3.126s] -- Looking for gz-sensors7-lidar -- found version 7.3.1
[3.127s] -- Searching for dependencies of gz-sensors7-lidar
[3.128s] -- Looking for gz-sensors7 -- found version 7.3.1
[3.129s] -- Searching for <gz-sensors7> component [gpu_lidar]
[3.130s] -- Looking for gz-sensors7-gpu_lidar -- found version 7.3.1
[3.131s] -- Searching for dependencies of gz-sensors7-gpu_lidar
[3.132s] -- Looking for gz-sensors7 -- found version 7.3.1
[3.133s] -- Searching for <gz-sensors7> component [camera]
[3.134s] -- Looking for gz-sensors7-camera -- found version 7.3.1
[3.135s] -- Searching for dependencies of gz-sensors7-camera
[3.136s] -- Looking for gz-sensors7 -- found version 7.3.1
[3.138s] -- Searching for <gz-sensors7> component [boundingbox_camera]
[3.139s] -- Looking for gz-sensors7-boundingbox_camera -- found version 7.3.1
[3.140s] -- Searching for dependencies of gz-sensors7-boundingbox_camera
[3.141s] -- Searching for <gz-sensors7> component [segmentation_camera]
[3.142s] -- Looking for gz-sensors7-segmentation_camera -- found version 7.3.1
[3.143s] -- Searching for dependencies of gz-sensors7-segmentation_camera
[3.143s] -- Searching for <gz-sensors7> component [depth_camera]
[3.144s] -- Looking for gz-sensors7-depth_camera -- found version 7.3.1
[3.145s] -- Searching for dependencies of gz-sensors7-depth_camera
[3.146s] -- Looking for gz-sensors7 -- found version 7.3.1
[3.146s] -- Searching for <gz-sensors7> component [rgbd_camera]
[3.147s] -- Looking for gz-sensors7-rgbd_camera -- found version 7.3.1
[3.148s] -- Searching for dependencies of gz-sensors7-rgbd_camera
[3.149s] -- Looking for gz-sensors7 -- found version 7.3.1
[3.150s] -- Searching for <gz-sensors7> component [thermal_camera]
[3.151s] -- Looking for gz-sensors7-thermal_camera -- found version 7.3.1
[3.151s] -- Searching for dependencies of gz-sensors7-thermal_camera
[3.152s] -- Looking for gz-sensors7 -- found version 7.3.1
[3.153s] -- Searching for <gz-sensors7> component [wide_angle_camera]
[3.153s] -- Looking for gz-sensors7-wide_angle_camera -- found version 7.3.1
[3.154s] -- Searching for dependencies of gz-sensors7-wide_angle_camera
[3.155s] -- Looking for gz-rendering7 -- found version 7.5.0
[3.156s] -- Looking for gz-math7 -- found version 7.5.1
[3.156s] -- Looking for gz-utils2 -- found version 2.2.0
[3.324s] -- Compiling against Gazebo Garden
[3.341s] -- Found ament_lint_auto: 0.12.11 (/opt/ros/humble/share/ament_lint_auto/cmake)
[3.799s] -- Configuring done
[4.258s] -- Generating done
[4.513s] -- Build files have been written to: /home/ws/build/ros_gz_example_gazebo
[4.526s] Invoked command in '/home/ws/build/ros_gz_example_gazebo' returned '0': CMAKE_PREFIX_PATH=/home/ws/install/ros_gz_example_description:/home/ws/install/ros_gz_example_bringup:/home/ws/install/ros_gz_example_gazebo:/home/ws/install/ros_gz_example_application:/opt/ros/humble GZ_SIM_RESOURCE_PATH=/home/ws/install/ros_gz_example_description/share/ros_gz_example_description/models:${GZ_SIM_RESOURCE_PATH} /usr/bin/cmake /home/ws/ros_gz_example_gazebo -DCMAKE_INSTALL_PREFIX=/home/ws/install/ros_gz_example_gazebo
[4.544s] Invoking command in '/home/ws/build/ros_gz_example_gazebo': CMAKE_PREFIX_PATH=/home/ws/install/ros_gz_example_description:/home/ws/install/ros_gz_example_bringup:/home/ws/install/ros_gz_example_gazebo:/home/ws/install/ros_gz_example_application:/opt/ros/humble GZ_SIM_RESOURCE_PATH=/home/ws/install/ros_gz_example_description/share/ros_gz_example_description/models:${GZ_SIM_RESOURCE_PATH} /usr/bin/cmake --build /home/ws/build/ros_gz_example_gazebo -- -j12 -l12
[4.674s] [35m[1mConsolidate compiler generated dependencies of target FullSystem[0m
[4.675s] [35m[1mConsolidate compiler generated dependencies of target BasicSystem[0m
[4.952s] [100%] Built target FullSystem
[4.954s] [100%] Built target BasicSystem
[4.986s] Invoked command in '/home/ws/build/ros_gz_example_gazebo' returned '0': CMAKE_PREFIX_PATH=/home/ws/install/ros_gz_example_description:/home/ws/install/ros_gz_example_bringup:/home/ws/install/ros_gz_example_gazebo:/home/ws/install/ros_gz_example_application:/opt/ros/humble GZ_SIM_RESOURCE_PATH=/home/ws/install/ros_gz_example_description/share/ros_gz_example_description/models:${GZ_SIM_RESOURCE_PATH} /usr/bin/cmake --build /home/ws/build/ros_gz_example_gazebo -- -j12 -l12
[5.003s] Invoking command in '/home/ws/build/ros_gz_example_gazebo': CMAKE_PREFIX_PATH=/home/ws/install/ros_gz_example_description:/home/ws/install/ros_gz_example_bringup:/home/ws/install/ros_gz_example_gazebo:/home/ws/install/ros_gz_example_application:/opt/ros/humble GZ_SIM_RESOURCE_PATH=/home/ws/install/ros_gz_example_description/share/ros_gz_example_description/models:${GZ_SIM_RESOURCE_PATH} /usr/bin/cmake --install /home/ws/build/ros_gz_example_gazebo
[5.012s] -- Install configuration: ""
[5.019s] -- Execute custom install script
[5.033s] -- Symlinking: /home/ws/install/ros_gz_example_gazebo/lib/ros_gz_example_gazebo/libBasicSystem.so
[5.069s] -- Symlinking: /home/ws/install/ros_gz_example_gazebo/lib/ros_gz_example_gazebo/libFullSystem.so
[5.115s] -- Symlinking: /home/ws/install/ros_gz_example_gazebo/share/ros_gz_example_gazebo/worlds/diff_drive.sdf
[5.156s] -- Symlinking: /home/ws/install/ros_gz_example_gazebo/share/ros_gz_example_gazebo/environment/ros_gz_example_gazebo.dsv
[5.197s] -- Symlinking: /home/ws/install/ros_gz_example_gazebo/share/ros_gz_example_gazebo/environment/ros_gz_example_gazebo.sh
[5.240s] -- Symlinking: /home/ws/install/ros_gz_example_gazebo/share/ament_index/resource_index/package_run_dependencies/ros_gz_example_gazebo
[5.287s] -- Symlinking: /home/ws/install/ros_gz_example_gazebo/share/ament_index/resource_index/parent_prefix_path/ros_gz_example_gazebo
[5.329s] -- Symlinking: /home/ws/install/ros_gz_example_gazebo/share/ros_gz_example_gazebo/environment/ament_prefix_path.sh
[5.369s] -- Symlinking: /home/ws/install/ros_gz_example_gazebo/share/ros_gz_example_gazebo/environment/ament_prefix_path.dsv
[5.409s] -- Symlinking: /home/ws/install/ros_gz_example_gazebo/share/ros_gz_example_gazebo/environment/path.sh
[5.474s] -- Symlinking: /home/ws/install/ros_gz_example_gazebo/share/ros_gz_example_gazebo/environment/path.dsv
[5.541s] -- Symlinking: /home/ws/install/ros_gz_example_gazebo/share/ros_gz_example_gazebo/local_setup.bash
[5.578s] -- Symlinking: /home/ws/install/ros_gz_example_gazebo/share/ros_gz_example_gazebo/local_setup.sh
[5.612s] -- Symlinking: /home/ws/install/ros_gz_example_gazebo/share/ros_gz_example_gazebo/local_setup.zsh
[5.649s] -- Symlinking: /home/ws/install/ros_gz_example_gazebo/share/ros_gz_example_gazebo/local_setup.dsv
[5.684s] -- Symlinking: /home/ws/install/ros_gz_example_gazebo/share/ros_gz_example_gazebo/package.dsv
[5.721s] -- Symlinking: /home/ws/install/ros_gz_example_gazebo/share/ament_index/resource_index/packages/ros_gz_example_gazebo
[5.770s] -- Symlinking: /home/ws/install/ros_gz_example_gazebo/share/ros_gz_example_gazebo/cmake/ros_gz_example_gazeboConfig.cmake
[5.806s] -- Symlinking: /home/ws/install/ros_gz_example_gazebo/share/ros_gz_example_gazebo/cmake/ros_gz_example_gazeboConfig-version.cmake
[5.847s] -- Symlinking: /home/ws/install/ros_gz_example_gazebo/share/ros_gz_example_gazebo/package.xml
[5.877s] Invoked command in '/home/ws/build/ros_gz_example_gazebo' returned '0': CMAKE_PREFIX_PATH=/home/ws/install/ros_gz_example_description:/home/ws/install/ros_gz_example_bringup:/home/ws/install/ros_gz_example_gazebo:/home/ws/install/ros_gz_example_application:/opt/ros/humble GZ_SIM_RESOURCE_PATH=/home/ws/install/ros_gz_example_description/share/ros_gz_example_description/models:${GZ_SIM_RESOURCE_PATH} /usr/bin/cmake --install /home/ws/build/ros_gz_example_gazebo
